2025-12-20 07:07:44,307 - EyeRemoteControl - DEBUG - Searching for available camera devices...
2025-12-20 07:07:45,108 - EyeRemoteControl - DEBUG - Found available camera at device ID: 2
2025-12-20 07:07:45,109 - EyeRemoteControl - DEBUG - Starting camera capture on device ID: 2
2025-12-20 07:07:46,353 - EyeRemoteControl - DEBUG - Command detected: pause
2025-12-20 07:07:53,395 - EyeRemoteControl - DEBUG - Command detected: play
2025-12-20 07:07:54,212 - EyeRemoteControl - DEBUG - Attempting to load video: /home/pi/eye-remote-control/assets/oceans.mp4
2025-12-20 07:07:54,311 - EyeRemoteControl - DEBUG - Successfully loaded video: /home/pi/eye-remote-control/assets/oceans.mp4, total frames: 1116
2025-12-20 07:07:55,714 - EyeRemoteControl - DEBUG - Command detected: pause
2025-12-20 07:07:55,719 - EyeRemoteControl - DEBUG - Pausing playback for video: /home/pi/eye-remote-control/assets/oceans.mp4
2025-12-20 07:07:58,510 - EyeRemoteControl - DEBUG - Command detected: play
2025-12-20 07:08:02,889 - EyeRemoteControl - DEBUG - Command detected: pause
2025-12-20 07:08:02,894 - EyeRemoteControl - DEBUG - Pausing playback for video: /home/pi/eye-remote-control/assets/oceans.mp4
2025-12-20 07:08:02,901 - EyeRemoteControl - DEBUG - Playback paused, waiting...
2025-12-20 07:08:03,006 - EyeRemoteControl - DEBUG - Playback paused, waiting...
2025-12-20 07:08:03,108 - EyeRemoteControl - DEBUG - Playback paused, waiting...
2025-12-20 07:08:03,211 - EyeRemoteControl - DEBUG - Playback paused, waiting...
2025-12-20 07:08:03,312 - EyeRemoteControl - DEBUG - Playback paused, waiting...
2025-12-20 07:08:03,416 - EyeRemoteControl - DEBUG - Playback paused, waiting...
2025-12-20 07:08:03,517 - EyeRemoteControl - DEBUG - Playback paused, waiting...
2025-12-20 07:08:03,623 - EyeRemoteControl - DEBUG - Playback paused, waiting...
2025-12-20 07:08:03,723 - EyeRemoteControl - DEBUG - Playback paused, waiting...
2025-12-20 07:08:03,825 - EyeRemoteControl - DEBUG - Playback paused, waiting...
2025-12-20 07:08:03,926 - EyeRemoteControl - DEBUG - Playback paused, waiting...
2025-12-20 07:08:04,027 - EyeRemoteControl - DEBUG - Playback paused, waiting...
2025-12-20 07:08:04,128 - EyeRemoteControl - DEBUG - Playback paused, waiting...
2025-12-20 07:08:04,228 - EyeRemoteControl - DEBUG - Playback paused, waiting...
2025-12-20 07:08:04,329 - EyeRemoteControl - DEBUG - Playback paused, waiting...
2025-12-20 07:08:04,431 - EyeRemoteControl - DEBUG - Playback paused, waiting...
2025-12-20 07:08:04,478 - EyeRemoteControl - DEBUG - Command detected: play
2025-12-20 07:08:15,815 - EyeRemoteControl - DEBUG - Command detected: pause
2025-12-20 07:08:15,818 - EyeRemoteControl - DEBUG - Pausing playback for video: /home/pi/eye-remote-control/assets/oceans.mp4
2025-12-20 07:08:15,834 - EyeRemoteControl - DEBUG - Playback paused, waiting...
2025-12-20 07:08:15,935 - EyeRemoteControl - DEBUG - Playback paused, waiting...
2025-12-20 07:08:16,036 - EyeRemoteControl - DEBUG - Playback paused, waiting...
2025-12-20 07:08:16,141 - EyeRemoteControl - DEBUG - Playback paused, waiting...
2025-12-20 07:08:16,247 - EyeRemoteControl - DEBUG - Playback paused, waiting...
2025-12-20 07:08:16,347 - EyeRemoteControl - DEBUG - Playback paused, waiting...
2025-12-20 07:08:16,448 - EyeRemoteControl - DEBUG - Playback paused, waiting...
2025-12-20 07:08:16,549 - EyeRemoteControl - DEBUG - Playback paused, waiting...
2025-12-20 07:08:16,650 - EyeRemoteControl - DEBUG - Playback paused, waiting...
2025-12-20 07:08:16,754 - EyeRemoteControl - DEBUG - Playback paused, waiting...
2025-12-20 07:08:16,854 - EyeRemoteControl - DEBUG - Playback paused, waiting...
2025-12-20 07:08:16,955 - EyeRemoteControl - DEBUG - Playback paused, waiting...
2025-12-20 07:08:17,056 - EyeRemoteControl - DEBUG - Playback paused, waiting...
2025-12-20 07:08:17,157 - EyeRemoteControl - DEBUG - Playback paused, waiting...
2025-12-20 07:08:17,261 - EyeRemoteControl - DEBUG - Playback paused, waiting...
2025-12-20 07:08:17,363 - EyeRemoteControl - DEBUG - Playback paused, waiting...
2025-12-20 07:08:17,465 - EyeRemoteControl - DEBUG - Playback paused, waiting...
2025-12-20 07:08:17,566 - EyeRemoteControl - DEBUG - Playback paused, waiting...
2025-12-20 07:08:17,667 - EyeRemoteControl - DEBUG - Playback paused, waiting...
2025-12-20 07:08:17,768 - EyeRemoteControl - DEBUG - Playback paused, waiting...
2025-12-20 07:08:17,871 - EyeRemoteControl - DEBUG - Playback paused, waiting...
2025-12-20 07:08:17,974 - EyeRemoteControl - DEBUG - Playback paused, waiting...
2025-12-20 07:08:18,077 - EyeRemoteControl - DEBUG - Playback paused, waiting...
2025-12-20 07:08:18,185 - EyeRemoteControl - DEBUG - Playback paused, waiting...
2025-12-20 07:08:18,286 - EyeRemoteControl - DEBUG - Playback paused, waiting...
2025-12-20 07:08:18,386 - EyeRemoteControl - DEBUG - Playback paused, waiting...
2025-12-20 07:08:18,487 - EyeRemoteControl - DEBUG - Playback paused, waiting...
2025-12-20 07:08:18,588 - EyeRemoteControl - DEBUG - Playback paused, waiting...
2025-12-20 07:08:18,691 - EyeRemoteControl - DEBUG - Playback paused, waiting...
2025-12-20 07:08:18,791 - EyeRemoteControl - DEBUG - Playback paused, waiting...
2025-12-20 07:08:18,892 - EyeRemoteControl - DEBUG - Playback paused, waiting...
2025-12-20 07:08:18,997 - EyeRemoteControl - DEBUG - Playback paused, waiting...
2025-12-20 07:08:19,106 - EyeRemoteControl - DEBUG - Playback paused, waiting...
2025-12-20 07:08:19,207 - EyeRemoteControl - DEBUG - Playback paused, waiting...
2025-12-20 07:08:19,311 - EyeRemoteControl - DEBUG - Playback paused, waiting...
2025-12-20 07:08:19,412 - EyeRemoteControl - DEBUG - Playback paused, waiting...
2025-12-20 07:08:19,523 - EyeRemoteControl - DEBUG - Playback paused, waiting...
2025-12-20 07:08:19,626 - EyeRemoteControl - DEBUG - Playback paused, waiting...
2025-12-20 07:08:19,727 - EyeRemoteControl - DEBUG - Playback paused, waiting...
2025-12-20 07:08:19,836 - EyeRemoteControl - DEBUG - Playback paused, waiting...
2025-12-20 07:08:19,940 - EyeRemoteControl - DEBUG - Playback paused, waiting...
2025-12-20 07:08:20,041 - EyeRemoteControl - DEBUG - Playback paused, waiting...
2025-12-20 07:08:20,144 - EyeRemoteControl - DEBUG - Playback paused, waiting...
2025-12-20 07:08:20,244 - EyeRemoteControl - DEBUG - Playback paused, waiting...
2025-12-20 07:08:20,346 - EyeRemoteControl - DEBUG - Playback paused, waiting...
2025-12-20 07:08:20,450 - EyeRemoteControl - DEBUG - Playback paused, waiting...
2025-12-20 07:08:20,553 - EyeRemoteControl - DEBUG - Playback paused, waiting...
2025-12-20 07:08:20,653 - EyeRemoteControl - DEBUG - Playback paused, waiting...
2025-12-20 07:08:20,754 - EyeRemoteControl - DEBUG - Playback paused, waiting...
2025-12-20 07:08:20,856 - EyeRemoteControl - DEBUG - Playback paused, waiting...
2025-12-20 07:08:20,958 - EyeRemoteControl - DEBUG - Playback paused, waiting...
2025-12-20 07:08:21,059 - EyeRemoteControl - DEBUG - Playback paused, waiting...
2025-12-20 07:08:21,160 - EyeRemoteControl - DEBUG - Playback paused, waiting...
2025-12-20 07:08:21,261 - EyeRemoteControl - DEBUG - Playback paused, waiting...
2025-12-20 07:08:21,362 - EyeRemoteControl - DEBUG - Playback paused, waiting...
2025-12-20 07:08:21,463 - EyeRemoteControl - DEBUG - Playback paused, waiting...
2025-12-20 07:08:21,567 - EyeRemoteControl - DEBUG - Playback paused, waiting...
2025-12-20 07:08:21,668 - EyeRemoteControl - DEBUG - Playback paused, waiting...
2025-12-20 07:08:21,769 - EyeRemoteControl - DEBUG - Playback paused, waiting...
2025-12-20 07:08:21,870 - EyeRemoteControl - DEBUG - Playback paused, waiting...
2025-12-20 07:08:21,971 - EyeRemoteControl - DEBUG - Playback paused, waiting...
2025-12-20 07:08:22,072 - EyeRemoteControl - DEBUG - Playback paused, waiting...
2025-12-20 07:08:22,173 - EyeRemoteControl - DEBUG - Playback paused, waiting...
2025-12-20 07:08:22,286 - EyeRemoteControl - DEBUG - Playback paused, waiting...
2025-12-20 07:08:22,391 - EyeRemoteControl - DEBUG - Playback paused, waiting...
2025-12-20 07:08:22,491 - EyeRemoteControl - DEBUG - Playback paused, waiting...
2025-12-20 07:08:22,594 - EyeRemoteControl - DEBUG - Playback paused, waiting...
2025-12-20 07:08:22,698 - EyeRemoteControl - DEBUG - Playback paused, waiting...
2025-12-20 07:08:22,799 - EyeRemoteControl - DEBUG - Playback paused, waiting...
2025-12-20 07:08:22,902 - EyeRemoteControl - DEBUG - Playback paused, waiting...
2025-12-20 07:08:23,003 - EyeRemoteControl - DEBUG - Playback paused, waiting...
2025-12-20 07:08:23,107 - EyeRemoteControl - DEBUG - Playback paused, waiting...
2025-12-20 07:08:23,208 - EyeRemoteControl - DEBUG - Playback paused, waiting...
2025-12-20 07:08:23,311 - EyeRemoteControl - DEBUG - Playback paused, waiting...
2025-12-20 07:08:23,412 - EyeRemoteControl - DEBUG - Playback paused, waiting...
2025-12-20 07:08:23,517 - EyeRemoteControl - DEBUG - Playback paused, waiting...
2025-12-20 07:08:23,618 - EyeRemoteControl - DEBUG - Playback paused, waiting...
2025-12-20 07:08:23,719 - EyeRemoteControl - DEBUG - Playback paused, waiting...
2025-12-20 07:08:23,821 - EyeRemoteControl - DEBUG - Playback paused, waiting...
2025-12-20 07:08:23,922 - EyeRemoteControl - DEBUG - Playback paused, waiting...
2025-12-20 07:08:24,024 - EyeRemoteControl - DEBUG - Playback paused, waiting...
2025-12-20 07:08:24,128 - EyeRemoteControl - DEBUG - Playback paused, waiting...
2025-12-20 07:08:24,229 - EyeRemoteControl - DEBUG - Playback paused, waiting...
2025-12-20 07:08:24,337 - EyeRemoteControl - DEBUG - Playback paused, waiting...
2025-12-20 07:08:24,438 - EyeRemoteControl - DEBUG - Playback paused, waiting...
2025-12-20 07:08:24,539 - EyeRemoteControl - DEBUG - Playback paused, waiting...
2025-12-20 07:08:24,640 - EyeRemoteControl - DEBUG - Playback paused, waiting...
2025-12-20 07:08:24,743 - EyeRemoteControl - DEBUG - Playback paused, waiting...
2025-12-20 07:08:24,844 - EyeRemoteControl - DEBUG - Playback paused, waiting...
2025-12-20 07:08:24,955 - EyeRemoteControl - DEBUG - Playback paused, waiting...
2025-12-20 07:08:25,056 - EyeRemoteControl - DEBUG - Playback paused, waiting...
2025-12-20 07:08:25,159 - EyeRemoteControl - DEBUG - Playback paused, waiting...
2025-12-20 07:08:25,266 - EyeRemoteControl - DEBUG - Playback paused, waiting...
2025-12-20 07:08:25,366 - EyeRemoteControl - DEBUG - Playback paused, waiting...
2025-12-20 07:08:25,471 - EyeRemoteControl - DEBUG - Playback paused, waiting...
2025-12-20 07:08:25,572 - EyeRemoteControl - DEBUG - Playback paused, waiting...
2025-12-20 07:08:25,672 - EyeRemoteControl - DEBUG - Playback paused, waiting...
2025-12-20 07:08:25,773 - EyeRemoteControl - DEBUG - Playback paused, waiting...
2025-12-20 07:08:25,880 - EyeRemoteControl - DEBUG - Playback paused, waiting...
2025-12-20 07:08:25,983 - EyeRemoteControl - DEBUG - Playback paused, waiting...
2025-12-20 07:08:26,089 - EyeRemoteControl - DEBUG - Playback paused, waiting...
2025-12-20 07:08:26,191 - EyeRemoteControl - DEBUG - Playback paused, waiting...
2025-12-20 07:08:26,292 - EyeRemoteControl - DEBUG - Playback paused, waiting...
2025-12-20 07:08:26,393 - EyeRemoteControl - DEBUG - Playback paused, waiting...
2025-12-20 07:08:26,495 - EyeRemoteControl - DEBUG - Playback paused, waiting...
2025-12-20 07:08:26,599 - EyeRemoteControl - DEBUG - Playback paused, waiting...
2025-12-20 07:08:26,700 - EyeRemoteControl - DEBUG - Playback paused, waiting...
2025-12-20 07:08:26,801 - EyeRemoteControl - DEBUG - Playback paused, waiting...
2025-12-20 07:08:26,902 - EyeRemoteControl - DEBUG - Playback paused, waiting...
2025-12-20 07:08:27,002 - EyeRemoteControl - DEBUG - Playback paused, waiting...
2025-12-20 07:08:27,103 - EyeRemoteControl - DEBUG - Playback paused, waiting...
2025-12-20 07:08:27,204 - EyeRemoteControl - DEBUG - Playback paused, waiting...
2025-12-20 07:08:27,314 - EyeRemoteControl - DEBUG - Playback paused, waiting...
2025-12-20 07:08:27,415 - EyeRemoteControl - DEBUG - Playback paused, waiting...
2025-12-20 07:08:27,517 - EyeRemoteControl - DEBUG - Playback paused, waiting...
2025-12-20 07:08:27,623 - EyeRemoteControl - DEBUG - Playback paused, waiting...
2025-12-20 07:08:27,724 - EyeRemoteControl - DEBUG - Playback paused, waiting...
2025-12-20 07:08:27,835 - EyeRemoteControl - DEBUG - Playback paused, waiting...
2025-12-20 07:08:27,936 - EyeRemoteControl - DEBUG - Playback paused, waiting...
2025-12-20 07:08:28,038 - EyeRemoteControl - DEBUG - Playback paused, waiting...
2025-12-20 07:08:28,139 - EyeRemoteControl - DEBUG - Playback paused, waiting...
2025-12-20 07:08:28,243 - EyeRemoteControl - DEBUG - Playback paused, waiting...
2025-12-20 07:08:28,347 - EyeRemoteControl - DEBUG - Playback paused, waiting...
2025-12-20 07:08:28,451 - EyeRemoteControl - DEBUG - Playback paused, waiting...
2025-12-20 07:08:28,553 - EyeRemoteControl - DEBUG - Playback paused, waiting...
2025-12-20 07:08:28,659 - EyeRemoteControl - DEBUG - Playback paused, waiting...
2025-12-20 07:08:28,764 - EyeRemoteControl - DEBUG - Playback paused, waiting...
2025-12-20 07:08:28,865 - EyeRemoteControl - DEBUG - Playback paused, waiting...
2025-12-20 07:08:28,966 - EyeRemoteControl - DEBUG - Playback paused, waiting...
2025-12-20 07:08:29,069 - EyeRemoteControl - DEBUG - Playback paused, waiting...
2025-12-20 07:08:29,170 - EyeRemoteControl - DEBUG - Playback paused, waiting...
2025-12-20 07:08:29,279 - EyeRemoteControl - DEBUG - Playback paused, waiting...
2025-12-20 07:08:29,383 - EyeRemoteControl - DEBUG - Playback paused, waiting...
2025-12-20 07:08:29,490 - EyeRemoteControl - DEBUG - Playback paused, waiting...
2025-12-20 07:08:29,591 - EyeRemoteControl - DEBUG - Playback paused, waiting...
2025-12-20 07:08:29,692 - EyeRemoteControl - DEBUG - Playback paused, waiting...
2025-12-20 07:08:29,795 - EyeRemoteControl - DEBUG - Playback paused, waiting...
2025-12-20 07:08:29,900 - EyeRemoteControl - DEBUG - Playback paused, waiting...
2025-12-20 07:08:30,013 - EyeRemoteControl - DEBUG - Playback paused, waiting...
2025-12-20 07:08:30,114 - EyeRemoteControl - DEBUG - Playback paused, waiting...
2025-12-20 07:08:30,216 - EyeRemoteControl - DEBUG - Playback paused, waiting...
2025-12-20 07:08:30,317 - EyeRemoteControl - DEBUG - Playback paused, waiting...
2025-12-20 07:08:30,419 - EyeRemoteControl - DEBUG - Playback paused, waiting...
2025-12-20 07:08:30,519 - EyeRemoteControl - DEBUG - Playback paused, waiting...
2025-12-20 07:08:30,627 - EyeRemoteControl - DEBUG - Playback paused, waiting...
2025-12-20 07:08:30,727 - EyeRemoteControl - DEBUG - Playback paused, waiting...
2025-12-20 07:08:30,828 - EyeRemoteControl - DEBUG - Playback paused, waiting...
2025-12-20 07:08:30,930 - EyeRemoteControl - DEBUG - Playback paused, waiting...
2025-12-20 07:08:31,039 - EyeRemoteControl - DEBUG - Playback paused, waiting...
2025-12-20 07:08:31,147 - EyeRemoteControl - DEBUG - Playback paused, waiting...
2025-12-20 07:08:31,251 - EyeRemoteControl - DEBUG - Playback paused, waiting...
2025-12-20 07:08:31,355 - EyeRemoteControl - DEBUG - Playback paused, waiting...
2025-12-20 07:08:31,456 - EyeRemoteControl - DEBUG - Playback paused, waiting...
2025-12-20 07:08:31,564 - EyeRemoteControl - DEBUG - Playback paused, waiting...
2025-12-20 07:08:31,667 - EyeRemoteControl - DEBUG - Playback paused, waiting...
2025-12-20 07:08:31,768 - EyeRemoteControl - DEBUG - Playback paused, waiting...
2025-12-20 07:08:31,870 - EyeRemoteControl - DEBUG - Playback paused, waiting...
2025-12-20 07:08:31,971 - EyeRemoteControl - DEBUG - Playback paused, waiting...
2025-12-20 07:08:32,072 - EyeRemoteControl - DEBUG - Playback paused, waiting...
2025-12-20 07:08:32,173 - EyeRemoteControl - DEBUG - Playback paused, waiting...
2025-12-20 07:08:32,275 - EyeRemoteControl - DEBUG - Playback paused, waiting...
2025-12-20 07:08:32,376 - EyeRemoteControl - DEBUG - Playback paused, waiting...
2025-12-20 07:08:32,477 - EyeRemoteControl - DEBUG - Playback paused, waiting...
2025-12-20 07:08:32,579 - EyeRemoteControl - DEBUG - Playback paused, waiting...
2025-12-20 07:08:32,680 - EyeRemoteControl - DEBUG - Playback paused, waiting...
2025-12-20 07:08:32,780 - EyeRemoteControl - DEBUG - Playback paused, waiting...
2025-12-20 07:08:32,881 - EyeRemoteControl - DEBUG - Playback paused, waiting...
2025-12-20 07:08:32,982 - EyeRemoteControl - DEBUG - Playback paused, waiting...
2025-12-20 07:08:33,087 - EyeRemoteControl - DEBUG - Playback paused, waiting...
2025-12-20 07:08:33,187 - EyeRemoteControl - DEBUG - Playback paused, waiting...
2025-12-20 07:08:33,291 - EyeRemoteControl - DEBUG - Playback paused, waiting...
2025-12-20 07:08:33,391 - EyeRemoteControl - DEBUG - Playback paused, waiting...
2025-12-20 07:08:33,492 - EyeRemoteControl - DEBUG - Playback paused, waiting...
2025-12-20 07:08:33,593 - EyeRemoteControl - DEBUG - Playback paused, waiting...
2025-12-20 07:08:33,699 - EyeRemoteControl - DEBUG - Playback paused, waiting...
2025-12-20 07:08:33,804 - EyeRemoteControl - DEBUG - Playback paused, waiting...
2025-12-20 07:08:33,904 - EyeRemoteControl - DEBUG - Playback paused, waiting...
2025-12-20 07:08:34,005 - EyeRemoteControl - DEBUG - Playback paused, waiting...
2025-12-20 07:08:34,106 - EyeRemoteControl - DEBUG - Playback paused, waiting...
2025-12-20 07:08:34,207 - EyeRemoteControl - DEBUG - Playback paused, waiting...
2025-12-20 07:08:34,311 - EyeRemoteControl - DEBUG - Playback paused, waiting...
2025-12-20 07:08:34,411 - EyeRemoteControl - DEBUG - Playback paused, waiting...
2025-12-20 07:08:34,515 - EyeRemoteControl - DEBUG - Playback paused, waiting...
2025-12-20 07:08:34,616 - EyeRemoteControl - DEBUG - Playback paused, waiting...
2025-12-20 07:08:34,716 - EyeRemoteControl - DEBUG - Playback paused, waiting...
2025-12-20 07:08:34,823 - EyeRemoteControl - DEBUG - Playback paused, waiting...
2025-12-20 07:08:34,925 - EyeRemoteControl - DEBUG - Playback paused, waiting...
2025-12-20 07:08:35,026 - EyeRemoteControl - DEBUG - Playback paused, waiting...
2025-12-20 07:08:35,130 - EyeRemoteControl - DEBUG - Playback paused, waiting...
2025-12-20 07:08:35,231 - EyeRemoteControl - DEBUG - Playback paused, waiting...
2025-12-20 07:08:35,332 - EyeRemoteControl - DEBUG - Playback paused, waiting...
2025-12-20 07:08:35,433 - EyeRemoteControl - DEBUG - Playback paused, waiting...
2025-12-20 07:08:35,535 - EyeRemoteControl - DEBUG - Playback paused, waiting...
2025-12-20 07:08:35,639 - EyeRemoteControl - DEBUG - Playback paused, waiting...
2025-12-20 07:08:35,740 - EyeRemoteControl - DEBUG - Playback paused, waiting...
2025-12-20 07:08:35,840 - EyeRemoteControl - DEBUG - Playback paused, waiting...
2025-12-20 07:08:35,942 - EyeRemoteControl - DEBUG - Playback paused, waiting...
2025-12-20 07:08:36,046 - EyeRemoteControl - DEBUG - Playback paused, waiting...
2025-12-20 07:08:36,151 - EyeRemoteControl - DEBUG - Playback paused, waiting...
2025-12-20 07:08:36,255 - EyeRemoteControl - DEBUG - Playback paused, waiting...
2025-12-20 07:08:36,355 - EyeRemoteControl - DEBUG - Playback paused, waiting...
2025-12-20 07:08:36,456 - EyeRemoteControl - DEBUG - Playback paused, waiting...
2025-12-20 07:08:36,557 - EyeRemoteControl - DEBUG - Playback paused, waiting...
2025-12-20 07:08:36,663 - EyeRemoteControl - DEBUG - Playback paused, waiting...
2025-12-20 07:08:36,764 - EyeRemoteControl - DEBUG - Playback paused, waiting...
2025-12-20 07:08:36,797 - EyeRemoteControl - DEBUG - Command detected: play
2025-12-20 07:08:42,577 - EyeRemoteControl - DEBUG - Command detected: pause
2025-12-20 07:08:42,586 - EyeRemoteControl - DEBUG - Pausing playback for video: /home/pi/eye-remote-control/assets/oceans.mp4
2025-12-20 07:08:42,630 - EyeRemoteControl - DEBUG - Playback paused, waiting...
2025-12-20 07:08:42,731 - EyeRemoteControl - DEBUG - Playback paused, waiting...
2025-12-20 07:08:42,832 - EyeRemoteControl - DEBUG - Playback paused, waiting...
2025-12-20 07:08:42,934 - EyeRemoteControl - DEBUG - Playback paused, waiting...
2025-12-20 07:08:43,035 - EyeRemoteControl - DEBUG - Playback paused, waiting...
2025-12-20 07:08:43,136 - EyeRemoteControl - DEBUG - Playback paused, waiting...
2025-12-20 07:08:43,237 - EyeRemoteControl - DEBUG - Playback paused, waiting...
2025-12-20 07:08:43,338 - EyeRemoteControl - DEBUG - Playback paused, waiting...
2025-12-20 07:08:43,439 - EyeRemoteControl - DEBUG - Playback paused, waiting...
2025-12-20 07:08:43,543 - EyeRemoteControl - DEBUG - Playback paused, waiting...
2025-12-20 07:08:43,648 - EyeRemoteControl - DEBUG - Playback paused, waiting...
2025-12-20 07:08:43,749 - EyeRemoteControl - DEBUG - Playback paused, waiting...
2025-12-20 07:08:43,851 - EyeRemoteControl - DEBUG - Playback paused, waiting...
2025-12-20 07:08:43,951 - EyeRemoteControl - DEBUG - Playback paused, waiting...
2025-12-20 07:08:44,052 - EyeRemoteControl - DEBUG - Playback paused, waiting...
2025-12-20 07:08:44,153 - EyeRemoteControl - DEBUG - Playback paused, waiting...
2025-12-20 07:08:44,256 - EyeRemoteControl - DEBUG - Playback paused, waiting...
2025-12-20 07:08:44,343 - EyeRemoteControl - DEBUG - Stopping camera capture...
2025-12-20 07:08:44,345 - EyeRemoteControl - DEBUG - Releasing camera capture
2025-12-20 07:08:44,358 - EyeRemoteControl - DEBUG - Playback paused, waiting...
2025-12-20 07:08:44,405 - EyeRemoteControl - DEBUG - Shutting down video player thread
2025-12-20 07:08:44,459 - EyeRemoteControl - DEBUG - Releasing video capture
2025-12-20 07:08:44,466 - EyeRemoteControl - DEBUG - Video player thread exited
