2025-12-18 09:51:26,853 - EyeRemoteControl - DEBUG - Searching for available camera devices...
2025-12-18 09:51:27,638 - EyeRemoteControl - DEBUG - Found available camera at device ID: 2
2025-12-18 09:51:27,638 - EyeRemoteControl - DEBUG - Starting camera capture on device ID: 2
2025-12-18 09:51:28,054 - EyeRemoteControl - DEBUG - Playback stopped, waiting...
2025-12-18 09:51:28,156 - EyeRemoteControl - DEBUG - Playback stopped, waiting...
2025-12-18 09:51:28,258 - EyeRemoteControl - DEBUG - Playback stopped, waiting...
2025-12-18 09:51:28,359 - EyeRemoteControl - DEBUG - Playback stopped, waiting...
2025-12-18 09:51:28,465 - EyeRemoteControl - DEBUG - Playback stopped, waiting...
2025-12-18 09:51:28,539 - EyeRemoteControl - DEBUG - Command detected: pause
2025-12-18 09:51:28,566 - EyeRemoteControl - DEBUG - Playback stopped, waiting...
2025-12-18 09:51:28,667 - EyeRemoteControl - DEBUG - Playback stopped, waiting...
2025-12-18 09:51:28,768 - EyeRemoteControl - DEBUG - Playback stopped, waiting...
2025-12-18 09:51:28,876 - EyeRemoteControl - DEBUG - Playback stopped, waiting...
2025-12-18 09:51:28,977 - EyeRemoteControl - DEBUG - Playback stopped, waiting...
2025-12-18 09:51:29,084 - EyeRemoteControl - DEBUG - Playback stopped, waiting...
2025-12-18 09:51:29,185 - EyeRemoteControl - DEBUG - Playback stopped, waiting...
2025-12-18 09:51:29,286 - EyeRemoteControl - DEBUG - Playback stopped, waiting...
2025-12-18 09:51:29,388 - EyeRemoteControl - DEBUG - Playback stopped, waiting...
2025-12-18 09:51:29,490 - EyeRemoteControl - DEBUG - Playback stopped, waiting...
2025-12-18 09:51:29,591 - EyeRemoteControl - DEBUG - Playback stopped, waiting...
2025-12-18 09:51:29,694 - EyeRemoteControl - DEBUG - Playback stopped, waiting...
2025-12-18 09:51:29,796 - EyeRemoteControl - DEBUG - Playback stopped, waiting...
2025-12-18 09:51:29,899 - EyeRemoteControl - DEBUG - Playback stopped, waiting...
2025-12-18 09:51:30,000 - EyeRemoteControl - DEBUG - Playback stopped, waiting...
2025-12-18 09:51:30,100 - EyeRemoteControl - DEBUG - Playback stopped, waiting...
2025-12-18 09:51:30,202 - EyeRemoteControl - DEBUG - Playback stopped, waiting...
2025-12-18 09:51:30,302 - EyeRemoteControl - DEBUG - Playback stopped, waiting...
2025-12-18 09:51:30,406 - EyeRemoteControl - DEBUG - Playback stopped, waiting...
2025-12-18 09:51:30,507 - EyeRemoteControl - DEBUG - Playback stopped, waiting...
2025-12-18 09:51:30,609 - EyeRemoteControl - DEBUG - Playback stopped, waiting...
2025-12-18 09:51:30,669 - EyeRemoteControl - DEBUG - Command detected: play
2025-12-18 09:51:30,688 - EyeRemoteControl - DEBUG - Attempting to load video: /home/pi/eye-remote-control/test.mp4
2025-12-18 09:51:30,718 - EyeRemoteControl - DEBUG - Successfully loaded video: /home/pi/eye-remote-control/test.mp4, total frames: 2276
2025-12-18 09:51:30,718 - EyeRemoteControl - DEBUG - Playback stopped, waiting...
2025-12-18 09:51:32,008 - EyeRemoteControl - DEBUG - Command detected: pause
2025-12-18 09:51:32,009 - EyeRemoteControl - DEBUG - Pausing playback for video: /home/pi/eye-remote-control/test.mp4
2025-12-18 09:51:32,014 - EyeRemoteControl - DEBUG - Playback paused or not playing, waiting...
2025-12-18 09:51:32,114 - EyeRemoteControl - DEBUG - Playback paused or not playing, waiting...
2025-12-18 09:51:32,215 - EyeRemoteControl - DEBUG - Playback paused or not playing, waiting...
2025-12-18 09:51:32,316 - EyeRemoteControl - DEBUG - Playback paused or not playing, waiting...
2025-12-18 09:51:32,420 - EyeRemoteControl - DEBUG - Playback paused or not playing, waiting...
2025-12-18 09:51:32,521 - EyeRemoteControl - DEBUG - Playback paused or not playing, waiting...
2025-12-18 09:51:32,623 - EyeRemoteControl - DEBUG - Playback paused or not playing, waiting...
2025-12-18 09:51:32,725 - EyeRemoteControl - DEBUG - Playback paused or not playing, waiting...
2025-12-18 09:51:32,829 - EyeRemoteControl - DEBUG - Playback paused or not playing, waiting...
2025-12-18 09:51:32,931 - EyeRemoteControl - DEBUG - Playback paused or not playing, waiting...
2025-12-18 09:51:33,037 - EyeRemoteControl - DEBUG - Playback paused or not playing, waiting...
2025-12-18 09:51:33,138 - EyeRemoteControl - DEBUG - Playback paused or not playing, waiting...
2025-12-18 09:51:33,238 - EyeRemoteControl - DEBUG - Playback paused or not playing, waiting...
2025-12-18 09:51:33,341 - EyeRemoteControl - DEBUG - Playback paused or not playing, waiting...
2025-12-18 09:51:33,442 - EyeRemoteControl - DEBUG - Playback paused or not playing, waiting...
2025-12-18 09:51:33,543 - EyeRemoteControl - DEBUG - Playback paused or not playing, waiting...
2025-12-18 09:51:33,644 - EyeRemoteControl - DEBUG - Playback paused or not playing, waiting...
2025-12-18 09:51:33,745 - EyeRemoteControl - DEBUG - Playback paused or not playing, waiting...
2025-12-18 09:51:33,846 - EyeRemoteControl - DEBUG - Playback paused or not playing, waiting...
2025-12-18 09:51:33,948 - EyeRemoteControl - DEBUG - Playback paused or not playing, waiting...
2025-12-18 09:51:34,049 - EyeRemoteControl - DEBUG - Playback paused or not playing, waiting...
2025-12-18 09:51:34,150 - EyeRemoteControl - DEBUG - Playback paused or not playing, waiting...
2025-12-18 09:51:34,251 - EyeRemoteControl - DEBUG - Playback paused or not playing, waiting...
2025-12-18 09:51:34,352 - EyeRemoteControl - DEBUG - Playback paused or not playing, waiting...
2025-12-18 09:51:34,452 - EyeRemoteControl - DEBUG - Playback paused or not playing, waiting...
2025-12-18 09:51:34,556 - EyeRemoteControl - DEBUG - Playback paused or not playing, waiting...
2025-12-18 09:51:34,657 - EyeRemoteControl - DEBUG - Playback paused or not playing, waiting...
2025-12-18 09:51:34,765 - EyeRemoteControl - DEBUG - Playback paused or not playing, waiting...
2025-12-18 09:51:34,866 - EyeRemoteControl - DEBUG - Playback paused or not playing, waiting...
2025-12-18 09:51:34,972 - EyeRemoteControl - DEBUG - Playback paused or not playing, waiting...
2025-12-18 09:51:35,073 - EyeRemoteControl - DEBUG - Playback paused or not playing, waiting...
2025-12-18 09:51:35,174 - EyeRemoteControl - DEBUG - Playback paused or not playing, waiting...
2025-12-18 09:51:35,275 - EyeRemoteControl - DEBUG - Playback paused or not playing, waiting...
2025-12-18 09:51:35,382 - EyeRemoteControl - DEBUG - Playback paused or not playing, waiting...
2025-12-18 09:51:35,483 - EyeRemoteControl - DEBUG - Playback paused or not playing, waiting...
2025-12-18 09:51:35,588 - EyeRemoteControl - DEBUG - Playback paused or not playing, waiting...
2025-12-18 09:51:35,692 - EyeRemoteControl - DEBUG - Playback paused or not playing, waiting...
2025-12-18 09:51:35,793 - EyeRemoteControl - DEBUG - Playback paused or not playing, waiting...
2025-12-18 09:51:35,896 - EyeRemoteControl - DEBUG - Playback paused or not playing, waiting...
2025-12-18 09:51:35,997 - EyeRemoteControl - DEBUG - Playback paused or not playing, waiting...
2025-12-18 09:51:36,098 - EyeRemoteControl - DEBUG - Playback paused or not playing, waiting...
2025-12-18 09:51:36,202 - EyeRemoteControl - DEBUG - Playback paused or not playing, waiting...
2025-12-18 09:51:36,305 - EyeRemoteControl - DEBUG - Playback paused or not playing, waiting...
2025-12-18 09:51:36,406 - EyeRemoteControl - DEBUG - Playback paused or not playing, waiting...
2025-12-18 09:51:36,508 - EyeRemoteControl - DEBUG - Playback paused or not playing, waiting...
2025-12-18 09:51:36,614 - EyeRemoteControl - DEBUG - Playback paused or not playing, waiting...
2025-12-18 09:51:36,714 - EyeRemoteControl - DEBUG - Playback paused or not playing, waiting...
2025-12-18 09:51:36,815 - EyeRemoteControl - DEBUG - Playback paused or not playing, waiting...
2025-12-18 09:51:36,916 - EyeRemoteControl - DEBUG - Playback paused or not playing, waiting...
2025-12-18 09:51:37,017 - EyeRemoteControl - DEBUG - Playback paused or not playing, waiting...
2025-12-18 09:51:37,121 - EyeRemoteControl - DEBUG - Playback paused or not playing, waiting...
2025-12-18 09:51:37,222 - EyeRemoteControl - DEBUG - Playback paused or not playing, waiting...
2025-12-18 09:51:37,323 - EyeRemoteControl - DEBUG - Playback paused or not playing, waiting...
2025-12-18 09:51:37,424 - EyeRemoteControl - DEBUG - Playback paused or not playing, waiting...
2025-12-18 09:51:37,429 - EyeRemoteControl - DEBUG - Command detected: play
2025-12-18 09:51:42,585 - EyeRemoteControl - DEBUG - Command detected: pause
2025-12-18 09:51:42,589 - EyeRemoteControl - DEBUG - Pausing playback for video: /home/pi/eye-remote-control/test.mp4
2025-12-18 09:51:42,617 - EyeRemoteControl - DEBUG - Playback paused or not playing, waiting...
2025-12-18 09:51:42,718 - EyeRemoteControl - DEBUG - Playback paused or not playing, waiting...
2025-12-18 09:51:42,821 - EyeRemoteControl - DEBUG - Playback paused or not playing, waiting...
2025-12-18 09:51:42,926 - EyeRemoteControl - DEBUG - Playback paused or not playing, waiting...
2025-12-18 09:51:43,030 - EyeRemoteControl - DEBUG - Playback paused or not playing, waiting...
2025-12-18 09:51:43,131 - EyeRemoteControl - DEBUG - Playback paused or not playing, waiting...
2025-12-18 09:51:43,232 - EyeRemoteControl - DEBUG - Playback paused or not playing, waiting...
2025-12-18 09:51:43,333 - EyeRemoteControl - DEBUG - Playback paused or not playing, waiting...
2025-12-18 09:51:43,434 - EyeRemoteControl - DEBUG - Playback paused or not playing, waiting...
2025-12-18 09:51:43,539 - EyeRemoteControl - DEBUG - Playback paused or not playing, waiting...
2025-12-18 09:51:43,640 - EyeRemoteControl - DEBUG - Playback paused or not playing, waiting...
2025-12-18 09:51:43,741 - EyeRemoteControl - DEBUG - Playback paused or not playing, waiting...
2025-12-18 09:51:43,842 - EyeRemoteControl - DEBUG - Playback paused or not playing, waiting...
2025-12-18 09:51:43,944 - EyeRemoteControl - DEBUG - Playback paused or not playing, waiting...
2025-12-18 09:51:44,045 - EyeRemoteControl - DEBUG - Playback paused or not playing, waiting...
2025-12-18 09:51:44,147 - EyeRemoteControl - DEBUG - Playback paused or not playing, waiting...
2025-12-18 09:51:44,248 - EyeRemoteControl - DEBUG - Playback paused or not playing, waiting...
2025-12-18 09:51:44,349 - EyeRemoteControl - DEBUG - Playback paused or not playing, waiting...
2025-12-18 09:51:44,450 - EyeRemoteControl - DEBUG - Playback paused or not playing, waiting...
2025-12-18 09:51:44,551 - EyeRemoteControl - DEBUG - Playback paused or not playing, waiting...
2025-12-18 09:51:44,652 - EyeRemoteControl - DEBUG - Playback paused or not playing, waiting...
2025-12-18 09:51:44,754 - EyeRemoteControl - DEBUG - Playback paused or not playing, waiting...
2025-12-18 09:51:44,855 - EyeRemoteControl - DEBUG - Playback paused or not playing, waiting...
2025-12-18 09:51:44,956 - EyeRemoteControl - DEBUG - Playback paused or not playing, waiting...
2025-12-18 09:51:45,061 - EyeRemoteControl - DEBUG - Playback paused or not playing, waiting...
2025-12-18 09:51:45,162 - EyeRemoteControl - DEBUG - Playback paused or not playing, waiting...
2025-12-18 09:51:45,269 - EyeRemoteControl - DEBUG - Playback paused or not playing, waiting...
2025-12-18 09:51:45,332 - EyeRemoteControl - DEBUG - Command detected: play
2025-12-18 09:51:47,731 - EyeRemoteControl - DEBUG - Stopping playback for video: /home/pi/eye-remote-control/test.mp4
2025-12-18 09:51:47,732 - EyeRemoteControl - DEBUG - Attempting to load video: /home/pi/oceans.mp4
2025-12-18 09:51:47,732 - EyeRemoteControl - DEBUG - Releasing video capture
2025-12-18 09:51:47,745 - EyeRemoteControl - DEBUG - Successfully loaded video: /home/pi/oceans.mp4, total frames: 1116
2025-12-18 09:51:47,745 - EyeRemoteControl - DEBUG - Playback stopped, waiting...
2025-12-18 09:51:47,848 - EyeRemoteControl - DEBUG - Playback stopped, waiting...
2025-12-18 09:51:47,950 - EyeRemoteControl - DEBUG - Playback stopped, waiting...
2025-12-18 09:51:48,051 - EyeRemoteControl - DEBUG - Playback stopped, waiting...
2025-12-18 09:51:48,152 - EyeRemoteControl - DEBUG - Playback stopped, waiting...
2025-12-18 09:51:48,253 - EyeRemoteControl - DEBUG - Playback stopped, waiting...
2025-12-18 09:51:48,361 - EyeRemoteControl - DEBUG - Playback stopped, waiting...
2025-12-18 09:51:48,462 - EyeRemoteControl - DEBUG - Playback stopped, waiting...
2025-12-18 09:51:48,540 - EyeRemoteControl - DEBUG - Command detected: pause
2025-12-18 09:51:48,542 - EyeRemoteControl - DEBUG - Pausing playback for video: /home/pi/oceans.mp4
2025-12-18 09:51:48,563 - EyeRemoteControl - DEBUG - Playback stopped, waiting...
2025-12-18 09:51:48,664 - EyeRemoteControl - DEBUG - Playback stopped, waiting...
2025-12-18 09:51:48,765 - EyeRemoteControl - DEBUG - Playback stopped, waiting...
2025-12-18 09:51:48,866 - EyeRemoteControl - DEBUG - Playback stopped, waiting...
2025-12-18 09:51:48,969 - EyeRemoteControl - DEBUG - Playback stopped, waiting...
2025-12-18 09:51:49,070 - EyeRemoteControl - DEBUG - Playback stopped, waiting...
2025-12-18 09:51:49,171 - EyeRemoteControl - DEBUG - Playback stopped, waiting...
2025-12-18 09:51:49,272 - EyeRemoteControl - DEBUG - Playback stopped, waiting...
2025-12-18 09:51:49,376 - EyeRemoteControl - DEBUG - Playback stopped, waiting...
2025-12-18 09:51:49,477 - EyeRemoteControl - DEBUG - Playback stopped, waiting...
2025-12-18 09:51:49,578 - EyeRemoteControl - DEBUG - Playback stopped, waiting...
2025-12-18 09:51:49,680 - EyeRemoteControl - DEBUG - Playback stopped, waiting...
2025-12-18 09:51:49,781 - EyeRemoteControl - DEBUG - Playback stopped, waiting...
2025-12-18 09:51:49,882 - EyeRemoteControl - DEBUG - Playback stopped, waiting...
2025-12-18 09:51:49,983 - EyeRemoteControl - DEBUG - Playback stopped, waiting...
2025-12-18 09:51:50,084 - EyeRemoteControl - DEBUG - Playback stopped, waiting...
2025-12-18 09:51:50,188 - EyeRemoteControl - DEBUG - Playback stopped, waiting...
2025-12-18 09:51:50,289 - EyeRemoteControl - DEBUG - Playback stopped, waiting...
2025-12-18 09:51:50,390 - EyeRemoteControl - DEBUG - Playback stopped, waiting...
2025-12-18 09:51:50,492 - EyeRemoteControl - DEBUG - Playback stopped, waiting...
2025-12-18 09:51:50,597 - EyeRemoteControl - DEBUG - Playback stopped, waiting...
2025-12-18 09:51:50,698 - EyeRemoteControl - DEBUG - Playback stopped, waiting...
2025-12-18 09:51:50,801 - EyeRemoteControl - DEBUG - Playback stopped, waiting...
2025-12-18 09:51:50,902 - EyeRemoteControl - DEBUG - Playback stopped, waiting...
2025-12-18 09:51:51,004 - EyeRemoteControl - DEBUG - Playback stopped, waiting...
2025-12-18 09:51:51,110 - EyeRemoteControl - DEBUG - Playback stopped, waiting...
2025-12-18 09:51:51,211 - EyeRemoteControl - DEBUG - Playback stopped, waiting...
2025-12-18 09:51:51,312 - EyeRemoteControl - DEBUG - Playback stopped, waiting...
2025-12-18 09:51:51,414 - EyeRemoteControl - DEBUG - Playback stopped, waiting...
2025-12-18 09:51:51,433 - EyeRemoteControl - DEBUG - Command detected: play
2025-12-18 09:51:56,134 - EyeRemoteControl - DEBUG - Command detected: pause
2025-12-18 09:51:56,134 - EyeRemoteControl - DEBUG - Pausing playback for video: /home/pi/oceans.mp4
2025-12-18 09:51:56,154 - EyeRemoteControl - DEBUG - Playback paused or not playing, waiting...
2025-12-18 09:51:56,260 - EyeRemoteControl - DEBUG - Playback paused or not playing, waiting...
2025-12-18 09:51:56,360 - EyeRemoteControl - DEBUG - Playback paused or not playing, waiting...
2025-12-18 09:51:56,462 - EyeRemoteControl - DEBUG - Playback paused or not playing, waiting...
2025-12-18 09:51:56,563 - EyeRemoteControl - DEBUG - Playback paused or not playing, waiting...
2025-12-18 09:51:56,672 - EyeRemoteControl - DEBUG - Playback paused or not playing, waiting...
2025-12-18 09:51:56,774 - EyeRemoteControl - DEBUG - Playback paused or not playing, waiting...
2025-12-18 09:51:56,875 - EyeRemoteControl - DEBUG - Playback paused or not playing, waiting...
2025-12-18 09:51:56,976 - EyeRemoteControl - DEBUG - Playback paused or not playing, waiting...
2025-12-18 09:51:57,077 - EyeRemoteControl - DEBUG - Playback paused or not playing, waiting...
2025-12-18 09:51:57,178 - EyeRemoteControl - DEBUG - Playback paused or not playing, waiting...
2025-12-18 09:51:57,282 - EyeRemoteControl - DEBUG - Playback paused or not playing, waiting...
2025-12-18 09:51:57,386 - EyeRemoteControl - DEBUG - Playback paused or not playing, waiting...
2025-12-18 09:51:57,487 - EyeRemoteControl - DEBUG - Playback paused or not playing, waiting...
2025-12-18 09:51:57,595 - EyeRemoteControl - DEBUG - Playback paused or not playing, waiting...
2025-12-18 09:51:57,696 - EyeRemoteControl - DEBUG - Playback paused or not playing, waiting...
2025-12-18 09:51:57,733 - EyeRemoteControl - DEBUG - Command detected: play
2025-12-18 09:51:59,081 - EyeRemoteControl - DEBUG - Command detected: pause
2025-12-18 09:51:59,083 - EyeRemoteControl - DEBUG - Pausing playback for video: /home/pi/oceans.mp4
2025-12-18 09:51:59,094 - EyeRemoteControl - DEBUG - Playback paused or not playing, waiting...
2025-12-18 09:51:59,195 - EyeRemoteControl - DEBUG - Playback paused or not playing, waiting...
2025-12-18 09:51:59,296 - EyeRemoteControl - DEBUG - Playback paused or not playing, waiting...
2025-12-18 09:51:59,397 - EyeRemoteControl - DEBUG - Playback paused or not playing, waiting...
2025-12-18 09:51:59,497 - EyeRemoteControl - DEBUG - Playback paused or not playing, waiting...
2025-12-18 09:51:59,603 - EyeRemoteControl - DEBUG - Playback paused or not playing, waiting...
2025-12-18 09:51:59,705 - EyeRemoteControl - DEBUG - Playback paused or not playing, waiting...
2025-12-18 09:51:59,814 - EyeRemoteControl - DEBUG - Playback paused or not playing, waiting...
2025-12-18 09:51:59,915 - EyeRemoteControl - DEBUG - Playback paused or not playing, waiting...
2025-12-18 09:52:00,019 - EyeRemoteControl - DEBUG - Playback paused or not playing, waiting...
2025-12-18 09:52:00,120 - EyeRemoteControl - DEBUG - Playback paused or not playing, waiting...
2025-12-18 09:52:00,221 - EyeRemoteControl - DEBUG - Playback paused or not playing, waiting...
2025-12-18 09:52:00,322 - EyeRemoteControl - DEBUG - Playback paused or not playing, waiting...
2025-12-18 09:52:00,424 - EyeRemoteControl - DEBUG - Playback paused or not playing, waiting...
2025-12-18 09:52:00,525 - EyeRemoteControl - DEBUG - Playback paused or not playing, waiting...
2025-12-18 09:52:00,626 - EyeRemoteControl - DEBUG - Playback paused or not playing, waiting...
2025-12-18 09:52:00,727 - EyeRemoteControl - DEBUG - Playback paused or not playing, waiting...
2025-12-18 09:52:00,828 - EyeRemoteControl - DEBUG - Playback paused or not playing, waiting...
2025-12-18 09:52:00,931 - EyeRemoteControl - DEBUG - Playback paused or not playing, waiting...
2025-12-18 09:52:01,032 - EyeRemoteControl - DEBUG - Playback paused or not playing, waiting...
2025-12-18 09:52:01,133 - EyeRemoteControl - DEBUG - Playback paused or not playing, waiting...
2025-12-18 09:52:01,234 - EyeRemoteControl - DEBUG - Playback paused or not playing, waiting...
2025-12-18 09:52:01,341 - EyeRemoteControl - DEBUG - Playback paused or not playing, waiting...
2025-12-18 09:52:01,442 - EyeRemoteControl - DEBUG - Playback paused or not playing, waiting...
2025-12-18 09:52:01,545 - EyeRemoteControl - DEBUG - Playback paused or not playing, waiting...
2025-12-18 09:52:01,646 - EyeRemoteControl - DEBUG - Playback paused or not playing, waiting...
2025-12-18 09:52:01,747 - EyeRemoteControl - DEBUG - Playback paused or not playing, waiting...
2025-12-18 09:52:01,848 - EyeRemoteControl - DEBUG - Playback paused or not playing, waiting...
2025-12-18 09:52:01,951 - EyeRemoteControl - DEBUG - Playback paused or not playing, waiting...
2025-12-18 09:52:02,052 - EyeRemoteControl - DEBUG - Playback paused or not playing, waiting...
2025-12-18 09:52:02,154 - EyeRemoteControl - DEBUG - Playback paused or not playing, waiting...
2025-12-18 09:52:02,255 - EyeRemoteControl - DEBUG - Playback paused or not playing, waiting...
2025-12-18 09:52:02,360 - EyeRemoteControl - DEBUG - Playback paused or not playing, waiting...
2025-12-18 09:52:02,396 - EyeRemoteControl - DEBUG - Stopping camera capture...
2025-12-18 09:52:02,444 - EyeRemoteControl - DEBUG - Releasing camera capture
2025-12-18 09:52:02,453 - EyeRemoteControl - DEBUG - Shutting down video player thread
2025-12-18 09:52:02,461 - EyeRemoteControl - DEBUG - Releasing video capture
2025-12-18 09:52:02,468 - EyeRemoteControl - DEBUG - Video player thread exited
