2025-12-19 02:47:00,664 - EyeRemoteControl - DEBUG - Searching for available camera devices...
2025-12-19 02:47:01,453 - EyeRemoteControl - DEBUG - Found available camera at device ID: 2
2025-12-19 02:47:01,455 - EyeRemoteControl - DEBUG - Starting camera capture on device ID: 2
2025-12-19 02:47:02,312 - EyeRemoteControl - DEBUG - Command detected: pause
2025-12-19 02:47:03,324 - EyeRemoteControl - DEBUG - Command detected: play
2025-12-19 02:47:05,941 - EyeRemoteControl - DEBUG - Command detected: pause
2025-12-19 02:47:08,084 - EyeRemoteControl - DEBUG - Command detected: play
2025-12-19 02:47:10,805 - EyeRemoteControl - DEBUG - Command detected: pause
2025-12-19 02:47:15,921 - EyeRemoteControl - DEBUG - Attempting to load video: /home/pi/eye-remote-control/test.mp4
2025-12-19 02:47:15,950 - EyeRemoteControl - DEBUG - Successfully loaded video: /home/pi/eye-remote-control/test.mp4, total frames: 2276
2025-12-19 02:47:24,089 - EyeRemoteControl - DEBUG - Command detected: play
2025-12-19 02:47:25,943 - EyeRemoteControl - DEBUG - Command detected: pause
2025-12-19 02:47:25,945 - EyeRemoteControl - DEBUG - Pausing playback for video: /home/pi/eye-remote-control/test.mp4
2025-12-19 02:47:25,945 - EyeRemoteControl - DEBUG - Playback paused, waiting...
2025-12-19 02:47:26,046 - EyeRemoteControl - DEBUG - Playback paused, waiting...
2025-12-19 02:47:26,151 - EyeRemoteControl - DEBUG - Playback paused, waiting...
2025-12-19 02:47:26,252 - EyeRemoteControl - DEBUG - Playback paused, waiting...
2025-12-19 02:47:26,357 - EyeRemoteControl - DEBUG - Playback paused, waiting...
2025-12-19 02:47:26,460 - EyeRemoteControl - DEBUG - Playback paused, waiting...
2025-12-19 02:47:26,562 - EyeRemoteControl - DEBUG - Playback paused, waiting...
2025-12-19 02:47:26,664 - EyeRemoteControl - DEBUG - Playback paused, waiting...
2025-12-19 02:47:26,765 - EyeRemoteControl - DEBUG - Playback paused, waiting...
2025-12-19 02:47:26,867 - EyeRemoteControl - DEBUG - Playback paused, waiting...
2025-12-19 02:47:26,967 - EyeRemoteControl - DEBUG - Playback paused, waiting...
2025-12-19 02:47:27,068 - EyeRemoteControl - DEBUG - Playback paused, waiting...
2025-12-19 02:47:27,169 - EyeRemoteControl - DEBUG - Playback paused, waiting...
2025-12-19 02:47:27,271 - EyeRemoteControl - DEBUG - Playback paused, waiting...
2025-12-19 02:47:27,372 - EyeRemoteControl - DEBUG - Playback paused, waiting...
2025-12-19 02:47:27,473 - EyeRemoteControl - DEBUG - Playback paused, waiting...
2025-12-19 02:47:27,581 - EyeRemoteControl - DEBUG - Playback paused, waiting...
2025-12-19 02:47:27,621 - EyeRemoteControl - DEBUG - Command detected: play
2025-12-19 02:47:30,302 - EyeRemoteControl - DEBUG - Command detected: pause
2025-12-19 02:47:30,304 - EyeRemoteControl - DEBUG - Pausing playback for video: /home/pi/eye-remote-control/test.mp4
2025-12-19 02:47:30,327 - EyeRemoteControl - DEBUG - Playback paused, waiting...
2025-12-19 02:47:30,427 - EyeRemoteControl - DEBUG - Playback paused, waiting...
2025-12-19 02:47:30,528 - EyeRemoteControl - DEBUG - Playback paused, waiting...
2025-12-19 02:47:30,629 - EyeRemoteControl - DEBUG - Playback paused, waiting...
2025-12-19 02:47:30,730 - EyeRemoteControl - DEBUG - Playback paused, waiting...
2025-12-19 02:47:30,832 - EyeRemoteControl - DEBUG - Playback paused, waiting...
2025-12-19 02:47:30,938 - EyeRemoteControl - DEBUG - Playback paused, waiting...
2025-12-19 02:47:31,040 - EyeRemoteControl - DEBUG - Playback paused, waiting...
2025-12-19 02:47:31,141 - EyeRemoteControl - DEBUG - Playback paused, waiting...
2025-12-19 02:47:31,242 - EyeRemoteControl - DEBUG - Playback paused, waiting...
2025-12-19 02:47:31,343 - EyeRemoteControl - DEBUG - Playback paused, waiting...
2025-12-19 02:47:31,448 - EyeRemoteControl - DEBUG - Playback paused, waiting...
2025-12-19 02:47:31,552 - EyeRemoteControl - DEBUG - Playback paused, waiting...
2025-12-19 02:47:31,653 - EyeRemoteControl - DEBUG - Playback paused, waiting...
2025-12-19 02:47:31,758 - EyeRemoteControl - DEBUG - Playback paused, waiting...
2025-12-19 02:47:31,781 - EyeRemoteControl - DEBUG - Command detected: play
2025-12-19 02:47:33,845 - EyeRemoteControl - DEBUG - Command detected: pause
2025-12-19 02:47:33,846 - EyeRemoteControl - DEBUG - Pausing playback for video: /home/pi/eye-remote-control/test.mp4
2025-12-19 02:47:33,850 - EyeRemoteControl - DEBUG - Playback paused, waiting...
2025-12-19 02:47:33,951 - EyeRemoteControl - DEBUG - Playback paused, waiting...
2025-12-19 02:47:34,052 - EyeRemoteControl - DEBUG - Playback paused, waiting...
2025-12-19 02:47:34,154 - EyeRemoteControl - DEBUG - Playback paused, waiting...
2025-12-19 02:47:34,256 - EyeRemoteControl - DEBUG - Playback paused, waiting...
2025-12-19 02:47:34,360 - EyeRemoteControl - DEBUG - Playback paused, waiting...
2025-12-19 02:47:34,461 - EyeRemoteControl - DEBUG - Playback paused, waiting...
2025-12-19 02:47:34,562 - EyeRemoteControl - DEBUG - Playback paused, waiting...
2025-12-19 02:47:34,663 - EyeRemoteControl - DEBUG - Playback paused, waiting...
2025-12-19 02:47:34,764 - EyeRemoteControl - DEBUG - Playback paused, waiting...
2025-12-19 02:47:34,868 - EyeRemoteControl - DEBUG - Playback paused, waiting...
2025-12-19 02:47:34,969 - EyeRemoteControl - DEBUG - Playback paused, waiting...
2025-12-19 02:47:35,070 - EyeRemoteControl - DEBUG - Playback paused, waiting...
2025-12-19 02:47:35,171 - EyeRemoteControl - DEBUG - Playback paused, waiting...
2025-12-19 02:47:35,275 - EyeRemoteControl - DEBUG - Playback paused, waiting...
2025-12-19 02:47:35,376 - EyeRemoteControl - DEBUG - Playback paused, waiting...
2025-12-19 02:47:35,477 - EyeRemoteControl - DEBUG - Playback paused, waiting...
2025-12-19 02:47:35,578 - EyeRemoteControl - DEBUG - Playback paused, waiting...
2025-12-19 02:47:35,679 - EyeRemoteControl - DEBUG - Playback paused, waiting...
2025-12-19 02:47:35,780 - EyeRemoteControl - DEBUG - Playback paused, waiting...
2025-12-19 02:47:35,882 - EyeRemoteControl - DEBUG - Playback paused, waiting...
2025-12-19 02:47:35,985 - EyeRemoteControl - DEBUG - Playback paused, waiting...
2025-12-19 02:47:36,086 - EyeRemoteControl - DEBUG - Playback paused, waiting...
2025-12-19 02:47:36,193 - EyeRemoteControl - DEBUG - Playback paused, waiting...
2025-12-19 02:47:36,294 - EyeRemoteControl - DEBUG - Playback paused, waiting...
2025-12-19 02:47:36,395 - EyeRemoteControl - DEBUG - Playback paused, waiting...
2025-12-19 02:47:36,498 - EyeRemoteControl - DEBUG - Playback paused, waiting...
2025-12-19 02:47:36,599 - EyeRemoteControl - DEBUG - Playback paused, waiting...
2025-12-19 02:47:36,700 - EyeRemoteControl - DEBUG - Playback paused, waiting...
2025-12-19 02:47:36,804 - EyeRemoteControl - DEBUG - Playback paused, waiting...
2025-12-19 02:47:36,905 - EyeRemoteControl - DEBUG - Playback paused, waiting...
2025-12-19 02:47:37,006 - EyeRemoteControl - DEBUG - Playback paused, waiting...
2025-12-19 02:47:37,107 - EyeRemoteControl - DEBUG - Playback paused, waiting...
2025-12-19 02:47:37,212 - EyeRemoteControl - DEBUG - Playback paused, waiting...
2025-12-19 02:47:37,313 - EyeRemoteControl - DEBUG - Playback paused, waiting...
2025-12-19 02:47:37,414 - EyeRemoteControl - DEBUG - Playback paused, waiting...
2025-12-19 02:47:37,457 - EyeRemoteControl - DEBUG - Command detected: play
2025-12-19 02:47:40,940 - EyeRemoteControl - DEBUG - Command detected: pause
2025-12-19 02:47:40,942 - EyeRemoteControl - DEBUG - Pausing playback for video: /home/pi/eye-remote-control/test.mp4
2025-12-19 02:47:40,946 - EyeRemoteControl - DEBUG - Playback paused, waiting...
2025-12-19 02:47:41,047 - EyeRemoteControl - DEBUG - Playback paused, waiting...
2025-12-19 02:47:41,149 - EyeRemoteControl - DEBUG - Playback paused, waiting...
2025-12-19 02:47:41,153 - EyeRemoteControl - DEBUG - Command detected: play
2025-12-19 02:47:41,812 - EyeRemoteControl - DEBUG - Command detected: pause
2025-12-19 02:47:41,813 - EyeRemoteControl - DEBUG - Pausing playback for video: /home/pi/eye-remote-control/test.mp4
2025-12-19 02:47:41,813 - EyeRemoteControl - DEBUG - Playback paused, waiting...
2025-12-19 02:47:41,921 - EyeRemoteControl - DEBUG - Playback paused, waiting...
2025-12-19 02:47:42,022 - EyeRemoteControl - DEBUG - Playback paused, waiting...
2025-12-19 02:47:42,124 - EyeRemoteControl - DEBUG - Playback paused, waiting...
2025-12-19 02:47:42,225 - EyeRemoteControl - DEBUG - Playback paused, waiting...
2025-12-19 02:47:42,327 - EyeRemoteControl - DEBUG - Playback paused, waiting...
2025-12-19 02:47:42,428 - EyeRemoteControl - DEBUG - Playback paused, waiting...
2025-12-19 02:47:42,532 - EyeRemoteControl - DEBUG - Playback paused, waiting...
2025-12-19 02:47:42,634 - EyeRemoteControl - DEBUG - Playback paused, waiting...
2025-12-19 02:47:42,735 - EyeRemoteControl - DEBUG - Playback paused, waiting...
2025-12-19 02:47:42,836 - EyeRemoteControl - DEBUG - Playback paused, waiting...
2025-12-19 02:47:42,937 - EyeRemoteControl - DEBUG - Playback paused, waiting...
2025-12-19 02:47:43,044 - EyeRemoteControl - DEBUG - Playback paused, waiting...
2025-12-19 02:47:43,145 - EyeRemoteControl - DEBUG - Playback paused, waiting...
2025-12-19 02:47:43,246 - EyeRemoteControl - DEBUG - Playback paused, waiting...
2025-12-19 02:47:43,358 - EyeRemoteControl - DEBUG - Playback paused, waiting...
2025-12-19 02:47:43,459 - EyeRemoteControl - DEBUG - Playback paused, waiting...
2025-12-19 02:47:43,562 - EyeRemoteControl - DEBUG - Playback paused, waiting...
2025-12-19 02:47:43,663 - EyeRemoteControl - DEBUG - Playback paused, waiting...
2025-12-19 02:47:43,775 - EyeRemoteControl - DEBUG - Playback paused, waiting...
2025-12-19 02:47:43,876 - EyeRemoteControl - DEBUG - Playback paused, waiting...
2025-12-19 02:47:43,978 - EyeRemoteControl - DEBUG - Playback paused, waiting...
2025-12-19 02:47:44,079 - EyeRemoteControl - DEBUG - Playback paused, waiting...
2025-12-19 02:47:44,180 - EyeRemoteControl - DEBUG - Playback paused, waiting...
2025-12-19 02:47:44,281 - EyeRemoteControl - DEBUG - Playback paused, waiting...
2025-12-19 02:47:44,301 - EyeRemoteControl - DEBUG - Stopping camera capture...
2025-12-19 02:47:44,321 - EyeRemoteControl - DEBUG - Releasing camera capture
2025-12-19 02:47:44,332 - EyeRemoteControl - DEBUG - Stopping playback for video: /home/pi/eye-remote-control/test.mp4
2025-12-19 02:47:47,121 - EyeRemoteControl - DEBUG - Searching for available camera devices...
2025-12-19 02:47:47,915 - EyeRemoteControl - DEBUG - Found available camera at device ID: 2
2025-12-19 02:47:47,916 - EyeRemoteControl - DEBUG - Starting camera capture on device ID: 2
2025-12-19 02:47:50,287 - EyeRemoteControl - DEBUG - Command detected: play
2025-12-19 02:47:51,420 - EyeRemoteControl - DEBUG - Stopping camera capture...
2025-12-19 02:47:51,460 - EyeRemoteControl - DEBUG - Releasing camera capture
2025-12-19 02:47:51,468 - EyeRemoteControl - DEBUG - Stopping playback for video: /home/pi/eye-remote-control/test.mp4
2025-12-19 02:47:53,666 - EyeRemoteControl - DEBUG - Searching for available camera devices...
2025-12-19 02:47:54,379 - EyeRemoteControl - DEBUG - Found available camera at device ID: 2
2025-12-19 02:47:54,380 - EyeRemoteControl - DEBUG - Starting camera capture on device ID: 2
2025-12-19 02:47:57,371 - EyeRemoteControl - DEBUG - Stopping camera capture...
2025-12-19 02:47:57,374 - EyeRemoteControl - DEBUG - Releasing camera capture
2025-12-19 02:47:57,388 - EyeRemoteControl - DEBUG - Shutting down video player thread
2025-12-19 02:47:57,408 - EyeRemoteControl - DEBUG - Releasing video capture
2025-12-19 02:47:57,419 - EyeRemoteControl - DEBUG - Video player thread exited
