2025-12-20 07:10:50,009 - EyeRemoteControl - DEBUG - Searching for available camera devices...
2025-12-20 07:10:50,827 - EyeRemoteControl - DEBUG - Found available camera at device ID: 2
2025-12-20 07:10:50,827 - EyeRemoteControl - DEBUG - Starting camera capture on device ID: 2
2025-12-20 07:10:51,658 - EyeRemoteControl - DEBUG - Command detected: pause
2025-12-20 07:10:57,182 - EyeRemoteControl - DEBUG - Command detected: play
2025-12-20 07:10:57,968 - EyeRemoteControl - DEBUG - Attempting to load video: /home/pi/eye-remote-control/assets/oceans.mp4
2025-12-20 07:10:58,040 - EyeRemoteControl - DEBUG - Successfully loaded video: /home/pi/eye-remote-control/assets/oceans.mp4, total frames: 1116
2025-12-20 07:10:58,647 - EyeRemoteControl - DEBUG - Command detected: pause
2025-12-20 07:10:58,648 - EyeRemoteControl - DEBUG - Pausing playback for video: /home/pi/eye-remote-control/assets/oceans.mp4
2025-12-20 07:11:04,075 - EyeRemoteControl - DEBUG - Command detected: play
2025-12-20 07:11:08,659 - EyeRemoteControl - DEBUG - Command detected: pause
2025-12-20 07:11:08,664 - EyeRemoteControl - DEBUG - Pausing playback for video: /home/pi/eye-remote-control/assets/oceans.mp4
2025-12-20 07:11:08,673 - EyeRemoteControl - DEBUG - Playback paused, waiting...
2025-12-20 07:11:08,775 - EyeRemoteControl - DEBUG - Playback paused, waiting...
2025-12-20 07:11:08,881 - EyeRemoteControl - DEBUG - Playback paused, waiting...
2025-12-20 07:11:08,981 - EyeRemoteControl - DEBUG - Playback paused, waiting...
2025-12-20 07:11:09,085 - EyeRemoteControl - DEBUG - Playback paused, waiting...
2025-12-20 07:11:09,189 - EyeRemoteControl - DEBUG - Playback paused, waiting...
2025-12-20 07:11:09,292 - EyeRemoteControl - DEBUG - Playback paused, waiting...
2025-12-20 07:11:09,400 - EyeRemoteControl - DEBUG - Playback paused, waiting...
2025-12-20 07:11:09,500 - EyeRemoteControl - DEBUG - Playback paused, waiting...
2025-12-20 07:11:09,601 - EyeRemoteControl - DEBUG - Playback paused, waiting...
2025-12-20 07:11:09,703 - EyeRemoteControl - DEBUG - Playback paused, waiting...
2025-12-20 07:11:09,804 - EyeRemoteControl - DEBUG - Playback paused, waiting...
2025-12-20 07:11:09,905 - EyeRemoteControl - DEBUG - Playback paused, waiting...
2025-12-20 07:11:10,007 - EyeRemoteControl - DEBUG - Playback paused, waiting...
2025-12-20 07:11:10,109 - EyeRemoteControl - DEBUG - Playback paused, waiting...
2025-12-20 07:11:10,210 - EyeRemoteControl - DEBUG - Playback paused, waiting...
2025-12-20 07:11:10,312 - EyeRemoteControl - DEBUG - Playback paused, waiting...
2025-12-20 07:11:10,413 - EyeRemoteControl - DEBUG - Playback paused, waiting...
2025-12-20 07:11:10,514 - EyeRemoteControl - DEBUG - Playback paused, waiting...
2025-12-20 07:11:10,616 - EyeRemoteControl - DEBUG - Playback paused, waiting...
2025-12-20 07:11:10,718 - EyeRemoteControl - DEBUG - Playback paused, waiting...
2025-12-20 07:11:10,770 - EyeRemoteControl - DEBUG - Command detected: play
2025-12-20 07:11:19,400 - EyeRemoteControl - DEBUG - Stopping playback for video: /home/pi/eye-remote-control/assets/oceans.mp4
2025-12-20 07:11:19,414 - EyeRemoteControl - DEBUG - Attempting to load video: /home/pi/111.mp4
2025-12-20 07:11:19,414 - EyeRemoteControl - DEBUG - Releasing video capture
2025-12-20 07:11:19,506 - EyeRemoteControl - DEBUG - Successfully loaded video: /home/pi/111.mp4, total frames: 258
2025-12-20 07:11:22,684 - EyeRemoteControl - DEBUG - Command detected: pause
2025-12-20 07:11:22,956 - EyeRemoteControl - DEBUG - Pausing playback for video: /home/pi/111.mp4
2025-12-20 07:11:24,823 - EyeRemoteControl - DEBUG - Command detected: play
2025-12-20 07:11:29,472 - EyeRemoteControl - DEBUG - Stopping playback for video: /home/pi/111.mp4
2025-12-20 07:11:29,477 - EyeRemoteControl - DEBUG - Attempting to load video: /home/pi/eye-remote-control/assets/oceans.mp4
2025-12-20 07:11:29,478 - EyeRemoteControl - DEBUG - Releasing video capture
2025-12-20 07:11:29,554 - EyeRemoteControl - DEBUG - Successfully loaded video: /home/pi/eye-remote-control/assets/oceans.mp4, total frames: 1116
2025-12-20 07:11:32,789 - EyeRemoteControl - DEBUG - Command detected: pause
2025-12-20 07:11:32,791 - EyeRemoteControl - DEBUG - Pausing playback for video: /home/pi/eye-remote-control/assets/oceans.mp4
2025-12-20 07:11:38,417 - EyeRemoteControl - DEBUG - Command detected: play
2025-12-20 07:11:41,140 - EyeRemoteControl - DEBUG - Command detected: pause
2025-12-20 07:11:41,160 - EyeRemoteControl - DEBUG - Pausing playback for video: /home/pi/eye-remote-control/assets/oceans.mp4
2025-12-20 07:11:41,169 - EyeRemoteControl - DEBUG - Playback paused, waiting...
2025-12-20 07:11:41,270 - EyeRemoteControl - DEBUG - Playback paused, waiting...
2025-12-20 07:11:41,370 - EyeRemoteControl - DEBUG - Playback paused, waiting...
2025-12-20 07:11:41,474 - EyeRemoteControl - DEBUG - Playback paused, waiting...
2025-12-20 07:11:41,577 - EyeRemoteControl - DEBUG - Playback paused, waiting...
2025-12-20 07:11:41,679 - EyeRemoteControl - DEBUG - Playback paused, waiting...
2025-12-20 07:11:41,780 - EyeRemoteControl - DEBUG - Playback paused, waiting...
2025-12-20 07:11:41,881 - EyeRemoteControl - DEBUG - Playback paused, waiting...
2025-12-20 07:11:41,982 - EyeRemoteControl - DEBUG - Playback paused, waiting...
2025-12-20 07:11:42,087 - EyeRemoteControl - DEBUG - Playback paused, waiting...
2025-12-20 07:11:42,188 - EyeRemoteControl - DEBUG - Playback paused, waiting...
2025-12-20 07:11:42,289 - EyeRemoteControl - DEBUG - Playback paused, waiting...
2025-12-20 07:11:42,390 - EyeRemoteControl - DEBUG - Playback paused, waiting...
2025-12-20 07:11:42,491 - EyeRemoteControl - DEBUG - Playback paused, waiting...
2025-12-20 07:11:42,592 - EyeRemoteControl - DEBUG - Playback paused, waiting...
2025-12-20 07:11:42,694 - EyeRemoteControl - DEBUG - Playback paused, waiting...
2025-12-20 07:11:42,795 - EyeRemoteControl - DEBUG - Playback paused, waiting...
2025-12-20 07:11:42,898 - EyeRemoteControl - DEBUG - Playback paused, waiting...
2025-12-20 07:11:42,999 - EyeRemoteControl - DEBUG - Playback paused, waiting...
2025-12-20 07:11:43,100 - EyeRemoteControl - DEBUG - Playback paused, waiting...
2025-12-20 07:11:43,201 - EyeRemoteControl - DEBUG - Playback paused, waiting...
2025-12-20 07:11:43,307 - EyeRemoteControl - DEBUG - Playback paused, waiting...
2025-12-20 07:11:43,410 - EyeRemoteControl - DEBUG - Playback paused, waiting...
2025-12-20 07:11:43,513 - EyeRemoteControl - DEBUG - Playback paused, waiting...
2025-12-20 07:11:43,613 - EyeRemoteControl - DEBUG - Playback paused, waiting...
2025-12-20 07:11:43,719 - EyeRemoteControl - DEBUG - Playback paused, waiting...
2025-12-20 07:11:43,819 - EyeRemoteControl - DEBUG - Playback paused, waiting...
2025-12-20 07:11:43,920 - EyeRemoteControl - DEBUG - Playback paused, waiting...
2025-12-20 07:11:44,020 - EyeRemoteControl - DEBUG - Playback paused, waiting...
2025-12-20 07:11:44,121 - EyeRemoteControl - DEBUG - Playback paused, waiting...
2025-12-20 07:11:44,221 - EyeRemoteControl - DEBUG - Playback paused, waiting...
2025-12-20 07:11:44,322 - EyeRemoteControl - DEBUG - Playback paused, waiting...
2025-12-20 07:11:44,422 - EyeRemoteControl - DEBUG - Playback paused, waiting...
2025-12-20 07:11:44,523 - EyeRemoteControl - DEBUG - Playback paused, waiting...
2025-12-20 07:11:44,623 - EyeRemoteControl - DEBUG - Playback paused, waiting...
2025-12-20 07:11:44,724 - EyeRemoteControl - DEBUG - Playback paused, waiting...
2025-12-20 07:11:44,825 - EyeRemoteControl - DEBUG - Playback paused, waiting...
2025-12-20 07:11:44,926 - EyeRemoteControl - DEBUG - Playback paused, waiting...
2025-12-20 07:11:45,028 - EyeRemoteControl - DEBUG - Playback paused, waiting...
2025-12-20 07:11:45,131 - EyeRemoteControl - DEBUG - Playback paused, waiting...
2025-12-20 07:11:45,231 - EyeRemoteControl - DEBUG - Playback paused, waiting...
2025-12-20 07:11:45,332 - EyeRemoteControl - DEBUG - Playback paused, waiting...
2025-12-20 07:11:45,441 - EyeRemoteControl - DEBUG - Playback paused, waiting...
2025-12-20 07:11:45,549 - EyeRemoteControl - DEBUG - Playback paused, waiting...
2025-12-20 07:11:45,656 - EyeRemoteControl - DEBUG - Playback paused, waiting...
2025-12-20 07:11:45,757 - EyeRemoteControl - DEBUG - Playback paused, waiting...
2025-12-20 07:11:45,859 - EyeRemoteControl - DEBUG - Playback paused, waiting...
2025-12-20 07:11:45,960 - EyeRemoteControl - DEBUG - Playback paused, waiting...
2025-12-20 07:11:46,061 - EyeRemoteControl - DEBUG - Playback paused, waiting...
2025-12-20 07:11:46,162 - EyeRemoteControl - DEBUG - Playback paused, waiting...
2025-12-20 07:11:46,273 - EyeRemoteControl - DEBUG - Playback paused, waiting...
2025-12-20 07:11:46,378 - EyeRemoteControl - DEBUG - Playback paused, waiting...
2025-12-20 07:11:46,479 - EyeRemoteControl - DEBUG - Playback paused, waiting...
2025-12-20 07:11:46,581 - EyeRemoteControl - DEBUG - Playback paused, waiting...
2025-12-20 07:11:46,682 - EyeRemoteControl - DEBUG - Playback paused, waiting...
2025-12-20 07:11:46,784 - EyeRemoteControl - DEBUG - Playback paused, waiting...
2025-12-20 07:11:46,885 - EyeRemoteControl - DEBUG - Playback paused, waiting...
2025-12-20 07:11:46,986 - EyeRemoteControl - DEBUG - Playback paused, waiting...
2025-12-20 07:11:47,087 - EyeRemoteControl - DEBUG - Playback paused, waiting...
2025-12-20 07:11:47,189 - EyeRemoteControl - DEBUG - Playback paused, waiting...
2025-12-20 07:11:47,290 - EyeRemoteControl - DEBUG - Playback paused, waiting...
2025-12-20 07:11:47,391 - EyeRemoteControl - DEBUG - Playback paused, waiting...
2025-12-20 07:11:47,492 - EyeRemoteControl - DEBUG - Playback paused, waiting...
2025-12-20 07:11:47,594 - EyeRemoteControl - DEBUG - Playback paused, waiting...
2025-12-20 07:11:47,696 - EyeRemoteControl - DEBUG - Playback paused, waiting...
2025-12-20 07:11:47,797 - EyeRemoteControl - DEBUG - Playback paused, waiting...
2025-12-20 07:11:47,904 - EyeRemoteControl - DEBUG - Playback paused, waiting...
2025-12-20 07:11:48,008 - EyeRemoteControl - DEBUG - Playback paused, waiting...
2025-12-20 07:11:48,109 - EyeRemoteControl - DEBUG - Playback paused, waiting...
2025-12-20 07:11:48,211 - EyeRemoteControl - DEBUG - Playback paused, waiting...
2025-12-20 07:11:48,312 - EyeRemoteControl - DEBUG - Playback paused, waiting...
2025-12-20 07:11:48,420 - EyeRemoteControl - DEBUG - Playback paused, waiting...
2025-12-20 07:11:48,515 - EyeRemoteControl - DEBUG - Command detected: play
2025-12-20 07:11:50,554 - EyeRemoteControl - DEBUG - Command detected: pause
2025-12-20 07:11:50,560 - EyeRemoteControl - DEBUG - Pausing playback for video: /home/pi/eye-remote-control/assets/oceans.mp4
2025-12-20 07:11:50,602 - EyeRemoteControl - DEBUG - Playback paused, waiting...
2025-12-20 07:11:50,703 - EyeRemoteControl - DEBUG - Playback paused, waiting...
2025-12-20 07:11:50,810 - EyeRemoteControl - DEBUG - Playback paused, waiting...
2025-12-20 07:11:50,911 - EyeRemoteControl - DEBUG - Playback paused, waiting...
2025-12-20 07:11:51,012 - EyeRemoteControl - DEBUG - Playback paused, waiting...
2025-12-20 07:11:51,117 - EyeRemoteControl - DEBUG - Playback paused, waiting...
2025-12-20 07:11:51,218 - EyeRemoteControl - DEBUG - Playback paused, waiting...
2025-12-20 07:11:51,319 - EyeRemoteControl - DEBUG - Playback paused, waiting...
2025-12-20 07:11:51,432 - EyeRemoteControl - DEBUG - Playback paused, waiting...
2025-12-20 07:11:51,538 - EyeRemoteControl - DEBUG - Playback paused, waiting...
2025-12-20 07:11:51,641 - EyeRemoteControl - DEBUG - Playback paused, waiting...
2025-12-20 07:11:51,742 - EyeRemoteControl - DEBUG - Playback paused, waiting...
2025-12-20 07:11:51,844 - EyeRemoteControl - DEBUG - Playback paused, waiting...
2025-12-20 07:11:51,951 - EyeRemoteControl - DEBUG - Playback paused, waiting...
2025-12-20 07:11:52,052 - EyeRemoteControl - DEBUG - Playback paused, waiting...
2025-12-20 07:11:52,158 - EyeRemoteControl - DEBUG - Playback paused, waiting...
2025-12-20 07:11:52,259 - EyeRemoteControl - DEBUG - Playback paused, waiting...
2025-12-20 07:11:52,371 - EyeRemoteControl - DEBUG - Playback paused, waiting...
2025-12-20 07:11:52,479 - EyeRemoteControl - DEBUG - Playback paused, waiting...
2025-12-20 07:11:52,587 - EyeRemoteControl - DEBUG - Playback paused, waiting...
2025-12-20 07:11:52,691 - EyeRemoteControl - DEBUG - Playback paused, waiting...
2025-12-20 07:11:52,792 - EyeRemoteControl - DEBUG - Playback paused, waiting...
2025-12-20 07:11:52,893 - EyeRemoteControl - DEBUG - Playback paused, waiting...
2025-12-20 07:11:52,994 - EyeRemoteControl - DEBUG - Playback paused, waiting...
2025-12-20 07:11:53,101 - EyeRemoteControl - DEBUG - Playback paused, waiting...
2025-12-20 07:11:53,203 - EyeRemoteControl - DEBUG - Playback paused, waiting...
2025-12-20 07:11:53,307 - EyeRemoteControl - DEBUG - Playback paused, waiting...
2025-12-20 07:11:53,411 - EyeRemoteControl - DEBUG - Playback paused, waiting...
2025-12-20 07:11:53,512 - EyeRemoteControl - DEBUG - Playback paused, waiting...
2025-12-20 07:11:53,612 - EyeRemoteControl - DEBUG - Playback paused, waiting...
2025-12-20 07:11:53,719 - EyeRemoteControl - DEBUG - Playback paused, waiting...
2025-12-20 07:11:53,820 - EyeRemoteControl - DEBUG - Playback paused, waiting...
2025-12-20 07:11:53,925 - EyeRemoteControl - DEBUG - Playback paused, waiting...
2025-12-20 07:11:54,026 - EyeRemoteControl - DEBUG - Playback paused, waiting...
2025-12-20 07:11:54,131 - EyeRemoteControl - DEBUG - Playback paused, waiting...
2025-12-20 07:11:54,231 - EyeRemoteControl - DEBUG - Playback paused, waiting...
2025-12-20 07:11:54,332 - EyeRemoteControl - DEBUG - Playback paused, waiting...
2025-12-20 07:11:54,443 - EyeRemoteControl - DEBUG - Playback paused, waiting...
2025-12-20 07:11:54,543 - EyeRemoteControl - DEBUG - Playback paused, waiting...
2025-12-20 07:11:54,644 - EyeRemoteControl - DEBUG - Playback paused, waiting...
2025-12-20 07:11:54,745 - EyeRemoteControl - DEBUG - Playback paused, waiting...
2025-12-20 07:11:54,845 - EyeRemoteControl - DEBUG - Playback paused, waiting...
2025-12-20 07:11:54,946 - EyeRemoteControl - DEBUG - Playback paused, waiting...
2025-12-20 07:11:55,047 - EyeRemoteControl - DEBUG - Playback paused, waiting...
2025-12-20 07:11:55,147 - EyeRemoteControl - DEBUG - Playback paused, waiting...
2025-12-20 07:11:55,248 - EyeRemoteControl - DEBUG - Playback paused, waiting...
2025-12-20 07:11:55,349 - EyeRemoteControl - DEBUG - Playback paused, waiting...
2025-12-20 07:11:55,449 - EyeRemoteControl - DEBUG - Playback paused, waiting...
2025-12-20 07:11:55,550 - EyeRemoteControl - DEBUG - Playback paused, waiting...
2025-12-20 07:11:55,650 - EyeRemoteControl - DEBUG - Playback paused, waiting...
2025-12-20 07:11:55,751 - EyeRemoteControl - DEBUG - Playback paused, waiting...
2025-12-20 07:11:55,851 - EyeRemoteControl - DEBUG - Playback paused, waiting...
2025-12-20 07:11:55,952 - EyeRemoteControl - DEBUG - Playback paused, waiting...
2025-12-20 07:11:56,055 - EyeRemoteControl - DEBUG - Playback paused, waiting...
2025-12-20 07:11:56,157 - EyeRemoteControl - DEBUG - Playback paused, waiting...
2025-12-20 07:11:56,258 - EyeRemoteControl - DEBUG - Playback paused, waiting...
2025-12-20 07:11:56,362 - EyeRemoteControl - DEBUG - Playback paused, waiting...
2025-12-20 07:11:56,465 - EyeRemoteControl - DEBUG - Playback paused, waiting...
2025-12-20 07:11:56,567 - EyeRemoteControl - DEBUG - Playback paused, waiting...
2025-12-20 07:11:56,669 - EyeRemoteControl - DEBUG - Playback paused, waiting...
2025-12-20 07:11:56,770 - EyeRemoteControl - DEBUG - Playback paused, waiting...
2025-12-20 07:11:56,871 - EyeRemoteControl - DEBUG - Playback paused, waiting...
2025-12-20 07:11:56,975 - EyeRemoteControl - DEBUG - Playback paused, waiting...
2025-12-20 07:11:57,076 - EyeRemoteControl - DEBUG - Playback paused, waiting...
2025-12-20 07:11:57,177 - EyeRemoteControl - DEBUG - Playback paused, waiting...
2025-12-20 07:11:57,278 - EyeRemoteControl - DEBUG - Playback paused, waiting...
2025-12-20 07:11:57,366 - EyeRemoteControl - DEBUG - Command detected: play
2025-12-20 07:11:57,639 - EyeRemoteControl - DEBUG - Command detected: pause
2025-12-20 07:11:57,684 - EyeRemoteControl - DEBUG - Pausing playback for video: /home/pi/eye-remote-control/assets/oceans.mp4
2025-12-20 07:11:57,733 - EyeRemoteControl - DEBUG - Playback paused, waiting...
2025-12-20 07:11:57,835 - EyeRemoteControl - DEBUG - Playback paused, waiting...
2025-12-20 07:11:57,936 - EyeRemoteControl - DEBUG - Playback paused, waiting...
2025-12-20 07:11:58,037 - EyeRemoteControl - DEBUG - Playback paused, waiting...
2025-12-20 07:11:58,138 - EyeRemoteControl - DEBUG - Playback paused, waiting...
2025-12-20 07:11:58,241 - EyeRemoteControl - DEBUG - Playback paused, waiting...
2025-12-20 07:11:58,348 - EyeRemoteControl - DEBUG - Playback paused, waiting...
2025-12-20 07:11:58,450 - EyeRemoteControl - DEBUG - Playback paused, waiting...
2025-12-20 07:11:58,551 - EyeRemoteControl - DEBUG - Playback paused, waiting...
2025-12-20 07:11:58,652 - EyeRemoteControl - DEBUG - Playback paused, waiting...
2025-12-20 07:11:58,753 - EyeRemoteControl - DEBUG - Playback paused, waiting...
2025-12-20 07:11:58,854 - EyeRemoteControl - DEBUG - Playback paused, waiting...
2025-12-20 07:11:58,958 - EyeRemoteControl - DEBUG - Playback paused, waiting...
2025-12-20 07:11:59,063 - EyeRemoteControl - DEBUG - Playback paused, waiting...
2025-12-20 07:11:59,168 - EyeRemoteControl - DEBUG - Playback paused, waiting...
2025-12-20 07:11:59,270 - EyeRemoteControl - DEBUG - Playback paused, waiting...
2025-12-20 07:11:59,371 - EyeRemoteControl - DEBUG - Playback paused, waiting...
2025-12-20 07:11:59,472 - EyeRemoteControl - DEBUG - Playback paused, waiting...
2025-12-20 07:11:59,573 - EyeRemoteControl - DEBUG - Playback paused, waiting...
2025-12-20 07:11:59,674 - EyeRemoteControl - DEBUG - Playback paused, waiting...
2025-12-20 07:11:59,777 - EyeRemoteControl - DEBUG - Playback paused, waiting...
2025-12-20 07:11:59,879 - EyeRemoteControl - DEBUG - Playback paused, waiting...
2025-12-20 07:11:59,980 - EyeRemoteControl - DEBUG - Playback paused, waiting...
2025-12-20 07:12:00,081 - EyeRemoteControl - DEBUG - Playback paused, waiting...
2025-12-20 07:12:00,181 - EyeRemoteControl - DEBUG - Playback paused, waiting...
2025-12-20 07:12:00,283 - EyeRemoteControl - DEBUG - Playback paused, waiting...
2025-12-20 07:12:00,390 - EyeRemoteControl - DEBUG - Playback paused, waiting...
2025-12-20 07:12:00,491 - EyeRemoteControl - DEBUG - Playback paused, waiting...
2025-12-20 07:12:00,591 - EyeRemoteControl - DEBUG - Playback paused, waiting...
2025-12-20 07:12:00,693 - EyeRemoteControl - DEBUG - Playback paused, waiting...
2025-12-20 07:12:00,794 - EyeRemoteControl - DEBUG - Playback paused, waiting...
2025-12-20 07:12:00,895 - EyeRemoteControl - DEBUG - Playback paused, waiting...
2025-12-20 07:12:00,997 - EyeRemoteControl - DEBUG - Playback paused, waiting...
2025-12-20 07:12:01,098 - EyeRemoteControl - DEBUG - Playback paused, waiting...
2025-12-20 07:12:01,199 - EyeRemoteControl - DEBUG - Playback paused, waiting...
2025-12-20 07:12:01,300 - EyeRemoteControl - DEBUG - Playback paused, waiting...
2025-12-20 07:12:01,401 - EyeRemoteControl - DEBUG - Playback paused, waiting...
2025-12-20 07:12:01,506 - EyeRemoteControl - DEBUG - Playback paused, waiting...
2025-12-20 07:12:01,611 - EyeRemoteControl - DEBUG - Playback paused, waiting...
2025-12-20 07:12:01,711 - EyeRemoteControl - DEBUG - Playback paused, waiting...
2025-12-20 07:12:01,812 - EyeRemoteControl - DEBUG - Playback paused, waiting...
2025-12-20 07:12:01,912 - EyeRemoteControl - DEBUG - Playback paused, waiting...
2025-12-20 07:12:02,013 - EyeRemoteControl - DEBUG - Playback paused, waiting...
2025-12-20 07:12:02,114 - EyeRemoteControl - DEBUG - Playback paused, waiting...
2025-12-20 07:12:02,216 - EyeRemoteControl - DEBUG - Playback paused, waiting...
2025-12-20 07:12:02,316 - EyeRemoteControl - DEBUG - Playback paused, waiting...
2025-12-20 07:12:02,418 - EyeRemoteControl - DEBUG - Playback paused, waiting...
2025-12-20 07:12:02,520 - EyeRemoteControl - DEBUG - Playback paused, waiting...
2025-12-20 07:12:02,623 - EyeRemoteControl - DEBUG - Playback paused, waiting...
2025-12-20 07:12:02,724 - EyeRemoteControl - DEBUG - Playback paused, waiting...
2025-12-20 07:12:02,825 - EyeRemoteControl - DEBUG - Playback paused, waiting...
2025-12-20 07:12:02,935 - EyeRemoteControl - DEBUG - Playback paused, waiting...
2025-12-20 07:12:03,037 - EyeRemoteControl - DEBUG - Playback paused, waiting...
2025-12-20 07:12:03,137 - EyeRemoteControl - DEBUG - Playback paused, waiting...
2025-12-20 07:12:03,238 - EyeRemoteControl - DEBUG - Playback paused, waiting...
2025-12-20 07:12:03,339 - EyeRemoteControl - DEBUG - Playback paused, waiting...
2025-12-20 07:12:03,440 - EyeRemoteControl - DEBUG - Playback paused, waiting...
2025-12-20 07:12:03,540 - EyeRemoteControl - DEBUG - Playback paused, waiting...
2025-12-20 07:12:03,641 - EyeRemoteControl - DEBUG - Playback paused, waiting...
2025-12-20 07:12:03,742 - EyeRemoteControl - DEBUG - Playback paused, waiting...
2025-12-20 07:12:03,843 - EyeRemoteControl - DEBUG - Playback paused, waiting...
2025-12-20 07:12:03,944 - EyeRemoteControl - DEBUG - Playback paused, waiting...
2025-12-20 07:12:04,045 - EyeRemoteControl - DEBUG - Playback paused, waiting...
2025-12-20 07:12:04,146 - EyeRemoteControl - DEBUG - Playback paused, waiting...
2025-12-20 07:12:04,247 - EyeRemoteControl - DEBUG - Playback paused, waiting...
2025-12-20 07:12:04,348 - EyeRemoteControl - DEBUG - Playback paused, waiting...
2025-12-20 07:12:04,450 - EyeRemoteControl - DEBUG - Playback paused, waiting...
2025-12-20 07:12:04,552 - EyeRemoteControl - DEBUG - Playback paused, waiting...
2025-12-20 07:12:04,653 - EyeRemoteControl - DEBUG - Playback paused, waiting...
2025-12-20 07:12:04,756 - EyeRemoteControl - DEBUG - Playback paused, waiting...
2025-12-20 07:12:04,863 - EyeRemoteControl - DEBUG - Playback paused, waiting...
2025-12-20 07:12:04,963 - EyeRemoteControl - DEBUG - Playback paused, waiting...
2025-12-20 07:12:05,064 - EyeRemoteControl - DEBUG - Playback paused, waiting...
2025-12-20 07:12:05,164 - EyeRemoteControl - DEBUG - Playback paused, waiting...
2025-12-20 07:12:05,245 - EyeRemoteControl - DEBUG - Stopping playback for video: /home/pi/eye-remote-control/assets/oceans.mp4
2025-12-20 07:12:05,255 - EyeRemoteControl - DEBUG - Command detected: play
2025-12-20 07:12:05,271 - EyeRemoteControl - DEBUG - Attempting to load video: /home/pi/eye-remote-control/assets/oceans.mp4
2025-12-20 07:12:05,271 - EyeRemoteControl - DEBUG - Releasing video capture
2025-12-20 07:12:05,389 - EyeRemoteControl - DEBUG - Successfully loaded video: /home/pi/eye-remote-control/assets/oceans.mp4, total frames: 1116
2025-12-20 07:12:13,064 - EyeRemoteControl - DEBUG - Stopping playback for video: /home/pi/eye-remote-control/assets/oceans.mp4
2025-12-20 07:12:13,075 - EyeRemoteControl - DEBUG - Attempting to load video: /home/pi/111.mp4
2025-12-20 07:12:13,075 - EyeRemoteControl - DEBUG - Releasing video capture
2025-12-20 07:12:13,234 - EyeRemoteControl - DEBUG - Successfully loaded video: /home/pi/111.mp4, total frames: 258
2025-12-20 07:12:13,972 - EyeRemoteControl - DEBUG - Command detected: pause
2025-12-20 07:12:13,978 - EyeRemoteControl - DEBUG - Pausing playback for video: /home/pi/111.mp4
2025-12-20 07:12:18,548 - EyeRemoteControl - DEBUG - Command detected: play
2025-12-20 07:12:24,969 - EyeRemoteControl - DEBUG - Command detected: pause
2025-12-20 07:12:24,982 - EyeRemoteControl - DEBUG - Pausing playback for video: /home/pi/111.mp4
2025-12-20 07:12:25,035 - EyeRemoteControl - DEBUG - Playback paused, waiting...
2025-12-20 07:12:25,139 - EyeRemoteControl - DEBUG - Playback paused, waiting...
2025-12-20 07:12:25,240 - EyeRemoteControl - DEBUG - Playback paused, waiting...
2025-12-20 07:12:25,347 - EyeRemoteControl - DEBUG - Playback paused, waiting...
2025-12-20 07:12:25,448 - EyeRemoteControl - DEBUG - Playback paused, waiting...
2025-12-20 07:12:25,551 - EyeRemoteControl - DEBUG - Playback paused, waiting...
2025-12-20 07:12:25,652 - EyeRemoteControl - DEBUG - Playback paused, waiting...
2025-12-20 07:12:25,753 - EyeRemoteControl - DEBUG - Playback paused, waiting...
2025-12-20 07:12:25,855 - EyeRemoteControl - DEBUG - Playback paused, waiting...
2025-12-20 07:12:25,958 - EyeRemoteControl - DEBUG - Playback paused, waiting...
2025-12-20 07:12:26,059 - EyeRemoteControl - DEBUG - Playback paused, waiting...
2025-12-20 07:12:26,160 - EyeRemoteControl - DEBUG - Playback paused, waiting...
2025-12-20 07:12:26,261 - EyeRemoteControl - DEBUG - Playback paused, waiting...
2025-12-20 07:12:26,364 - EyeRemoteControl - DEBUG - Playback paused, waiting...
2025-12-20 07:12:26,465 - EyeRemoteControl - DEBUG - Playback paused, waiting...
2025-12-20 07:12:26,492 - EyeRemoteControl - DEBUG - Command detected: play
2025-12-20 07:12:30,350 - EyeRemoteControl - DEBUG - Stopping camera capture...
2025-12-20 07:12:30,359 - EyeRemoteControl - DEBUG - Releasing camera capture
2025-12-20 07:12:30,399 - EyeRemoteControl - DEBUG - Shutting down video player thread
2025-12-20 07:12:30,400 - EyeRemoteControl - DEBUG - Releasing video capture
2025-12-20 07:12:30,410 - EyeRemoteControl - DEBUG - Video player thread exited
