2025-12-20 07:16:29,633 - EyeRemoteControl - DEBUG - Searching for available camera devices...
2025-12-20 07:16:30,463 - EyeRemoteControl - DEBUG - Found available camera at device ID: 2
2025-12-20 07:16:30,463 - EyeRemoteControl - DEBUG - Starting camera capture on device ID: 2
2025-12-20 07:16:31,542 - EyeRemoteControl - DEBUG - Command detected: pause
2025-12-20 07:16:32,513 - EyeRemoteControl - DEBUG - Command detected: play
2025-12-20 07:16:35,508 - EyeRemoteControl - DEBUG - Attempting to load video: /home/pi/eye-remote-control/assets/oceans.mp4
2025-12-20 07:16:35,593 - EyeRemoteControl - DEBUG - Successfully loaded video: /home/pi/eye-remote-control/assets/oceans.mp4, total frames: 1116
2025-12-20 07:16:37,916 - EyeRemoteControl - DEBUG - Command detected: pause
2025-12-20 07:16:37,917 - EyeRemoteControl - DEBUG - Pausing playback for video: /home/pi/eye-remote-control/assets/oceans.mp4
2025-12-20 07:16:39,726 - EyeRemoteControl - DEBUG - Command detected: play
2025-12-20 07:16:42,369 - EyeRemoteControl - DEBUG - Command detected: pause
2025-12-20 07:16:42,388 - EyeRemoteControl - DEBUG - Pausing playback for video: /home/pi/eye-remote-control/assets/oceans.mp4
2025-12-20 07:16:42,404 - EyeRemoteControl - DEBUG - Playback paused, waiting...
2025-12-20 07:16:42,505 - EyeRemoteControl - DEBUG - Playback paused, waiting...
2025-12-20 07:16:42,606 - EyeRemoteControl - DEBUG - Playback paused, waiting...
2025-12-20 07:16:42,706 - EyeRemoteControl - DEBUG - Playback paused, waiting...
2025-12-20 07:16:42,815 - EyeRemoteControl - DEBUG - Playback paused, waiting...
2025-12-20 07:16:42,917 - EyeRemoteControl - DEBUG - Playback paused, waiting...
2025-12-20 07:16:43,021 - EyeRemoteControl - DEBUG - Playback paused, waiting...
2025-12-20 07:16:43,124 - EyeRemoteControl - DEBUG - Playback paused, waiting...
2025-12-20 07:16:43,227 - EyeRemoteControl - DEBUG - Playback paused, waiting...
2025-12-20 07:16:43,333 - EyeRemoteControl - DEBUG - Playback paused, waiting...
2025-12-20 07:16:43,438 - EyeRemoteControl - DEBUG - Playback paused, waiting...
2025-12-20 07:16:43,540 - EyeRemoteControl - DEBUG - Playback paused, waiting...
2025-12-20 07:16:43,642 - EyeRemoteControl - DEBUG - Playback paused, waiting...
2025-12-20 07:16:43,743 - EyeRemoteControl - DEBUG - Playback paused, waiting...
2025-12-20 07:16:43,844 - EyeRemoteControl - DEBUG - Playback paused, waiting...
2025-12-20 07:16:43,945 - EyeRemoteControl - DEBUG - Playback paused, waiting...
2025-12-20 07:16:44,051 - EyeRemoteControl - DEBUG - Playback paused, waiting...
2025-12-20 07:16:44,152 - EyeRemoteControl - DEBUG - Playback paused, waiting...
2025-12-20 07:16:44,252 - EyeRemoteControl - DEBUG - Playback paused, waiting...
2025-12-20 07:16:44,353 - EyeRemoteControl - DEBUG - Playback paused, waiting...
2025-12-20 07:16:44,454 - EyeRemoteControl - DEBUG - Playback paused, waiting...
2025-12-20 07:16:44,554 - EyeRemoteControl - DEBUG - Playback paused, waiting...
2025-12-20 07:16:44,657 - EyeRemoteControl - DEBUG - Playback paused, waiting...
2025-12-20 07:16:44,760 - EyeRemoteControl - DEBUG - Playback paused, waiting...
2025-12-20 07:16:44,860 - EyeRemoteControl - DEBUG - Playback paused, waiting...
2025-12-20 07:16:44,961 - EyeRemoteControl - DEBUG - Playback paused, waiting...
2025-12-20 07:16:45,063 - EyeRemoteControl - DEBUG - Playback paused, waiting...
2025-12-20 07:16:45,163 - EyeRemoteControl - DEBUG - Playback paused, waiting...
2025-12-20 07:16:45,267 - EyeRemoteControl - DEBUG - Playback paused, waiting...
2025-12-20 07:16:45,367 - EyeRemoteControl - DEBUG - Playback paused, waiting...
2025-12-20 07:16:45,470 - EyeRemoteControl - DEBUG - Playback paused, waiting...
2025-12-20 07:16:45,572 - EyeRemoteControl - DEBUG - Playback paused, waiting...
2025-12-20 07:16:45,673 - EyeRemoteControl - DEBUG - Playback paused, waiting...
2025-12-20 07:16:45,774 - EyeRemoteControl - DEBUG - Playback paused, waiting...
2025-12-20 07:16:45,876 - EyeRemoteControl - DEBUG - Playback paused, waiting...
2025-12-20 07:16:45,978 - EyeRemoteControl - DEBUG - Playback paused, waiting...
2025-12-20 07:16:46,079 - EyeRemoteControl - DEBUG - Playback paused, waiting...
2025-12-20 07:16:46,180 - EyeRemoteControl - DEBUG - Playback paused, waiting...
2025-12-20 07:16:46,283 - EyeRemoteControl - DEBUG - Playback paused, waiting...
2025-12-20 07:16:46,386 - EyeRemoteControl - DEBUG - Playback paused, waiting...
2025-12-20 07:16:46,488 - EyeRemoteControl - DEBUG - Playback paused, waiting...
2025-12-20 07:16:46,590 - EyeRemoteControl - DEBUG - Playback paused, waiting...
2025-12-20 07:16:46,691 - EyeRemoteControl - DEBUG - Playback paused, waiting...
2025-12-20 07:16:46,794 - EyeRemoteControl - DEBUG - Playback paused, waiting...
2025-12-20 07:16:46,894 - EyeRemoteControl - DEBUG - Playback paused, waiting...
2025-12-20 07:16:46,995 - EyeRemoteControl - DEBUG - Playback paused, waiting...
2025-12-20 07:16:47,097 - EyeRemoteControl - DEBUG - Playback paused, waiting...
2025-12-20 07:16:47,198 - EyeRemoteControl - DEBUG - Playback paused, waiting...
2025-12-20 07:16:47,310 - EyeRemoteControl - DEBUG - Playback paused, waiting...
2025-12-20 07:16:47,424 - EyeRemoteControl - DEBUG - Playback paused, waiting...
2025-12-20 07:16:47,527 - EyeRemoteControl - DEBUG - Playback paused, waiting...
2025-12-20 07:16:47,633 - EyeRemoteControl - DEBUG - Playback paused, waiting...
2025-12-20 07:16:47,741 - EyeRemoteControl - DEBUG - Playback paused, waiting...
2025-12-20 07:16:47,842 - EyeRemoteControl - DEBUG - Playback paused, waiting...
2025-12-20 07:16:47,942 - EyeRemoteControl - DEBUG - Playback paused, waiting...
2025-12-20 07:16:48,043 - EyeRemoteControl - DEBUG - Playback paused, waiting...
2025-12-20 07:16:48,107 - EyeRemoteControl - DEBUG - Command detected: play
2025-12-20 07:17:03,456 - EyeRemoteControl - DEBUG - Stopping playback for video: /home/pi/eye-remote-control/assets/oceans.mp4
2025-12-20 07:17:03,467 - EyeRemoteControl - DEBUG - Attempting to load video: /home/pi/111.mp4
2025-12-20 07:17:03,581 - EyeRemoteControl - DEBUG - Successfully loaded video: /home/pi/111.mp4, total frames: 258
2025-12-20 07:17:07,840 - EyeRemoteControl - DEBUG - Stopping playback for video: /home/pi/111.mp4
2025-12-20 07:17:07,873 - EyeRemoteControl - DEBUG - Attempting to load video: /home/pi/test.mp4
2025-12-20 07:17:07,920 - EyeRemoteControl - DEBUG - Successfully loaded video: /home/pi/test.mp4, total frames: 2276
2025-12-20 07:17:09,705 - EyeRemoteControl - DEBUG - Command detected: pause
2025-12-20 07:17:09,710 - EyeRemoteControl - DEBUG - Pausing playback for video: /home/pi/test.mp4
2025-12-20 07:17:14,253 - EyeRemoteControl - DEBUG - Command detected: play
2025-12-20 07:17:17,779 - EyeRemoteControl - DEBUG - Stopping playback for video: /home/pi/test.mp4
2025-12-20 07:17:17,799 - EyeRemoteControl - DEBUG - Attempting to load video: /home/pi/test.mp4
2025-12-20 07:17:17,872 - EyeRemoteControl - DEBUG - Successfully loaded video: /home/pi/test.mp4, total frames: 2276
2025-12-20 07:17:19,280 - EyeRemoteControl - DEBUG - Command detected: pause
2025-12-20 07:17:19,284 - EyeRemoteControl - DEBUG - Pausing playback for video: /home/pi/test.mp4
2025-12-20 07:17:21,061 - EyeRemoteControl - DEBUG - Command detected: play
2025-12-20 07:17:25,915 - EyeRemoteControl - DEBUG - Stopping playback for video: /home/pi/test.mp4
2025-12-20 07:17:25,924 - EyeRemoteControl - DEBUG - Attempting to load video: /home/pi/eye-remote-control/assets/oceans.mp4
2025-12-20 07:17:25,940 - EyeRemoteControl - DEBUG - Successfully loaded video: /home/pi/eye-remote-control/assets/oceans.mp4, total frames: 1116
2025-12-20 07:17:26,232 - EyeRemoteControl - DEBUG - Command detected: pause
2025-12-20 07:17:26,235 - EyeRemoteControl - DEBUG - Pausing playback for video: /home/pi/eye-remote-control/assets/oceans.mp4
2025-12-20 07:17:27,079 - EyeRemoteControl - DEBUG - Command detected: play
2025-12-20 07:17:35,984 - EyeRemoteControl - DEBUG - Stopping playback for video: /home/pi/eye-remote-control/assets/oceans.mp4
2025-12-20 07:17:35,986 - EyeRemoteControl - DEBUG - Attempting to load video: /home/pi/111.mp4
2025-12-20 07:17:36,015 - EyeRemoteControl - DEBUG - Successfully loaded video: /home/pi/111.mp4, total frames: 258
2025-12-20 07:17:37,899 - EyeRemoteControl - DEBUG - Command detected: pause
2025-12-20 07:17:37,901 - EyeRemoteControl - DEBUG - Pausing playback for video: /home/pi/111.mp4
2025-12-20 07:17:40,174 - EyeRemoteControl - DEBUG - Command detected: play
2025-12-20 07:17:44,268 - EyeRemoteControl - DEBUG - Stopping camera capture...
2025-12-20 07:17:44,306 - EyeRemoteControl - DEBUG - Releasing camera capture
2025-12-20 07:17:44,340 - EyeRemoteControl - DEBUG - Shutting down video player thread
2025-12-20 07:17:44,352 - EyeRemoteControl - DEBUG - Releasing video capture
2025-12-20 07:17:44,363 - EyeRemoteControl - DEBUG - Video player thread exited
