2025-12-20 06:28:09,465 - EyeRemoteControl - DEBUG - Searching for available camera devices...
2025-12-20 06:28:10,306 - EyeRemoteControl - DEBUG - Found available camera at device ID: 2
2025-12-20 06:28:10,306 - EyeRemoteControl - DEBUG - Starting camera capture on device ID: 2
2025-12-20 06:28:11,414 - EyeRemoteControl - DEBUG - Command detected: pause
2025-12-20 06:28:12,352 - EyeRemoteControl - DEBUG - Command detected: play
2025-12-20 06:28:13,557 - EyeRemoteControl - DEBUG - Command detected: pause
2025-12-20 06:28:16,710 - EyeRemoteControl - DEBUG - Command detected: play
2025-12-20 06:28:18,118 - EyeRemoteControl - DEBUG - Command detected: pause
2025-12-20 06:28:24,476 - EyeRemoteControl - DEBUG - Command detected: play
2025-12-20 06:28:27,161 - EyeRemoteControl - DEBUG - Attempting to load video: /home/pi/eye-remote-control/assets/oceans.mp4
2025-12-20 06:28:27,258 - EyeRemoteControl - DEBUG - Successfully loaded video: /home/pi/eye-remote-control/assets/oceans.mp4, total frames: 1116
2025-12-20 06:28:30,165 - EyeRemoteControl - DEBUG - Command detected: pause
2025-12-20 06:28:30,170 - EyeRemoteControl - DEBUG - Pausing playback for video: /home/pi/eye-remote-control/assets/oceans.mp4
2025-12-20 06:28:31,303 - EyeRemoteControl - DEBUG - Command detected: play
2025-12-20 06:28:40,883 - EyeRemoteControl - DEBUG - Stopping playback for video: /home/pi/eye-remote-control/assets/oceans.mp4
2025-12-20 06:28:40,889 - EyeRemoteControl - DEBUG - Attempting to load video: /home/pi/111.mp4
2025-12-20 06:28:40,893 - EyeRemoteControl - DEBUG - Releasing video capture
2025-12-20 06:28:40,920 - EyeRemoteControl - DEBUG - Successfully loaded video: /home/pi/111.mp4, total frames: 258
2025-12-20 06:28:43,263 - EyeRemoteControl - DEBUG - Command detected: pause
2025-12-20 06:28:43,266 - EyeRemoteControl - DEBUG - Pausing playback for video: /home/pi/111.mp4
2025-12-20 06:28:45,412 - EyeRemoteControl - DEBUG - Stopping camera capture...
2025-12-20 06:28:45,418 - EyeRemoteControl - DEBUG - Releasing camera capture
2025-12-20 06:28:45,452 - EyeRemoteControl - DEBUG - Shutting down video player thread
2025-12-20 06:28:45,469 - EyeRemoteControl - DEBUG - Releasing video capture
2025-12-20 06:28:45,478 - EyeRemoteControl - DEBUG - Video player thread exited
