2025-12-20 07:08:57,199 - EyeRemoteControl - DEBUG - Searching for available camera devices...
2025-12-20 07:08:58,000 - EyeRemoteControl - DEBUG - Found available camera at device ID: 2
2025-12-20 07:08:58,001 - EyeRemoteControl - DEBUG - Starting camera capture on device ID: 2
2025-12-20 07:08:59,131 - EyeRemoteControl - DEBUG - Command detected: pause
2025-12-20 07:09:00,196 - EyeRemoteControl - DEBUG - Command detected: play
2025-12-20 07:09:03,681 - EyeRemoteControl - DEBUG - Command detected: pause
2025-12-20 07:09:06,635 - EyeRemoteControl - DEBUG - Command detected: play
2025-12-20 07:09:08,589 - EyeRemoteControl - DEBUG - Attempting to load video: /home/pi/eye-remote-control/assets/oceans.mp4
2025-12-20 07:09:08,696 - EyeRemoteControl - DEBUG - Successfully loaded video: /home/pi/eye-remote-control/assets/oceans.mp4, total frames: 1116
2025-12-20 07:09:11,256 - EyeRemoteControl - DEBUG - Command detected: pause
2025-12-20 07:09:11,262 - EyeRemoteControl - DEBUG - Pausing playback for video: /home/pi/eye-remote-control/assets/oceans.mp4
2025-12-20 07:09:13,635 - EyeRemoteControl - DEBUG - Command detected: play
2025-12-20 07:09:15,764 - EyeRemoteControl - DEBUG - Command detected: pause
2025-12-20 07:09:15,768 - EyeRemoteControl - DEBUG - Pausing playback for video: /home/pi/eye-remote-control/assets/oceans.mp4
2025-12-20 07:09:15,792 - EyeRemoteControl - DEBUG - Playback paused, waiting...
2025-12-20 07:09:15,895 - EyeRemoteControl - DEBUG - Playback paused, waiting...
2025-12-20 07:09:15,996 - EyeRemoteControl - DEBUG - Playback paused, waiting...
2025-12-20 07:09:16,097 - EyeRemoteControl - DEBUG - Playback paused, waiting...
2025-12-20 07:09:16,197 - EyeRemoteControl - DEBUG - Playback paused, waiting...
2025-12-20 07:09:16,298 - EyeRemoteControl - DEBUG - Playback paused, waiting...
2025-12-20 07:09:16,398 - EyeRemoteControl - DEBUG - Playback paused, waiting...
2025-12-20 07:09:16,499 - EyeRemoteControl - DEBUG - Playback paused, waiting...
2025-12-20 07:09:16,600 - EyeRemoteControl - DEBUG - Playback paused, waiting...
2025-12-20 07:09:16,702 - EyeRemoteControl - DEBUG - Playback paused, waiting...
2025-12-20 07:09:16,803 - EyeRemoteControl - DEBUG - Playback paused, waiting...
2025-12-20 07:09:16,903 - EyeRemoteControl - DEBUG - Playback paused, waiting...
2025-12-20 07:09:17,004 - EyeRemoteControl - DEBUG - Playback paused, waiting...
2025-12-20 07:09:17,109 - EyeRemoteControl - DEBUG - Playback paused, waiting...
2025-12-20 07:09:17,211 - EyeRemoteControl - DEBUG - Playback paused, waiting...
2025-12-20 07:09:17,315 - EyeRemoteControl - DEBUG - Playback paused, waiting...
2025-12-20 07:09:17,415 - EyeRemoteControl - DEBUG - Playback paused, waiting...
2025-12-20 07:09:17,517 - EyeRemoteControl - DEBUG - Playback paused, waiting...
2025-12-20 07:09:17,620 - EyeRemoteControl - DEBUG - Playback paused, waiting...
2025-12-20 07:09:17,726 - EyeRemoteControl - DEBUG - Playback paused, waiting...
2025-12-20 07:09:17,835 - EyeRemoteControl - DEBUG - Playback paused, waiting...
2025-12-20 07:09:17,936 - EyeRemoteControl - DEBUG - Playback paused, waiting...
2025-12-20 07:09:18,037 - EyeRemoteControl - DEBUG - Playback paused, waiting...
2025-12-20 07:09:18,137 - EyeRemoteControl - DEBUG - Playback paused, waiting...
2025-12-20 07:09:18,241 - EyeRemoteControl - DEBUG - Playback paused, waiting...
2025-12-20 07:09:18,342 - EyeRemoteControl - DEBUG - Playback paused, waiting...
2025-12-20 07:09:18,358 - EyeRemoteControl - DEBUG - Command detected: play
2025-12-20 07:09:18,407 - EyeRemoteControl - DEBUG - Stopping camera capture...
2025-12-20 07:09:18,471 - EyeRemoteControl - DEBUG - Releasing camera capture
2025-12-20 07:09:18,512 - EyeRemoteControl - DEBUG - Stopping playback for video: /home/pi/eye-remote-control/assets/oceans.mp4
2025-12-20 07:09:20,147 - EyeRemoteControl - DEBUG - Searching for available camera devices...
2025-12-20 07:09:20,907 - EyeRemoteControl - DEBUG - Found available camera at device ID: 2
2025-12-20 07:09:20,907 - EyeRemoteControl - DEBUG - Starting camera capture on device ID: 2
2025-12-20 07:09:22,665 - EyeRemoteControl - DEBUG - Command detected: pause
2025-12-20 07:09:22,675 - EyeRemoteControl - DEBUG - Pausing playback for video: /home/pi/eye-remote-control/assets/oceans.mp4
2025-12-20 07:09:25,599 - EyeRemoteControl - DEBUG - Command detected: play
2025-12-20 07:09:36,803 - EyeRemoteControl - DEBUG - Command detected: pause
2025-12-20 07:09:36,836 - EyeRemoteControl - DEBUG - Pausing playback for video: /home/pi/eye-remote-control/assets/oceans.mp4
2025-12-20 07:09:36,841 - EyeRemoteControl - DEBUG - Playback paused, waiting...
2025-12-20 07:09:36,942 - EyeRemoteControl - DEBUG - Playback paused, waiting...
2025-12-20 07:09:37,043 - EyeRemoteControl - DEBUG - Playback paused, waiting...
2025-12-20 07:09:37,143 - EyeRemoteControl - DEBUG - Playback paused, waiting...
2025-12-20 07:09:37,244 - EyeRemoteControl - DEBUG - Playback paused, waiting...
2025-12-20 07:09:37,344 - EyeRemoteControl - DEBUG - Playback paused, waiting...
2025-12-20 07:09:37,445 - EyeRemoteControl - DEBUG - Playback paused, waiting...
2025-12-20 07:09:37,545 - EyeRemoteControl - DEBUG - Playback paused, waiting...
2025-12-20 07:09:37,649 - EyeRemoteControl - DEBUG - Playback paused, waiting...
2025-12-20 07:09:37,751 - EyeRemoteControl - DEBUG - Playback paused, waiting...
2025-12-20 07:09:37,852 - EyeRemoteControl - DEBUG - Playback paused, waiting...
2025-12-20 07:09:37,955 - EyeRemoteControl - DEBUG - Playback paused, waiting...
2025-12-20 07:09:38,059 - EyeRemoteControl - DEBUG - Playback paused, waiting...
2025-12-20 07:09:38,161 - EyeRemoteControl - DEBUG - Playback paused, waiting...
2025-12-20 07:09:38,262 - EyeRemoteControl - DEBUG - Playback paused, waiting...
2025-12-20 07:09:38,363 - EyeRemoteControl - DEBUG - Playback paused, waiting...
2025-12-20 07:09:38,467 - EyeRemoteControl - DEBUG - Playback paused, waiting...
2025-12-20 07:09:38,568 - EyeRemoteControl - DEBUG - Playback paused, waiting...
2025-12-20 07:09:38,669 - EyeRemoteControl - DEBUG - Playback paused, waiting...
2025-12-20 07:09:38,771 - EyeRemoteControl - DEBUG - Playback paused, waiting...
2025-12-20 07:09:38,872 - EyeRemoteControl - DEBUG - Playback paused, waiting...
2025-12-20 07:09:38,973 - EyeRemoteControl - DEBUG - Playback paused, waiting...
2025-12-20 07:09:39,075 - EyeRemoteControl - DEBUG - Playback paused, waiting...
2025-12-20 07:09:39,179 - EyeRemoteControl - DEBUG - Playback paused, waiting...
2025-12-20 07:09:39,280 - EyeRemoteControl - DEBUG - Playback paused, waiting...
2025-12-20 07:09:39,381 - EyeRemoteControl - DEBUG - Playback paused, waiting...
2025-12-20 07:09:39,489 - EyeRemoteControl - DEBUG - Playback paused, waiting...
2025-12-20 07:09:39,592 - EyeRemoteControl - DEBUG - Playback paused, waiting...
2025-12-20 07:09:39,697 - EyeRemoteControl - DEBUG - Playback paused, waiting...
2025-12-20 07:09:39,797 - EyeRemoteControl - DEBUG - Playback paused, waiting...
2025-12-20 07:09:39,898 - EyeRemoteControl - DEBUG - Playback paused, waiting...
2025-12-20 07:09:39,998 - EyeRemoteControl - DEBUG - Playback paused, waiting...
2025-12-20 07:09:40,099 - EyeRemoteControl - DEBUG - Playback paused, waiting...
2025-12-20 07:09:40,201 - EyeRemoteControl - DEBUG - Playback paused, waiting...
2025-12-20 07:09:40,303 - EyeRemoteControl - DEBUG - Playback paused, waiting...
2025-12-20 07:09:40,406 - EyeRemoteControl - DEBUG - Playback paused, waiting...
2025-12-20 07:09:40,507 - EyeRemoteControl - DEBUG - Playback paused, waiting...
2025-12-20 07:09:40,607 - EyeRemoteControl - DEBUG - Playback paused, waiting...
2025-12-20 07:09:40,715 - EyeRemoteControl - DEBUG - Playback paused, waiting...
2025-12-20 07:09:40,816 - EyeRemoteControl - DEBUG - Playback paused, waiting...
2025-12-20 07:09:40,919 - EyeRemoteControl - DEBUG - Playback paused, waiting...
2025-12-20 07:09:41,019 - EyeRemoteControl - DEBUG - Playback paused, waiting...
2025-12-20 07:09:41,055 - EyeRemoteControl - DEBUG - Command detected: play
2025-12-20 07:09:45,828 - EyeRemoteControl - DEBUG - Command detected: pause
2025-12-20 07:09:45,835 - EyeRemoteControl - DEBUG - Pausing playback for video: /home/pi/eye-remote-control/assets/oceans.mp4
2025-12-20 07:09:45,854 - EyeRemoteControl - DEBUG - Pausing playback for video: /home/pi/eye-remote-control/assets/oceans.mp4
2025-12-20 07:09:45,872 - EyeRemoteControl - DEBUG - Playback paused, waiting...
2025-12-20 07:09:45,974 - EyeRemoteControl - DEBUG - Playback paused, waiting...
2025-12-20 07:09:46,077 - EyeRemoteControl - DEBUG - Playback paused, waiting...
2025-12-20 07:09:46,178 - EyeRemoteControl - DEBUG - Playback paused, waiting...
2025-12-20 07:09:46,280 - EyeRemoteControl - DEBUG - Playback paused, waiting...
2025-12-20 07:09:46,381 - EyeRemoteControl - DEBUG - Playback paused, waiting...
2025-12-20 07:09:46,484 - EyeRemoteControl - DEBUG - Playback paused, waiting...
2025-12-20 07:09:46,586 - EyeRemoteControl - DEBUG - Playback paused, waiting...
2025-12-20 07:09:46,687 - EyeRemoteControl - DEBUG - Playback paused, waiting...
2025-12-20 07:09:47,796 - EyeRemoteControl - DEBUG - Command detected: play
2025-12-20 07:09:49,197 - EyeRemoteControl - DEBUG - Command detected: pause
2025-12-20 07:09:49,215 - EyeRemoteControl - DEBUG - Pausing playback for video: /home/pi/eye-remote-control/assets/oceans.mp4
2025-12-20 07:09:49,252 - EyeRemoteControl - DEBUG - Playback paused, waiting...
2025-12-20 07:09:49,352 - EyeRemoteControl - DEBUG - Playback paused, waiting...
2025-12-20 07:09:49,453 - EyeRemoteControl - DEBUG - Playback paused, waiting...
2025-12-20 07:09:49,554 - EyeRemoteControl - DEBUG - Playback paused, waiting...
2025-12-20 07:09:49,656 - EyeRemoteControl - DEBUG - Playback paused, waiting...
2025-12-20 07:09:49,761 - EyeRemoteControl - DEBUG - Playback paused, waiting...
2025-12-20 07:09:49,862 - EyeRemoteControl - DEBUG - Playback paused, waiting...
2025-12-20 07:09:49,964 - EyeRemoteControl - DEBUG - Playback paused, waiting...
2025-12-20 07:09:50,065 - EyeRemoteControl - DEBUG - Playback paused, waiting...
2025-12-20 07:09:50,168 - EyeRemoteControl - DEBUG - Playback paused, waiting...
2025-12-20 07:09:50,269 - EyeRemoteControl - DEBUG - Playback paused, waiting...
2025-12-20 07:09:50,370 - EyeRemoteControl - DEBUG - Playback paused, waiting...
2025-12-20 07:09:50,470 - EyeRemoteControl - DEBUG - Playback paused, waiting...
2025-12-20 07:09:50,571 - EyeRemoteControl - DEBUG - Playback paused, waiting...
2025-12-20 07:09:50,672 - EyeRemoteControl - DEBUG - Playback paused, waiting...
2025-12-20 07:09:50,772 - EyeRemoteControl - DEBUG - Playback paused, waiting...
2025-12-20 07:09:50,873 - EyeRemoteControl - DEBUG - Playback paused, waiting...
2025-12-20 07:09:50,974 - EyeRemoteControl - DEBUG - Playback paused, waiting...
2025-12-20 07:09:51,074 - EyeRemoteControl - DEBUG - Playback paused, waiting...
2025-12-20 07:09:51,149 - EyeRemoteControl - DEBUG - Stopping playback for video: /home/pi/eye-remote-control/assets/oceans.mp4
2025-12-20 07:09:57,250 - EyeRemoteControl - DEBUG - Command detected: play
2025-12-20 07:09:57,316 - EyeRemoteControl - DEBUG - Stopping playback for video: /home/pi/eye-remote-control/assets/oceans.mp4
