2025-12-19 02:41:07,958 - EyeRemoteControl - DEBUG - Searching for available camera devices...
2025-12-19 02:41:08,728 - EyeRemoteControl - DEBUG - Found available camera at device ID: 2
2025-12-19 02:41:08,729 - EyeRemoteControl - DEBUG - Starting camera capture on device ID: 2
2025-12-19 02:41:09,119 - EyeRemoteControl - DEBUG - Playback stopped, waiting...
2025-12-19 02:41:09,220 - EyeRemoteControl - DEBUG - Playback stopped, waiting...
2025-12-19 02:41:09,322 - EyeRemoteControl - DEBUG - Playback stopped, waiting...
2025-12-19 02:41:09,423 - EyeRemoteControl - DEBUG - Playback stopped, waiting...
2025-12-19 02:41:09,498 - EyeRemoteControl - DEBUG - Command detected: pause
2025-12-19 02:41:09,525 - EyeRemoteControl - DEBUG - Playback stopped, waiting...
2025-12-19 02:41:09,627 - EyeRemoteControl - DEBUG - Playback stopped, waiting...
2025-12-19 02:41:09,728 - EyeRemoteControl - DEBUG - Playback stopped, waiting...
2025-12-19 02:41:09,830 - EyeRemoteControl - DEBUG - Playback stopped, waiting...
2025-12-19 02:41:09,931 - EyeRemoteControl - DEBUG - Playback stopped, waiting...
2025-12-19 02:41:10,036 - EyeRemoteControl - DEBUG - Playback stopped, waiting...
2025-12-19 02:41:10,137 - EyeRemoteControl - DEBUG - Playback stopped, waiting...
2025-12-19 02:41:10,241 - EyeRemoteControl - DEBUG - Playback stopped, waiting...
2025-12-19 02:41:10,342 - EyeRemoteControl - DEBUG - Playback stopped, waiting...
2025-12-19 02:41:10,445 - EyeRemoteControl - DEBUG - Playback stopped, waiting...
2025-12-19 02:41:10,490 - EyeRemoteControl - DEBUG - Command detected: play
2025-12-19 02:41:10,546 - EyeRemoteControl - DEBUG - Playback stopped, waiting...
2025-12-19 02:41:10,647 - EyeRemoteControl - DEBUG - Playback stopped, waiting...
2025-12-19 02:41:10,747 - EyeRemoteControl - DEBUG - Playback stopped, waiting...
2025-12-19 02:41:10,851 - EyeRemoteControl - DEBUG - Playback stopped, waiting...
2025-12-19 02:41:10,952 - EyeRemoteControl - DEBUG - Playback stopped, waiting...
2025-12-19 02:41:11,053 - EyeRemoteControl - DEBUG - Playback stopped, waiting...
2025-12-19 02:41:11,154 - EyeRemoteControl - DEBUG - Playback stopped, waiting...
2025-12-19 02:41:11,255 - EyeRemoteControl - DEBUG - Playback stopped, waiting...
2025-12-19 02:41:11,358 - EyeRemoteControl - DEBUG - Playback stopped, waiting...
2025-12-19 02:41:11,459 - EyeRemoteControl - DEBUG - Playback stopped, waiting...
2025-12-19 02:41:11,560 - EyeRemoteControl - DEBUG - Playback stopped, waiting...
2025-12-19 02:41:11,661 - EyeRemoteControl - DEBUG - Playback stopped, waiting...
2025-12-19 02:41:11,763 - EyeRemoteControl - DEBUG - Playback stopped, waiting...
2025-12-19 02:41:11,866 - EyeRemoteControl - DEBUG - Playback stopped, waiting...
2025-12-19 02:41:11,968 - EyeRemoteControl - DEBUG - Playback stopped, waiting...
2025-12-19 02:41:12,069 - EyeRemoteControl - DEBUG - Playback stopped, waiting...
2025-12-19 02:41:12,178 - EyeRemoteControl - DEBUG - Playback stopped, waiting...
2025-12-19 02:41:12,280 - EyeRemoteControl - DEBUG - Playback stopped, waiting...
2025-12-19 02:41:12,381 - EyeRemoteControl - DEBUG - Playback stopped, waiting...
2025-12-19 02:41:12,482 - EyeRemoteControl - DEBUG - Playback stopped, waiting...
2025-12-19 02:41:12,588 - EyeRemoteControl - DEBUG - Playback stopped, waiting...
2025-12-19 02:41:12,689 - EyeRemoteControl - DEBUG - Playback stopped, waiting...
2025-12-19 02:41:12,790 - EyeRemoteControl - DEBUG - Playback stopped, waiting...
2025-12-19 02:41:12,891 - EyeRemoteControl - DEBUG - Playback stopped, waiting...
2025-12-19 02:41:13,002 - EyeRemoteControl - DEBUG - Playback stopped, waiting...
2025-12-19 02:41:13,103 - EyeRemoteControl - DEBUG - Playback stopped, waiting...
2025-12-19 02:41:13,204 - EyeRemoteControl - DEBUG - Playback stopped, waiting...
2025-12-19 02:41:13,305 - EyeRemoteControl - DEBUG - Playback stopped, waiting...
2025-12-19 02:41:13,406 - EyeRemoteControl - DEBUG - Playback stopped, waiting...
2025-12-19 02:41:13,507 - EyeRemoteControl - DEBUG - Playback stopped, waiting...
2025-12-19 02:41:13,608 - EyeRemoteControl - DEBUG - Playback stopped, waiting...
2025-12-19 02:41:13,709 - EyeRemoteControl - DEBUG - Playback stopped, waiting...
2025-12-19 02:41:13,818 - EyeRemoteControl - DEBUG - Playback stopped, waiting...
2025-12-19 02:41:13,919 - EyeRemoteControl - DEBUG - Playback stopped, waiting...
2025-12-19 02:41:14,020 - EyeRemoteControl - DEBUG - Playback stopped, waiting...
2025-12-19 02:41:14,122 - EyeRemoteControl - DEBUG - Playback stopped, waiting...
2025-12-19 02:41:14,223 - EyeRemoteControl - DEBUG - Playback stopped, waiting...
2025-12-19 02:41:14,325 - EyeRemoteControl - DEBUG - Playback stopped, waiting...
2025-12-19 02:41:14,433 - EyeRemoteControl - DEBUG - Playback stopped, waiting...
2025-12-19 02:41:14,539 - EyeRemoteControl - DEBUG - Playback stopped, waiting...
2025-12-19 02:41:14,640 - EyeRemoteControl - DEBUG - Playback stopped, waiting...
2025-12-19 02:41:14,741 - EyeRemoteControl - DEBUG - Playback stopped, waiting...
2025-12-19 02:41:14,842 - EyeRemoteControl - DEBUG - Playback stopped, waiting...
2025-12-19 02:41:14,943 - EyeRemoteControl - DEBUG - Playback stopped, waiting...
2025-12-19 02:41:15,044 - EyeRemoteControl - DEBUG - Playback stopped, waiting...
2025-12-19 02:41:15,145 - EyeRemoteControl - DEBUG - Playback stopped, waiting...
2025-12-19 02:41:15,246 - EyeRemoteControl - DEBUG - Playback stopped, waiting...
2025-12-19 02:41:15,347 - EyeRemoteControl - DEBUG - Playback stopped, waiting...
2025-12-19 02:41:15,448 - EyeRemoteControl - DEBUG - Playback stopped, waiting...
2025-12-19 02:41:15,549 - EyeRemoteControl - DEBUG - Playback stopped, waiting...
2025-12-19 02:41:15,651 - EyeRemoteControl - DEBUG - Playback stopped, waiting...
2025-12-19 02:41:15,681 - EyeRemoteControl - DEBUG - Stopping camera capture...
2025-12-19 02:41:15,687 - EyeRemoteControl - DEBUG - Releasing camera capture
2025-12-19 02:41:15,705 - EyeRemoteControl - DEBUG - Shutting down video player thread
2025-12-19 02:41:15,753 - EyeRemoteControl - DEBUG - Video player thread exited
