2025-12-19 02:41:55,943 - EyeRemoteControl - DEBUG - Searching for available camera devices...
2025-12-19 02:41:56,727 - EyeRemoteControl - DEBUG - Found available camera at device ID: 2
2025-12-19 02:41:56,728 - EyeRemoteControl - DEBUG - Starting camera capture on device ID: 2
2025-12-19 02:41:57,088 - EyeRemoteControl - DEBUG - Playback stopped, waiting...
2025-12-19 02:41:57,189 - EyeRemoteControl - DEBUG - Playback stopped, waiting...
2025-12-19 02:41:57,290 - EyeRemoteControl - DEBUG - Playback stopped, waiting...
2025-12-19 02:41:57,390 - EyeRemoteControl - DEBUG - Playback stopped, waiting...
2025-12-19 02:41:57,491 - EyeRemoteControl - DEBUG - Playback stopped, waiting...
2025-12-19 02:41:57,509 - EyeRemoteControl - DEBUG - Command detected: pause
2025-12-19 02:41:57,591 - EyeRemoteControl - DEBUG - Playback stopped, waiting...
2025-12-19 02:41:57,692 - EyeRemoteControl - DEBUG - Playback stopped, waiting...
2025-12-19 02:41:57,792 - EyeRemoteControl - DEBUG - Playback stopped, waiting...
2025-12-19 02:41:57,893 - EyeRemoteControl - DEBUG - Playback stopped, waiting...
2025-12-19 02:41:57,994 - EyeRemoteControl - DEBUG - Playback stopped, waiting...
2025-12-19 02:41:58,097 - EyeRemoteControl - DEBUG - Playback stopped, waiting...
2025-12-19 02:41:58,200 - EyeRemoteControl - DEBUG - Playback stopped, waiting...
2025-12-19 02:41:58,301 - EyeRemoteControl - DEBUG - Playback stopped, waiting...
2025-12-19 02:41:58,403 - EyeRemoteControl - DEBUG - Playback stopped, waiting...
2025-12-19 02:41:58,486 - EyeRemoteControl - DEBUG - Command detected: play
2025-12-19 02:41:58,504 - EyeRemoteControl - DEBUG - Playback stopped, waiting...
2025-12-19 02:41:58,605 - EyeRemoteControl - DEBUG - Playback stopped, waiting...
2025-12-19 02:41:58,706 - EyeRemoteControl - DEBUG - Playback stopped, waiting...
2025-12-19 02:41:58,807 - EyeRemoteControl - DEBUG - Playback stopped, waiting...
2025-12-19 02:41:58,909 - EyeRemoteControl - DEBUG - Playback stopped, waiting...
2025-12-19 02:41:59,013 - EyeRemoteControl - DEBUG - Playback stopped, waiting...
2025-12-19 02:41:59,116 - EyeRemoteControl - DEBUG - Playback stopped, waiting...
2025-12-19 02:41:59,217 - EyeRemoteControl - DEBUG - Playback stopped, waiting...
2025-12-19 02:41:59,323 - EyeRemoteControl - DEBUG - Playback stopped, waiting...
2025-12-19 02:41:59,424 - EyeRemoteControl - DEBUG - Playback stopped, waiting...
2025-12-19 02:41:59,527 - EyeRemoteControl - DEBUG - Playback stopped, waiting...
2025-12-19 02:41:59,630 - EyeRemoteControl - DEBUG - Playback stopped, waiting...
2025-12-19 02:41:59,731 - EyeRemoteControl - DEBUG - Playback stopped, waiting...
2025-12-19 02:41:59,833 - EyeRemoteControl - DEBUG - Playback stopped, waiting...
2025-12-19 02:41:59,906 - EyeRemoteControl - DEBUG - Attempting to load video: /home/pi/eye-remote-control/test.mp4
2025-12-19 02:41:59,933 - EyeRemoteControl - DEBUG - Successfully loaded video: /home/pi/eye-remote-control/test.mp4, total frames: 2276
2025-12-19 02:41:59,934 - EyeRemoteControl - DEBUG - Playback stopped, waiting...
2025-12-19 02:42:00,038 - EyeRemoteControl - DEBUG - Playback stopped, waiting...
2025-12-19 02:42:00,143 - EyeRemoteControl - DEBUG - Playback stopped, waiting...
2025-12-19 02:42:00,246 - EyeRemoteControl - DEBUG - Playback stopped, waiting...
2025-12-19 02:42:00,354 - EyeRemoteControl - DEBUG - Playback stopped, waiting...
2025-12-19 02:42:00,455 - EyeRemoteControl - DEBUG - Playback stopped, waiting...
2025-12-19 02:42:00,556 - EyeRemoteControl - DEBUG - Playback stopped, waiting...
2025-12-19 02:42:00,658 - EyeRemoteControl - DEBUG - Playback stopped, waiting...
2025-12-19 02:42:00,759 - EyeRemoteControl - DEBUG - Playback stopped, waiting...
2025-12-19 02:42:00,783 - EyeRemoteControl - DEBUG - Command detected: pause
2025-12-19 02:42:00,786 - EyeRemoteControl - DEBUG - Pausing playback for video: /home/pi/eye-remote-control/test.mp4
2025-12-19 02:42:00,860 - EyeRemoteControl - DEBUG - Playback stopped, waiting...
2025-12-19 02:42:00,960 - EyeRemoteControl - DEBUG - Playback stopped, waiting...
2025-12-19 02:42:01,062 - EyeRemoteControl - DEBUG - Playback stopped, waiting...
2025-12-19 02:42:01,163 - EyeRemoteControl - DEBUG - Playback stopped, waiting...
2025-12-19 02:42:01,274 - EyeRemoteControl - DEBUG - Playback stopped, waiting...
2025-12-19 02:42:01,375 - EyeRemoteControl - DEBUG - Playback stopped, waiting...
2025-12-19 02:42:01,479 - EyeRemoteControl - DEBUG - Playback stopped, waiting...
2025-12-19 02:42:01,580 - EyeRemoteControl - DEBUG - Playback stopped, waiting...
2025-12-19 02:42:01,681 - EyeRemoteControl - DEBUG - Playback stopped, waiting...
2025-12-19 02:42:01,782 - EyeRemoteControl - DEBUG - Playback stopped, waiting...
2025-12-19 02:42:01,886 - EyeRemoteControl - DEBUG - Playback stopped, waiting...
2025-12-19 02:42:01,987 - EyeRemoteControl - DEBUG - Playback stopped, waiting...
2025-12-19 02:42:02,088 - EyeRemoteControl - DEBUG - Playback stopped, waiting...
2025-12-19 02:42:02,192 - EyeRemoteControl - DEBUG - Playback stopped, waiting...
2025-12-19 02:42:02,293 - EyeRemoteControl - DEBUG - Playback stopped, waiting...
2025-12-19 02:42:02,394 - EyeRemoteControl - DEBUG - Playback stopped, waiting...
2025-12-19 02:42:02,495 - EyeRemoteControl - DEBUG - Playback stopped, waiting...
2025-12-19 02:42:02,595 - EyeRemoteControl - DEBUG - Playback stopped, waiting...
2025-12-19 02:42:02,696 - EyeRemoteControl - DEBUG - Playback stopped, waiting...
2025-12-19 02:42:02,797 - EyeRemoteControl - DEBUG - Playback stopped, waiting...
2025-12-19 02:42:02,898 - EyeRemoteControl - DEBUG - Playback stopped, waiting...
2025-12-19 02:42:02,999 - EyeRemoteControl - DEBUG - Playback stopped, waiting...
2025-12-19 02:42:03,100 - EyeRemoteControl - DEBUG - Playback stopped, waiting...
2025-12-19 02:42:03,201 - EyeRemoteControl - DEBUG - Playback stopped, waiting...
2025-12-19 02:42:03,302 - EyeRemoteControl - DEBUG - Playback stopped, waiting...
2025-12-19 02:42:03,403 - EyeRemoteControl - DEBUG - Playback stopped, waiting...
2025-12-19 02:42:03,504 - EyeRemoteControl - DEBUG - Playback stopped, waiting...
2025-12-19 02:42:03,528 - EyeRemoteControl - DEBUG - Command detected: play
2025-12-19 02:42:07,801 - EyeRemoteControl - DEBUG - Command detected: pause
2025-12-19 02:42:07,804 - EyeRemoteControl - DEBUG - Pausing playback for video: /home/pi/eye-remote-control/test.mp4
2025-12-19 02:42:08,951 - EyeRemoteControl - DEBUG - Command detected: play
2025-12-19 02:42:15,303 - EyeRemoteControl - DEBUG - Command detected: pause
2025-12-19 02:42:15,304 - EyeRemoteControl - DEBUG - Pausing playback for video: /home/pi/eye-remote-control/test.mp4
2025-12-19 02:42:16,447 - EyeRemoteControl - DEBUG - Command detected: play
2025-12-19 02:42:20,851 - EyeRemoteControl - DEBUG - Command detected: pause
2025-12-19 02:42:20,854 - EyeRemoteControl - DEBUG - Pausing playback for video: /home/pi/eye-remote-control/test.mp4
2025-12-19 02:42:44,298 - EyeRemoteControl - DEBUG - Command detected: play
2025-12-19 02:42:49,444 - EyeRemoteControl - DEBUG - Command detected: pause
2025-12-19 02:42:49,445 - EyeRemoteControl - DEBUG - Pausing playback for video: /home/pi/eye-remote-control/test.mp4
2025-12-19 02:42:55,952 - EyeRemoteControl - DEBUG - Command detected: play
2025-12-19 02:42:58,090 - EyeRemoteControl - DEBUG - Command detected: pause
2025-12-19 02:42:58,103 - EyeRemoteControl - DEBUG - Pausing playback for video: /home/pi/eye-remote-control/test.mp4
2025-12-19 02:42:59,571 - EyeRemoteControl - DEBUG - Command detected: play
2025-12-19 02:43:02,528 - EyeRemoteControl - DEBUG - Command detected: pause
2025-12-19 02:43:02,531 - EyeRemoteControl - DEBUG - Pausing playback for video: /home/pi/eye-remote-control/test.mp4
2025-12-19 02:43:07,605 - EyeRemoteControl - DEBUG - Command detected: play
2025-12-19 02:43:11,816 - EyeRemoteControl - DEBUG - Command detected: pause
2025-12-19 02:43:11,818 - EyeRemoteControl - DEBUG - Pausing playback for video: /home/pi/eye-remote-control/test.mp4
2025-12-19 02:43:13,353 - EyeRemoteControl - DEBUG - Command detected: play
2025-12-19 02:43:22,986 - EyeRemoteControl - DEBUG - Command detected: pause
2025-12-19 02:43:22,988 - EyeRemoteControl - DEBUG - Pausing playback for video: /home/pi/eye-remote-control/test.mp4
2025-12-19 02:43:24,876 - EyeRemoteControl - DEBUG - Command detected: play
2025-12-19 02:43:26,423 - EyeRemoteControl - DEBUG - Command detected: pause
2025-12-19 02:43:26,430 - EyeRemoteControl - DEBUG - Pausing playback for video: /home/pi/eye-remote-control/test.mp4
2025-12-19 02:43:32,318 - EyeRemoteControl - DEBUG - Command detected: play
2025-12-19 02:43:49,798 - EyeRemoteControl - DEBUG - Playback finished
2025-12-19 02:43:49,799 - EyeRemoteControl - DEBUG - Playback stopped, waiting...
2025-12-19 02:43:49,802 - EyeRemoteControl - DEBUG - Stopping playback for video: /home/pi/eye-remote-control/test.mp4
2025-12-19 02:43:49,900 - EyeRemoteControl - DEBUG - Playback stopped, waiting...
2025-12-19 02:43:49,904 - EyeRemoteControl - DEBUG - Attempting to load video: /home/pi/eye-remote-control/test.mp4
2025-12-19 02:43:49,904 - EyeRemoteControl - DEBUG - Releasing video capture
2025-12-19 02:43:49,952 - EyeRemoteControl - DEBUG - Successfully loaded video: /home/pi/eye-remote-control/test.mp4, total frames: 2276
2025-12-19 02:43:52,996 - EyeRemoteControl - DEBUG - Command detected: pause
2025-12-19 02:43:52,999 - EyeRemoteControl - DEBUG - Pausing playback for video: /home/pi/eye-remote-control/test.mp4
2025-12-19 02:43:58,010 - EyeRemoteControl - DEBUG - Stopping camera capture...
2025-12-19 02:43:58,053 - EyeRemoteControl - DEBUG - Releasing camera capture
2025-12-19 02:43:58,067 - EyeRemoteControl - DEBUG - Shutting down video player thread
2025-12-19 02:43:58,165 - EyeRemoteControl - DEBUG - Releasing video capture
2025-12-19 02:43:58,171 - EyeRemoteControl - DEBUG - Video player thread exited
