2025-12-19 02:44:03,702 - EyeRemoteControl - DEBUG - Searching for available camera devices...
2025-12-19 02:44:04,498 - EyeRemoteControl - DEBUG - Found available camera at device ID: 2
2025-12-19 02:44:04,498 - EyeRemoteControl - DEBUG - Starting camera capture on device ID: 2
2025-12-19 02:44:05,364 - EyeRemoteControl - DEBUG - Command detected: pause
2025-12-19 02:44:10,591 - EyeRemoteControl - DEBUG - Command detected: play
2025-12-19 02:44:15,345 - EyeRemoteControl - DEBUG - Command detected: pause
2025-12-19 02:44:20,027 - EyeRemoteControl - DEBUG - Attempting to load video: /home/pi/111.mp4
2025-12-19 02:44:20,047 - EyeRemoteControl - DEBUG - Successfully loaded video: /home/pi/111.mp4, total frames: 258
2025-12-19 02:44:24,320 - EyeRemoteControl - DEBUG - Command detected: play
2025-12-19 02:44:33,946 - EyeRemoteControl - DEBUG - Command detected: pause
2025-12-19 02:44:33,947 - EyeRemoteControl - DEBUG - Pausing playback for video: /home/pi/111.mp4
2025-12-19 02:44:33,954 - EyeRemoteControl - DEBUG - Playback paused or not playing, waiting...
2025-12-19 02:44:34,056 - EyeRemoteControl - DEBUG - Playback paused or not playing, waiting...
2025-12-19 02:44:34,158 - EyeRemoteControl - DEBUG - Playback paused or not playing, waiting...
2025-12-19 02:44:34,262 - EyeRemoteControl - DEBUG - Playback paused or not playing, waiting...
2025-12-19 02:44:34,364 - EyeRemoteControl - DEBUG - Playback paused or not playing, waiting...
2025-12-19 02:44:34,465 - EyeRemoteControl - DEBUG - Playback paused or not playing, waiting...
2025-12-19 02:44:34,566 - EyeRemoteControl - DEBUG - Playback paused or not playing, waiting...
2025-12-19 02:44:34,668 - EyeRemoteControl - DEBUG - Playback paused or not playing, waiting...
2025-12-19 02:44:34,773 - EyeRemoteControl - DEBUG - Playback paused or not playing, waiting...
2025-12-19 02:44:34,875 - EyeRemoteControl - DEBUG - Playback paused or not playing, waiting...
2025-12-19 02:44:34,976 - EyeRemoteControl - DEBUG - Playback paused or not playing, waiting...
2025-12-19 02:44:35,077 - EyeRemoteControl - DEBUG - Playback paused or not playing, waiting...
2025-12-19 02:44:35,178 - EyeRemoteControl - DEBUG - Playback paused or not playing, waiting...
2025-12-19 02:44:35,279 - EyeRemoteControl - DEBUG - Playback paused or not playing, waiting...
2025-12-19 02:44:35,380 - EyeRemoteControl - DEBUG - Playback paused or not playing, waiting...
2025-12-19 02:44:35,481 - EyeRemoteControl - DEBUG - Playback paused or not playing, waiting...
2025-12-19 02:44:35,582 - EyeRemoteControl - DEBUG - Playback paused or not playing, waiting...
2025-12-19 02:44:35,685 - EyeRemoteControl - DEBUG - Playback paused or not playing, waiting...
2025-12-19 02:44:35,786 - EyeRemoteControl - DEBUG - Playback paused or not playing, waiting...
2025-12-19 02:44:35,887 - EyeRemoteControl - DEBUG - Playback paused or not playing, waiting...
2025-12-19 02:44:35,989 - EyeRemoteControl - DEBUG - Playback paused or not playing, waiting...
2025-12-19 02:44:36,096 - EyeRemoteControl - DEBUG - Playback paused or not playing, waiting...
2025-12-19 02:44:36,197 - EyeRemoteControl - DEBUG - Playback paused or not playing, waiting...
2025-12-19 02:44:36,301 - EyeRemoteControl - DEBUG - Playback paused or not playing, waiting...
2025-12-19 02:44:36,402 - EyeRemoteControl - DEBUG - Playback paused or not playing, waiting...
2025-12-19 02:44:36,503 - EyeRemoteControl - DEBUG - Playback paused or not playing, waiting...
2025-12-19 02:44:36,604 - EyeRemoteControl - DEBUG - Playback paused or not playing, waiting...
2025-12-19 02:44:36,709 - EyeRemoteControl - DEBUG - Playback paused or not playing, waiting...
2025-12-19 02:44:36,810 - EyeRemoteControl - DEBUG - Playback paused or not playing, waiting...
2025-12-19 02:44:36,917 - EyeRemoteControl - DEBUG - Playback paused or not playing, waiting...
2025-12-19 02:44:36,971 - EyeRemoteControl - DEBUG - Command detected: play
2025-12-19 02:44:39,171 - EyeRemoteControl - DEBUG - Command detected: pause
2025-12-19 02:44:39,172 - EyeRemoteControl - DEBUG - Pausing playback for video: /home/pi/111.mp4
2025-12-19 02:44:39,219 - EyeRemoteControl - DEBUG - Playback paused or not playing, waiting...
2025-12-19 02:44:39,320 - EyeRemoteControl - DEBUG - Playback paused or not playing, waiting...
2025-12-19 02:44:39,421 - EyeRemoteControl - DEBUG - Playback paused or not playing, waiting...
2025-12-19 02:44:39,527 - EyeRemoteControl - DEBUG - Playback paused or not playing, waiting...
2025-12-19 02:44:39,628 - EyeRemoteControl - DEBUG - Playback paused or not playing, waiting...
2025-12-19 02:44:39,728 - EyeRemoteControl - DEBUG - Playback paused or not playing, waiting...
2025-12-19 02:44:39,833 - EyeRemoteControl - DEBUG - Playback paused or not playing, waiting...
2025-12-19 02:44:39,936 - EyeRemoteControl - DEBUG - Playback paused or not playing, waiting...
2025-12-19 02:44:40,037 - EyeRemoteControl - DEBUG - Playback paused or not playing, waiting...
2025-12-19 02:44:40,138 - EyeRemoteControl - DEBUG - Playback paused or not playing, waiting...
2025-12-19 02:44:40,244 - EyeRemoteControl - DEBUG - Playback paused or not playing, waiting...
2025-12-19 02:44:40,346 - EyeRemoteControl - DEBUG - Playback paused or not playing, waiting...
2025-12-19 02:44:40,448 - EyeRemoteControl - DEBUG - Playback paused or not playing, waiting...
2025-12-19 02:44:40,549 - EyeRemoteControl - DEBUG - Playback paused or not playing, waiting...
2025-12-19 02:44:40,653 - EyeRemoteControl - DEBUG - Playback paused or not playing, waiting...
2025-12-19 02:44:40,754 - EyeRemoteControl - DEBUG - Playback paused or not playing, waiting...
2025-12-19 02:44:40,790 - EyeRemoteControl - DEBUG - Command detected: play
2025-12-19 02:44:41,884 - EyeRemoteControl - DEBUG - Playback finished (no more frames or error)
2025-12-19 02:44:41,887 - EyeRemoteControl - DEBUG - Stopping playback for video: /home/pi/111.mp4
2025-12-19 02:44:41,988 - EyeRemoteControl - DEBUG - Attempting to load video: /home/pi/oceans.mp4
2025-12-19 02:44:41,988 - EyeRemoteControl - DEBUG - Releasing video capture
2025-12-19 02:44:42,017 - EyeRemoteControl - DEBUG - Successfully loaded video: /home/pi/oceans.mp4, total frames: 1116
2025-12-19 02:44:44,727 - EyeRemoteControl - DEBUG - Command detected: pause
2025-12-19 02:44:44,729 - EyeRemoteControl - DEBUG - Pausing playback for video: /home/pi/oceans.mp4
2025-12-19 02:44:44,736 - EyeRemoteControl - DEBUG - Playback paused or not playing, waiting...
2025-12-19 02:44:44,837 - EyeRemoteControl - DEBUG - Playback paused or not playing, waiting...
2025-12-19 02:44:44,940 - EyeRemoteControl - DEBUG - Playback paused or not playing, waiting...
2025-12-19 02:44:45,041 - EyeRemoteControl - DEBUG - Playback paused or not playing, waiting...
2025-12-19 02:44:45,142 - EyeRemoteControl - DEBUG - Playback paused or not playing, waiting...
2025-12-19 02:44:45,243 - EyeRemoteControl - DEBUG - Playback paused or not playing, waiting...
2025-12-19 02:44:45,344 - EyeRemoteControl - DEBUG - Playback paused or not playing, waiting...
2025-12-19 02:44:45,445 - EyeRemoteControl - DEBUG - Playback paused or not playing, waiting...
2025-12-19 02:44:45,547 - EyeRemoteControl - DEBUG - Playback paused or not playing, waiting...
2025-12-19 02:44:45,648 - EyeRemoteControl - DEBUG - Playback paused or not playing, waiting...
2025-12-19 02:44:45,749 - EyeRemoteControl - DEBUG - Playback paused or not playing, waiting...
2025-12-19 02:44:45,850 - EyeRemoteControl - DEBUG - Playback paused or not playing, waiting...
2025-12-19 02:44:45,951 - EyeRemoteControl - DEBUG - Playback paused or not playing, waiting...
2025-12-19 02:44:46,052 - EyeRemoteControl - DEBUG - Playback paused or not playing, waiting...
2025-12-19 02:44:46,153 - EyeRemoteControl - DEBUG - Playback paused or not playing, waiting...
2025-12-19 02:44:46,253 - EyeRemoteControl - DEBUG - Playback paused or not playing, waiting...
2025-12-19 02:44:46,357 - EyeRemoteControl - DEBUG - Playback paused or not playing, waiting...
2025-12-19 02:44:46,457 - EyeRemoteControl - DEBUG - Playback paused or not playing, waiting...
2025-12-19 02:44:46,559 - EyeRemoteControl - DEBUG - Playback paused or not playing, waiting...
2025-12-19 02:44:46,660 - EyeRemoteControl - DEBUG - Playback paused or not playing, waiting...
2025-12-19 02:44:46,761 - EyeRemoteControl - DEBUG - Playback paused or not playing, waiting...
2025-12-19 02:44:46,862 - EyeRemoteControl - DEBUG - Playback paused or not playing, waiting...
2025-12-19 02:44:46,963 - EyeRemoteControl - DEBUG - Playback paused or not playing, waiting...
2025-12-19 02:44:47,064 - EyeRemoteControl - DEBUG - Playback paused or not playing, waiting...
2025-12-19 02:44:47,165 - EyeRemoteControl - DEBUG - Playback paused or not playing, waiting...
2025-12-19 02:44:47,210 - EyeRemoteControl - DEBUG - Command detected: play
2025-12-19 02:44:49,086 - EyeRemoteControl - DEBUG - Command detected: pause
2025-12-19 02:44:49,088 - EyeRemoteControl - DEBUG - Pausing playback for video: /home/pi/oceans.mp4
2025-12-19 02:44:49,097 - EyeRemoteControl - DEBUG - Playback paused or not playing, waiting...
2025-12-19 02:44:49,198 - EyeRemoteControl - DEBUG - Playback paused or not playing, waiting...
2025-12-19 02:44:49,301 - EyeRemoteControl - DEBUG - Playback paused or not playing, waiting...
2025-12-19 02:44:49,402 - EyeRemoteControl - DEBUG - Playback paused or not playing, waiting...
2025-12-19 02:44:49,503 - EyeRemoteControl - DEBUG - Playback paused or not playing, waiting...
2025-12-19 02:44:49,604 - EyeRemoteControl - DEBUG - Playback paused or not playing, waiting...
2025-12-19 02:44:49,704 - EyeRemoteControl - DEBUG - Playback paused or not playing, waiting...
2025-12-19 02:44:49,805 - EyeRemoteControl - DEBUG - Playback paused or not playing, waiting...
2025-12-19 02:44:49,906 - EyeRemoteControl - DEBUG - Playback paused or not playing, waiting...
2025-12-19 02:44:50,008 - EyeRemoteControl - DEBUG - Playback paused or not playing, waiting...
2025-12-19 02:44:50,108 - EyeRemoteControl - DEBUG - Playback paused or not playing, waiting...
2025-12-19 02:44:50,210 - EyeRemoteControl - DEBUG - Playback paused or not playing, waiting...
2025-12-19 02:44:50,320 - EyeRemoteControl - DEBUG - Playback paused or not playing, waiting...
2025-12-19 02:44:50,421 - EyeRemoteControl - DEBUG - Playback paused or not playing, waiting...
2025-12-19 02:44:50,523 - EyeRemoteControl - DEBUG - Playback paused or not playing, waiting...
2025-12-19 02:44:50,625 - EyeRemoteControl - DEBUG - Playback paused or not playing, waiting...
2025-12-19 02:44:50,729 - EyeRemoteControl - DEBUG - Playback paused or not playing, waiting...
2025-12-19 02:44:50,830 - EyeRemoteControl - DEBUG - Playback paused or not playing, waiting...
2025-12-19 02:44:50,931 - EyeRemoteControl - DEBUG - Playback paused or not playing, waiting...
2025-12-19 02:44:51,032 - EyeRemoteControl - DEBUG - Playback paused or not playing, waiting...
2025-12-19 02:44:51,133 - EyeRemoteControl - DEBUG - Playback paused or not playing, waiting...
2025-12-19 02:44:51,234 - EyeRemoteControl - DEBUG - Playback paused or not playing, waiting...
2025-12-19 02:44:51,341 - EyeRemoteControl - DEBUG - Playback paused or not playing, waiting...
2025-12-19 02:44:51,442 - EyeRemoteControl - DEBUG - Playback paused or not playing, waiting...
2025-12-19 02:44:51,543 - EyeRemoteControl - DEBUG - Playback paused or not playing, waiting...
2025-12-19 02:44:51,645 - EyeRemoteControl - DEBUG - Playback paused or not playing, waiting...
2025-12-19 02:44:51,746 - EyeRemoteControl - DEBUG - Playback paused or not playing, waiting...
2025-12-19 02:44:51,846 - EyeRemoteControl - DEBUG - Playback paused or not playing, waiting...
2025-12-19 02:44:51,947 - EyeRemoteControl - DEBUG - Playback paused or not playing, waiting...
2025-12-19 02:44:52,048 - EyeRemoteControl - DEBUG - Playback paused or not playing, waiting...
2025-12-19 02:44:52,149 - EyeRemoteControl - DEBUG - Playback paused or not playing, waiting...
2025-12-19 02:44:52,250 - EyeRemoteControl - DEBUG - Playback paused or not playing, waiting...
2025-12-19 02:44:52,351 - EyeRemoteControl - DEBUG - Playback paused or not playing, waiting...
2025-12-19 02:44:52,453 - EyeRemoteControl - DEBUG - Playback paused or not playing, waiting...
2025-12-19 02:44:52,555 - EyeRemoteControl - DEBUG - Playback paused or not playing, waiting...
2025-12-19 02:44:52,656 - EyeRemoteControl - DEBUG - Playback paused or not playing, waiting...
2025-12-19 02:44:52,757 - EyeRemoteControl - DEBUG - Playback paused or not playing, waiting...
2025-12-19 02:44:52,827 - EyeRemoteControl - DEBUG - Command detected: play
2025-12-19 02:44:53,973 - EyeRemoteControl - DEBUG - Command detected: pause
2025-12-19 02:44:53,975 - EyeRemoteControl - DEBUG - Pausing playback for video: /home/pi/oceans.mp4
2025-12-19 02:44:53,981 - EyeRemoteControl - DEBUG - Playback paused or not playing, waiting...
2025-12-19 02:44:54,082 - EyeRemoteControl - DEBUG - Playback paused or not playing, waiting...
2025-12-19 02:44:54,183 - EyeRemoteControl - DEBUG - Playback paused or not playing, waiting...
2025-12-19 02:44:54,284 - EyeRemoteControl - DEBUG - Playback paused or not playing, waiting...
2025-12-19 02:44:54,385 - EyeRemoteControl - DEBUG - Playback paused or not playing, waiting...
2025-12-19 02:44:54,486 - EyeRemoteControl - DEBUG - Playback paused or not playing, waiting...
2025-12-19 02:44:54,588 - EyeRemoteControl - DEBUG - Playback paused or not playing, waiting...
2025-12-19 02:44:54,689 - EyeRemoteControl - DEBUG - Playback paused or not playing, waiting...
2025-12-19 02:44:54,790 - EyeRemoteControl - DEBUG - Playback paused or not playing, waiting...
2025-12-19 02:44:54,891 - EyeRemoteControl - DEBUG - Playback paused or not playing, waiting...
2025-12-19 02:44:54,993 - EyeRemoteControl - DEBUG - Playback paused or not playing, waiting...
2025-12-19 02:44:55,094 - EyeRemoteControl - DEBUG - Playback paused or not playing, waiting...
2025-12-19 02:44:55,195 - EyeRemoteControl - DEBUG - Playback paused or not playing, waiting...
2025-12-19 02:44:55,296 - EyeRemoteControl - DEBUG - Playback paused or not playing, waiting...
2025-12-19 02:44:55,397 - EyeRemoteControl - DEBUG - Playback paused or not playing, waiting...
2025-12-19 02:44:55,499 - EyeRemoteControl - DEBUG - Playback paused or not playing, waiting...
2025-12-19 02:44:55,600 - EyeRemoteControl - DEBUG - Playback paused or not playing, waiting...
2025-12-19 02:44:55,700 - EyeRemoteControl - DEBUG - Playback paused or not playing, waiting...
2025-12-19 02:44:55,782 - EyeRemoteControl - DEBUG - Command detected: play
2025-12-19 02:45:00,732 - EyeRemoteControl - DEBUG - Command detected: pause
2025-12-19 02:45:00,737 - EyeRemoteControl - DEBUG - Pausing playback for video: /home/pi/oceans.mp4
2025-12-19 02:45:00,787 - EyeRemoteControl - DEBUG - Playback paused or not playing, waiting...
2025-12-19 02:45:00,888 - EyeRemoteControl - DEBUG - Playback paused or not playing, waiting...
2025-12-19 02:45:00,991 - EyeRemoteControl - DEBUG - Playback paused or not playing, waiting...
2025-12-19 02:45:01,092 - EyeRemoteControl - DEBUG - Playback paused or not playing, waiting...
2025-12-19 02:45:01,193 - EyeRemoteControl - DEBUG - Playback paused or not playing, waiting...
2025-12-19 02:45:01,294 - EyeRemoteControl - DEBUG - Playback paused or not playing, waiting...
2025-12-19 02:45:01,395 - EyeRemoteControl - DEBUG - Playback paused or not playing, waiting...
2025-12-19 02:45:01,496 - EyeRemoteControl - DEBUG - Playback paused or not playing, waiting...
2025-12-19 02:45:01,597 - EyeRemoteControl - DEBUG - Playback paused or not playing, waiting...
2025-12-19 02:45:01,700 - EyeRemoteControl - DEBUG - Playback paused or not playing, waiting...
2025-12-19 02:45:01,801 - EyeRemoteControl - DEBUG - Playback paused or not playing, waiting...
2025-12-19 02:45:01,902 - EyeRemoteControl - DEBUG - Playback paused or not playing, waiting...
2025-12-19 02:45:02,004 - EyeRemoteControl - DEBUG - Playback paused or not playing, waiting...
2025-12-19 02:45:02,105 - EyeRemoteControl - DEBUG - Playback paused or not playing, waiting...
2025-12-19 02:45:02,211 - EyeRemoteControl - DEBUG - Playback paused or not playing, waiting...
2025-12-19 02:45:02,312 - EyeRemoteControl - DEBUG - Playback paused or not playing, waiting...
2025-12-19 02:45:02,413 - EyeRemoteControl - DEBUG - Playback paused or not playing, waiting...
2025-12-19 02:45:02,523 - EyeRemoteControl - DEBUG - Playback paused or not playing, waiting...
2025-12-19 02:45:02,532 - EyeRemoteControl - DEBUG - Command detected: play
2025-12-19 02:45:03,816 - EyeRemoteControl - DEBUG - Command detected: pause
2025-12-19 02:45:03,819 - EyeRemoteControl - DEBUG - Pausing playback for video: /home/pi/oceans.mp4
2025-12-19 02:45:03,837 - EyeRemoteControl - DEBUG - Playback paused or not playing, waiting...
2025-12-19 02:45:03,938 - EyeRemoteControl - DEBUG - Playback paused or not playing, waiting...
2025-12-19 02:45:04,039 - EyeRemoteControl - DEBUG - Playback paused or not playing, waiting...
2025-12-19 02:45:04,140 - EyeRemoteControl - DEBUG - Playback paused or not playing, waiting...
2025-12-19 02:45:04,241 - EyeRemoteControl - DEBUG - Playback paused or not playing, waiting...
2025-12-19 02:45:04,350 - EyeRemoteControl - DEBUG - Playback paused or not playing, waiting...
2025-12-19 02:45:04,451 - EyeRemoteControl - DEBUG - Playback paused or not playing, waiting...
2025-12-19 02:45:04,553 - EyeRemoteControl - DEBUG - Playback paused or not playing, waiting...
2025-12-19 02:45:04,654 - EyeRemoteControl - DEBUG - Playback paused or not playing, waiting...
2025-12-19 02:45:04,755 - EyeRemoteControl - DEBUG - Playback paused or not playing, waiting...
2025-12-19 02:45:04,856 - EyeRemoteControl - DEBUG - Playback paused or not playing, waiting...
2025-12-19 02:45:04,969 - EyeRemoteControl - DEBUG - Playback paused or not playing, waiting...
2025-12-19 02:45:05,070 - EyeRemoteControl - DEBUG - Playback paused or not playing, waiting...
2025-12-19 02:45:05,171 - EyeRemoteControl - DEBUG - Playback paused or not playing, waiting...
2025-12-19 02:45:05,273 - EyeRemoteControl - DEBUG - Playback paused or not playing, waiting...
2025-12-19 02:45:05,379 - EyeRemoteControl - DEBUG - Playback paused or not playing, waiting...
2025-12-19 02:45:05,487 - EyeRemoteControl - DEBUG - Playback paused or not playing, waiting...
2025-12-19 02:45:05,588 - EyeRemoteControl - DEBUG - Playback paused or not playing, waiting...
2025-12-19 02:45:05,689 - EyeRemoteControl - DEBUG - Playback paused or not playing, waiting...
2025-12-19 02:45:05,792 - EyeRemoteControl - DEBUG - Playback paused or not playing, waiting...
2025-12-19 02:45:05,897 - EyeRemoteControl - DEBUG - Playback paused or not playing, waiting...
2025-12-19 02:45:06,000 - EyeRemoteControl - DEBUG - Playback paused or not playing, waiting...
2025-12-19 02:45:06,100 - EyeRemoteControl - DEBUG - Playback paused or not playing, waiting...
2025-12-19 02:45:06,201 - EyeRemoteControl - DEBUG - Playback paused or not playing, waiting...
2025-12-19 02:45:06,302 - EyeRemoteControl - DEBUG - Playback paused or not playing, waiting...
2025-12-19 02:45:06,403 - EyeRemoteControl - DEBUG - Playback paused or not playing, waiting...
2025-12-19 02:45:06,507 - EyeRemoteControl - DEBUG - Playback paused or not playing, waiting...
2025-12-19 02:45:06,608 - EyeRemoteControl - DEBUG - Playback paused or not playing, waiting...
2025-12-19 02:45:06,709 - EyeRemoteControl - DEBUG - Playback paused or not playing, waiting...
2025-12-19 02:45:06,810 - EyeRemoteControl - DEBUG - Playback paused or not playing, waiting...
2025-12-19 02:45:06,911 - EyeRemoteControl - DEBUG - Playback paused or not playing, waiting...
2025-12-19 02:45:07,012 - EyeRemoteControl - DEBUG - Playback paused or not playing, waiting...
2025-12-19 02:45:07,113 - EyeRemoteControl - DEBUG - Playback paused or not playing, waiting...
2025-12-19 02:45:07,215 - EyeRemoteControl - DEBUG - Playback paused or not playing, waiting...
2025-12-19 02:45:07,317 - EyeRemoteControl - DEBUG - Playback paused or not playing, waiting...
2025-12-19 02:45:07,419 - EyeRemoteControl - DEBUG - Playback paused or not playing, waiting...
2025-12-19 02:45:07,520 - EyeRemoteControl - DEBUG - Playback paused or not playing, waiting...
2025-12-19 02:45:07,623 - EyeRemoteControl - DEBUG - Playback paused or not playing, waiting...
2025-12-19 02:45:07,725 - EyeRemoteControl - DEBUG - Playback paused or not playing, waiting...
2025-12-19 02:45:07,826 - EyeRemoteControl - DEBUG - Playback paused or not playing, waiting...
2025-12-19 02:45:07,928 - EyeRemoteControl - DEBUG - Playback paused or not playing, waiting...
2025-12-19 02:45:08,030 - EyeRemoteControl - DEBUG - Playback paused or not playing, waiting...
2025-12-19 02:45:08,131 - EyeRemoteControl - DEBUG - Playback paused or not playing, waiting...
2025-12-19 02:45:08,233 - EyeRemoteControl - DEBUG - Playback paused or not playing, waiting...
2025-12-19 02:45:08,334 - EyeRemoteControl - DEBUG - Playback paused or not playing, waiting...
2025-12-19 02:45:08,359 - EyeRemoteControl - DEBUG - Command detected: play
2025-12-19 02:45:09,831 - EyeRemoteControl - DEBUG - Command detected: pause
2025-12-19 02:45:09,843 - EyeRemoteControl - DEBUG - Pausing playback for video: /home/pi/oceans.mp4
2025-12-19 02:45:09,872 - EyeRemoteControl - DEBUG - Playback paused or not playing, waiting...
2025-12-19 02:45:09,973 - EyeRemoteControl - DEBUG - Playback paused or not playing, waiting...
2025-12-19 02:45:10,074 - EyeRemoteControl - DEBUG - Playback paused or not playing, waiting...
2025-12-19 02:45:10,178 - EyeRemoteControl - DEBUG - Playback paused or not playing, waiting...
2025-12-19 02:45:10,279 - EyeRemoteControl - DEBUG - Playback paused or not playing, waiting...
2025-12-19 02:45:10,380 - EyeRemoteControl - DEBUG - Playback paused or not playing, waiting...
2025-12-19 02:45:10,481 - EyeRemoteControl - DEBUG - Playback paused or not playing, waiting...
2025-12-19 02:45:10,582 - EyeRemoteControl - DEBUG - Playback paused or not playing, waiting...
2025-12-19 02:45:10,682 - EyeRemoteControl - DEBUG - Playback paused or not playing, waiting...
2025-12-19 02:45:10,783 - EyeRemoteControl - DEBUG - Playback paused or not playing, waiting...
2025-12-19 02:45:10,884 - EyeRemoteControl - DEBUG - Playback paused or not playing, waiting...
2025-12-19 02:45:10,985 - EyeRemoteControl - DEBUG - Playback paused or not playing, waiting...
2025-12-19 02:45:11,086 - EyeRemoteControl - DEBUG - Playback paused or not playing, waiting...
2025-12-19 02:45:11,193 - EyeRemoteControl - DEBUG - Playback paused or not playing, waiting...
2025-12-19 02:45:11,298 - EyeRemoteControl - DEBUG - Playback paused or not playing, waiting...
2025-12-19 02:45:11,400 - EyeRemoteControl - DEBUG - Playback paused or not playing, waiting...
2025-12-19 02:45:11,501 - EyeRemoteControl - DEBUG - Playback paused or not playing, waiting...
2025-12-19 02:45:11,602 - EyeRemoteControl - DEBUG - Playback paused or not playing, waiting...
2025-12-19 02:45:11,704 - EyeRemoteControl - DEBUG - Playback paused or not playing, waiting...
2025-12-19 02:45:11,812 - EyeRemoteControl - DEBUG - Playback paused or not playing, waiting...
2025-12-19 02:45:11,914 - EyeRemoteControl - DEBUG - Playback paused or not playing, waiting...
2025-12-19 02:45:12,015 - EyeRemoteControl - DEBUG - Playback paused or not playing, waiting...
2025-12-19 02:45:12,117 - EyeRemoteControl - DEBUG - Playback paused or not playing, waiting...
2025-12-19 02:45:12,219 - EyeRemoteControl - DEBUG - Playback paused or not playing, waiting...
2025-12-19 02:45:12,321 - EyeRemoteControl - DEBUG - Playback paused or not playing, waiting...
2025-12-19 02:45:12,422 - EyeRemoteControl - DEBUG - Playback paused or not playing, waiting...
2025-12-19 02:45:12,523 - EyeRemoteControl - DEBUG - Playback paused or not playing, waiting...
2025-12-19 02:45:12,623 - EyeRemoteControl - DEBUG - Playback paused or not playing, waiting...
2025-12-19 02:45:12,725 - EyeRemoteControl - DEBUG - Playback paused or not playing, waiting...
2025-12-19 02:45:12,832 - EyeRemoteControl - DEBUG - Playback paused or not playing, waiting...
2025-12-19 02:45:12,934 - EyeRemoteControl - DEBUG - Playback paused or not playing, waiting...
2025-12-19 02:45:13,035 - EyeRemoteControl - DEBUG - Playback paused or not playing, waiting...
2025-12-19 02:45:13,110 - EyeRemoteControl - DEBUG - Command detected: play
2025-12-19 02:45:16,867 - EyeRemoteControl - DEBUG - Command detected: pause
2025-12-19 02:45:16,869 - EyeRemoteControl - DEBUG - Pausing playback for video: /home/pi/oceans.mp4
2025-12-19 02:45:16,889 - EyeRemoteControl - DEBUG - Playback paused or not playing, waiting...
2025-12-19 02:45:16,990 - EyeRemoteControl - DEBUG - Playback paused or not playing, waiting...
2025-12-19 02:45:17,094 - EyeRemoteControl - DEBUG - Playback paused or not playing, waiting...
2025-12-19 02:45:17,196 - EyeRemoteControl - DEBUG - Playback paused or not playing, waiting...
2025-12-19 02:45:17,302 - EyeRemoteControl - DEBUG - Playback paused or not playing, waiting...
2025-12-19 02:45:17,410 - EyeRemoteControl - DEBUG - Playback paused or not playing, waiting...
2025-12-19 02:45:17,511 - EyeRemoteControl - DEBUG - Playback paused or not playing, waiting...
2025-12-19 02:45:17,616 - EyeRemoteControl - DEBUG - Playback paused or not playing, waiting...
2025-12-19 02:45:17,717 - EyeRemoteControl - DEBUG - Playback paused or not playing, waiting...
2025-12-19 02:45:17,742 - EyeRemoteControl - DEBUG - Command detected: play
2025-12-19 02:45:19,757 - EyeRemoteControl - DEBUG - Command detected: pause
2025-12-19 02:45:19,760 - EyeRemoteControl - DEBUG - Pausing playback for video: /home/pi/oceans.mp4
2025-12-19 02:45:19,776 - EyeRemoteControl - DEBUG - Playback paused or not playing, waiting...
2025-12-19 02:45:19,878 - EyeRemoteControl - DEBUG - Playback paused or not playing, waiting...
2025-12-19 02:45:19,982 - EyeRemoteControl - DEBUG - Playback paused or not playing, waiting...
2025-12-19 02:45:20,085 - EyeRemoteControl - DEBUG - Playback paused or not playing, waiting...
2025-12-19 02:45:20,186 - EyeRemoteControl - DEBUG - Playback paused or not playing, waiting...
2025-12-19 02:45:20,290 - EyeRemoteControl - DEBUG - Playback paused or not playing, waiting...
2025-12-19 02:45:20,391 - EyeRemoteControl - DEBUG - Playback paused or not playing, waiting...
2025-12-19 02:45:20,494 - EyeRemoteControl - DEBUG - Playback paused or not playing, waiting...
2025-12-19 02:45:20,595 - EyeRemoteControl - DEBUG - Playback paused or not playing, waiting...
2025-12-19 02:45:20,697 - EyeRemoteControl - DEBUG - Playback paused or not playing, waiting...
2025-12-19 02:45:20,798 - EyeRemoteControl - DEBUG - Playback paused or not playing, waiting...
2025-12-19 02:45:20,899 - EyeRemoteControl - DEBUG - Playback paused or not playing, waiting...
2025-12-19 02:45:20,999 - EyeRemoteControl - DEBUG - Playback paused or not playing, waiting...
2025-12-19 02:45:21,100 - EyeRemoteControl - DEBUG - Playback paused or not playing, waiting...
2025-12-19 02:45:21,201 - EyeRemoteControl - DEBUG - Playback paused or not playing, waiting...
2025-12-19 02:45:21,302 - EyeRemoteControl - DEBUG - Playback paused or not playing, waiting...
2025-12-19 02:45:21,403 - EyeRemoteControl - DEBUG - Playback paused or not playing, waiting...
2025-12-19 02:45:21,505 - EyeRemoteControl - DEBUG - Playback paused or not playing, waiting...
2025-12-19 02:45:21,606 - EyeRemoteControl - DEBUG - Playback paused or not playing, waiting...
2025-12-19 02:45:21,706 - EyeRemoteControl - DEBUG - Playback paused or not playing, waiting...
2025-12-19 02:45:21,807 - EyeRemoteControl - DEBUG - Playback paused or not playing, waiting...
2025-12-19 02:45:21,908 - EyeRemoteControl - DEBUG - Playback paused or not playing, waiting...
2025-12-19 02:45:22,009 - EyeRemoteControl - DEBUG - Playback paused or not playing, waiting...
2025-12-19 02:45:22,110 - EyeRemoteControl - DEBUG - Playback paused or not playing, waiting...
2025-12-19 02:45:22,212 - EyeRemoteControl - DEBUG - Playback paused or not playing, waiting...
2025-12-19 02:45:22,316 - EyeRemoteControl - DEBUG - Playback paused or not playing, waiting...
2025-12-19 02:45:22,418 - EyeRemoteControl - DEBUG - Playback paused or not playing, waiting...
2025-12-19 02:45:22,519 - EyeRemoteControl - DEBUG - Playback paused or not playing, waiting...
2025-12-19 02:45:22,625 - EyeRemoteControl - DEBUG - Playback paused or not playing, waiting...
2025-12-19 02:45:22,726 - EyeRemoteControl - DEBUG - Playback paused or not playing, waiting...
2025-12-19 02:45:22,828 - EyeRemoteControl - DEBUG - Playback paused or not playing, waiting...
2025-12-19 02:45:22,931 - EyeRemoteControl - DEBUG - Playback paused or not playing, waiting...
2025-12-19 02:45:23,035 - EyeRemoteControl - DEBUG - Playback paused or not playing, waiting...
2025-12-19 02:45:23,136 - EyeRemoteControl - DEBUG - Playback paused or not playing, waiting...
2025-12-19 02:45:23,237 - EyeRemoteControl - DEBUG - Playback paused or not playing, waiting...
2025-12-19 02:45:23,339 - EyeRemoteControl - DEBUG - Playback paused or not playing, waiting...
2025-12-19 02:45:23,442 - EyeRemoteControl - DEBUG - Playback paused or not playing, waiting...
2025-12-19 02:45:23,543 - EyeRemoteControl - DEBUG - Playback paused or not playing, waiting...
2025-12-19 02:45:23,644 - EyeRemoteControl - DEBUG - Playback paused or not playing, waiting...
2025-12-19 02:45:23,747 - EyeRemoteControl - DEBUG - Playback paused or not playing, waiting...
2025-12-19 02:45:23,848 - EyeRemoteControl - DEBUG - Playback paused or not playing, waiting...
2025-12-19 02:45:23,949 - EyeRemoteControl - DEBUG - Playback paused or not playing, waiting...
2025-12-19 02:45:24,050 - EyeRemoteControl - DEBUG - Playback paused or not playing, waiting...
2025-12-19 02:45:24,150 - EyeRemoteControl - DEBUG - Playback paused or not playing, waiting...
2025-12-19 02:45:24,254 - EyeRemoteControl - DEBUG - Playback paused or not playing, waiting...
2025-12-19 02:45:24,359 - EyeRemoteControl - DEBUG - Playback paused or not playing, waiting...
2025-12-19 02:45:24,460 - EyeRemoteControl - DEBUG - Playback paused or not playing, waiting...
2025-12-19 02:45:24,561 - EyeRemoteControl - DEBUG - Playback paused or not playing, waiting...
2025-12-19 02:45:24,662 - EyeRemoteControl - DEBUG - Playback paused or not playing, waiting...
2025-12-19 02:45:24,766 - EyeRemoteControl - DEBUG - Playback paused or not playing, waiting...
2025-12-19 02:45:24,867 - EyeRemoteControl - DEBUG - Playback paused or not playing, waiting...
2025-12-19 02:45:24,968 - EyeRemoteControl - DEBUG - Playback paused or not playing, waiting...
2025-12-19 02:45:25,070 - EyeRemoteControl - DEBUG - Playback paused or not playing, waiting...
2025-12-19 02:45:25,171 - EyeRemoteControl - DEBUG - Playback paused or not playing, waiting...
2025-12-19 02:45:25,272 - EyeRemoteControl - DEBUG - Playback paused or not playing, waiting...
2025-12-19 02:45:25,374 - EyeRemoteControl - DEBUG - Playback paused or not playing, waiting...
2025-12-19 02:45:25,479 - EyeRemoteControl - DEBUG - Playback paused or not playing, waiting...
2025-12-19 02:45:25,580 - EyeRemoteControl - DEBUG - Playback paused or not playing, waiting...
2025-12-19 02:45:25,681 - EyeRemoteControl - DEBUG - Playback paused or not playing, waiting...
2025-12-19 02:45:25,782 - EyeRemoteControl - DEBUG - Playback paused or not playing, waiting...
2025-12-19 02:45:25,884 - EyeRemoteControl - DEBUG - Playback paused or not playing, waiting...
2025-12-19 02:45:25,986 - EyeRemoteControl - DEBUG - Playback paused or not playing, waiting...
2025-12-19 02:45:26,090 - EyeRemoteControl - DEBUG - Playback paused or not playing, waiting...
2025-12-19 02:45:26,191 - EyeRemoteControl - DEBUG - Playback paused or not playing, waiting...
2025-12-19 02:45:26,292 - EyeRemoteControl - DEBUG - Playback paused or not playing, waiting...
2025-12-19 02:45:26,394 - EyeRemoteControl - DEBUG - Playback paused or not playing, waiting...
2025-12-19 02:45:26,495 - EyeRemoteControl - DEBUG - Playback paused or not playing, waiting...
2025-12-19 02:45:26,596 - EyeRemoteControl - DEBUG - Playback paused or not playing, waiting...
2025-12-19 02:45:26,700 - EyeRemoteControl - DEBUG - Playback paused or not playing, waiting...
2025-12-19 02:45:26,805 - EyeRemoteControl - DEBUG - Playback paused or not playing, waiting...
2025-12-19 02:45:26,906 - EyeRemoteControl - DEBUG - Playback paused or not playing, waiting...
2025-12-19 02:45:27,007 - EyeRemoteControl - DEBUG - Playback paused or not playing, waiting...
2025-12-19 02:45:27,108 - EyeRemoteControl - DEBUG - Playback paused or not playing, waiting...
2025-12-19 02:45:27,209 - EyeRemoteControl - DEBUG - Playback paused or not playing, waiting...
2025-12-19 02:45:27,316 - EyeRemoteControl - DEBUG - Playback paused or not playing, waiting...
2025-12-19 02:45:27,417 - EyeRemoteControl - DEBUG - Playback paused or not playing, waiting...
2025-12-19 02:45:27,519 - EyeRemoteControl - DEBUG - Playback paused or not playing, waiting...
2025-12-19 02:45:27,620 - EyeRemoteControl - DEBUG - Playback paused or not playing, waiting...
2025-12-19 02:45:27,723 - EyeRemoteControl - DEBUG - Playback paused or not playing, waiting...
2025-12-19 02:45:27,823 - EyeRemoteControl - DEBUG - Playback paused or not playing, waiting...
2025-12-19 02:45:27,925 - EyeRemoteControl - DEBUG - Playback paused or not playing, waiting...
2025-12-19 02:45:28,025 - EyeRemoteControl - DEBUG - Playback paused or not playing, waiting...
2025-12-19 02:45:28,128 - EyeRemoteControl - DEBUG - Playback paused or not playing, waiting...
2025-12-19 02:45:28,230 - EyeRemoteControl - DEBUG - Playback paused or not playing, waiting...
2025-12-19 02:45:28,339 - EyeRemoteControl - DEBUG - Playback paused or not playing, waiting...
2025-12-19 02:45:28,447 - EyeRemoteControl - DEBUG - Playback paused or not playing, waiting...
2025-12-19 02:45:28,548 - EyeRemoteControl - DEBUG - Playback paused or not playing, waiting...
2025-12-19 02:45:28,649 - EyeRemoteControl - DEBUG - Playback paused or not playing, waiting...
2025-12-19 02:45:28,751 - EyeRemoteControl - DEBUG - Playback paused or not playing, waiting...
2025-12-19 02:45:28,855 - EyeRemoteControl - DEBUG - Playback paused or not playing, waiting...
2025-12-19 02:45:28,963 - EyeRemoteControl - DEBUG - Playback paused or not playing, waiting...
2025-12-19 02:45:29,072 - EyeRemoteControl - DEBUG - Playback paused or not playing, waiting...
2025-12-19 02:45:29,174 - EyeRemoteControl - DEBUG - Playback paused or not playing, waiting...
2025-12-19 02:45:29,274 - EyeRemoteControl - DEBUG - Playback paused or not playing, waiting...
2025-12-19 02:45:29,376 - EyeRemoteControl - DEBUG - Playback paused or not playing, waiting...
2025-12-19 02:45:29,477 - EyeRemoteControl - DEBUG - Playback paused or not playing, waiting...
2025-12-19 02:45:29,578 - EyeRemoteControl - DEBUG - Playback paused or not playing, waiting...
2025-12-19 02:45:29,678 - EyeRemoteControl - DEBUG - Playback paused or not playing, waiting...
2025-12-19 02:45:29,781 - EyeRemoteControl - DEBUG - Playback paused or not playing, waiting...
2025-12-19 02:45:29,882 - EyeRemoteControl - DEBUG - Playback paused or not playing, waiting...
2025-12-19 02:45:29,983 - EyeRemoteControl - DEBUG - Playback paused or not playing, waiting...
2025-12-19 02:45:30,084 - EyeRemoteControl - DEBUG - Playback paused or not playing, waiting...
2025-12-19 02:45:30,185 - EyeRemoteControl - DEBUG - Playback paused or not playing, waiting...
2025-12-19 02:45:30,286 - EyeRemoteControl - DEBUG - Playback paused or not playing, waiting...
2025-12-19 02:45:30,387 - EyeRemoteControl - DEBUG - Playback paused or not playing, waiting...
2025-12-19 02:45:30,488 - EyeRemoteControl - DEBUG - Playback paused or not playing, waiting...
2025-12-19 02:45:30,589 - EyeRemoteControl - DEBUG - Playback paused or not playing, waiting...
2025-12-19 02:45:30,690 - EyeRemoteControl - DEBUG - Playback paused or not playing, waiting...
2025-12-19 02:45:30,791 - EyeRemoteControl - DEBUG - Playback paused or not playing, waiting...
2025-12-19 02:45:30,892 - EyeRemoteControl - DEBUG - Playback paused or not playing, waiting...
2025-12-19 02:45:30,994 - EyeRemoteControl - DEBUG - Playback paused or not playing, waiting...
2025-12-19 02:45:31,095 - EyeRemoteControl - DEBUG - Playback paused or not playing, waiting...
2025-12-19 02:45:31,202 - EyeRemoteControl - DEBUG - Playback paused or not playing, waiting...
2025-12-19 02:45:31,303 - EyeRemoteControl - DEBUG - Playback paused or not playing, waiting...
2025-12-19 02:45:31,406 - EyeRemoteControl - DEBUG - Playback paused or not playing, waiting...
2025-12-19 02:45:31,507 - EyeRemoteControl - DEBUG - Playback paused or not playing, waiting...
2025-12-19 02:45:31,608 - EyeRemoteControl - DEBUG - Playback paused or not playing, waiting...
2025-12-19 02:45:31,708 - EyeRemoteControl - DEBUG - Playback paused or not playing, waiting...
2025-12-19 02:45:31,812 - EyeRemoteControl - DEBUG - Playback paused or not playing, waiting...
2025-12-19 02:45:31,913 - EyeRemoteControl - DEBUG - Playback paused or not playing, waiting...
2025-12-19 02:45:32,014 - EyeRemoteControl - DEBUG - Playback paused or not playing, waiting...
2025-12-19 02:45:32,118 - EyeRemoteControl - DEBUG - Playback paused or not playing, waiting...
2025-12-19 02:45:32,219 - EyeRemoteControl - DEBUG - Playback paused or not playing, waiting...
2025-12-19 02:45:32,320 - EyeRemoteControl - DEBUG - Playback paused or not playing, waiting...
2025-12-19 02:45:32,392 - EyeRemoteControl - DEBUG - Command detected: play
2025-12-19 02:45:34,073 - EyeRemoteControl - DEBUG - Command detected: pause
2025-12-19 02:45:34,075 - EyeRemoteControl - DEBUG - Pausing playback for video: /home/pi/oceans.mp4
2025-12-19 02:45:34,086 - EyeRemoteControl - DEBUG - Playback paused or not playing, waiting...
2025-12-19 02:45:34,187 - EyeRemoteControl - DEBUG - Playback paused or not playing, waiting...
2025-12-19 02:45:34,289 - EyeRemoteControl - DEBUG - Playback paused or not playing, waiting...
2025-12-19 02:45:34,390 - EyeRemoteControl - DEBUG - Playback paused or not playing, waiting...
2025-12-19 02:45:34,491 - EyeRemoteControl - DEBUG - Playback paused or not playing, waiting...
2025-12-19 02:45:34,592 - EyeRemoteControl - DEBUG - Playback paused or not playing, waiting...
2025-12-19 02:45:34,692 - EyeRemoteControl - DEBUG - Playback paused or not playing, waiting...
2025-12-19 02:45:34,793 - EyeRemoteControl - DEBUG - Playback paused or not playing, waiting...
2025-12-19 02:45:34,895 - EyeRemoteControl - DEBUG - Playback paused or not playing, waiting...
2025-12-19 02:45:34,996 - EyeRemoteControl - DEBUG - Playback paused or not playing, waiting...
2025-12-19 02:45:35,097 - EyeRemoteControl - DEBUG - Playback paused or not playing, waiting...
2025-12-19 02:45:35,198 - EyeRemoteControl - DEBUG - Playback paused or not playing, waiting...
2025-12-19 02:45:35,301 - EyeRemoteControl - DEBUG - Playback paused or not playing, waiting...
2025-12-19 02:45:35,402 - EyeRemoteControl - DEBUG - Playback paused or not playing, waiting...
2025-12-19 02:45:35,504 - EyeRemoteControl - DEBUG - Playback paused or not playing, waiting...
2025-12-19 02:45:35,605 - EyeRemoteControl - DEBUG - Playback paused or not playing, waiting...
2025-12-19 02:45:35,706 - EyeRemoteControl - DEBUG - Playback paused or not playing, waiting...
2025-12-19 02:45:35,809 - EyeRemoteControl - DEBUG - Playback paused or not playing, waiting...
2025-12-19 02:45:35,910 - EyeRemoteControl - DEBUG - Playback paused or not playing, waiting...
2025-12-19 02:45:36,011 - EyeRemoteControl - DEBUG - Playback paused or not playing, waiting...
2025-12-19 02:45:36,113 - EyeRemoteControl - DEBUG - Playback paused or not playing, waiting...
2025-12-19 02:45:36,215 - EyeRemoteControl - DEBUG - Playback paused or not playing, waiting...
2025-12-19 02:45:36,316 - EyeRemoteControl - DEBUG - Playback paused or not playing, waiting...
2025-12-19 02:45:36,418 - EyeRemoteControl - DEBUG - Playback paused or not playing, waiting...
2025-12-19 02:45:36,519 - EyeRemoteControl - DEBUG - Playback paused or not playing, waiting...
2025-12-19 02:45:36,622 - EyeRemoteControl - DEBUG - Playback paused or not playing, waiting...
2025-12-19 02:45:36,723 - EyeRemoteControl - DEBUG - Playback paused or not playing, waiting...
2025-12-19 02:45:36,825 - EyeRemoteControl - DEBUG - Playback paused or not playing, waiting...
2025-12-19 02:45:36,928 - EyeRemoteControl - DEBUG - Playback paused or not playing, waiting...
2025-12-19 02:45:37,029 - EyeRemoteControl - DEBUG - Playback paused or not playing, waiting...
2025-12-19 02:45:37,130 - EyeRemoteControl - DEBUG - Playback paused or not playing, waiting...
2025-12-19 02:45:37,233 - EyeRemoteControl - DEBUG - Playback paused or not playing, waiting...
2025-12-19 02:45:37,334 - EyeRemoteControl - DEBUG - Playback paused or not playing, waiting...
2025-12-19 02:45:37,438 - EyeRemoteControl - DEBUG - Playback paused or not playing, waiting...
2025-12-19 02:45:37,540 - EyeRemoteControl - DEBUG - Playback paused or not playing, waiting...
2025-12-19 02:45:37,572 - EyeRemoteControl - DEBUG - Command detected: play
2025-12-19 02:45:40,427 - EyeRemoteControl - DEBUG - Command detected: pause
2025-12-19 02:45:40,429 - EyeRemoteControl - DEBUG - Pausing playback for video: /home/pi/oceans.mp4
2025-12-19 02:45:40,442 - EyeRemoteControl - DEBUG - Playback paused or not playing, waiting...
2025-12-19 02:45:40,543 - EyeRemoteControl - DEBUG - Playback paused or not playing, waiting...
2025-12-19 02:45:40,645 - EyeRemoteControl - DEBUG - Playback paused or not playing, waiting...
2025-12-19 02:45:40,745 - EyeRemoteControl - DEBUG - Playback paused or not playing, waiting...
2025-12-19 02:45:40,848 - EyeRemoteControl - DEBUG - Playback paused or not playing, waiting...
2025-12-19 02:45:40,949 - EyeRemoteControl - DEBUG - Playback paused or not playing, waiting...
2025-12-19 02:45:41,052 - EyeRemoteControl - DEBUG - Playback paused or not playing, waiting...
2025-12-19 02:45:41,155 - EyeRemoteControl - DEBUG - Playback paused or not playing, waiting...
2025-12-19 02:45:41,256 - EyeRemoteControl - DEBUG - Playback paused or not playing, waiting...
2025-12-19 02:45:41,357 - EyeRemoteControl - DEBUG - Playback paused or not playing, waiting...
2025-12-19 02:45:41,462 - EyeRemoteControl - DEBUG - Playback paused or not playing, waiting...
2025-12-19 02:45:41,563 - EyeRemoteControl - DEBUG - Playback paused or not playing, waiting...
2025-12-19 02:45:41,667 - EyeRemoteControl - DEBUG - Playback paused or not playing, waiting...
2025-12-19 02:45:41,768 - EyeRemoteControl - DEBUG - Playback paused or not playing, waiting...
2025-12-19 02:45:41,869 - EyeRemoteControl - DEBUG - Playback paused or not playing, waiting...
2025-12-19 02:45:41,970 - EyeRemoteControl - DEBUG - Playback paused or not playing, waiting...
2025-12-19 02:45:42,078 - EyeRemoteControl - DEBUG - Playback paused or not playing, waiting...
2025-12-19 02:45:42,103 - EyeRemoteControl - DEBUG - Command detected: play
2025-12-19 02:45:48,467 - EyeRemoteControl - DEBUG - Command detected: pause
2025-12-19 02:45:48,478 - EyeRemoteControl - DEBUG - Pausing playback for video: /home/pi/oceans.mp4
2025-12-19 02:45:48,510 - EyeRemoteControl - DEBUG - Playback paused or not playing, waiting...
2025-12-19 02:45:48,611 - EyeRemoteControl - DEBUG - Playback paused or not playing, waiting...
2025-12-19 02:45:48,713 - EyeRemoteControl - DEBUG - Playback paused or not playing, waiting...
2025-12-19 02:45:48,814 - EyeRemoteControl - DEBUG - Playback paused or not playing, waiting...
2025-12-19 02:45:48,915 - EyeRemoteControl - DEBUG - Playback paused or not playing, waiting...
2025-12-19 02:45:49,016 - EyeRemoteControl - DEBUG - Playback paused or not playing, waiting...
2025-12-19 02:45:49,117 - EyeRemoteControl - DEBUG - Playback paused or not playing, waiting...
2025-12-19 02:45:49,228 - EyeRemoteControl - DEBUG - Playback paused or not playing, waiting...
2025-12-19 02:45:49,328 - EyeRemoteControl - DEBUG - Playback paused or not playing, waiting...
2025-12-19 02:45:49,429 - EyeRemoteControl - DEBUG - Playback paused or not playing, waiting...
2025-12-19 02:45:49,530 - EyeRemoteControl - DEBUG - Playback paused or not playing, waiting...
2025-12-19 02:45:49,631 - EyeRemoteControl - DEBUG - Playback paused or not playing, waiting...
2025-12-19 02:45:49,667 - EyeRemoteControl - DEBUG - Command detected: play
2025-12-19 02:45:51,291 - EyeRemoteControl - DEBUG - Command detected: pause
2025-12-19 02:45:51,294 - EyeRemoteControl - DEBUG - Pausing playback for video: /home/pi/oceans.mp4
2025-12-19 02:45:51,334 - EyeRemoteControl - DEBUG - Playback paused or not playing, waiting...
2025-12-19 02:45:51,436 - EyeRemoteControl - DEBUG - Playback paused or not playing, waiting...
2025-12-19 02:45:51,537 - EyeRemoteControl - DEBUG - Playback paused or not playing, waiting...
2025-12-19 02:45:51,639 - EyeRemoteControl - DEBUG - Playback paused or not playing, waiting...
2025-12-19 02:45:51,744 - EyeRemoteControl - DEBUG - Playback paused or not playing, waiting...
2025-12-19 02:45:51,847 - EyeRemoteControl - DEBUG - Playback paused or not playing, waiting...
2025-12-19 02:45:51,948 - EyeRemoteControl - DEBUG - Playback paused or not playing, waiting...
2025-12-19 02:45:52,050 - EyeRemoteControl - DEBUG - Playback paused or not playing, waiting...
2025-12-19 02:45:52,159 - EyeRemoteControl - DEBUG - Playback paused or not playing, waiting...
2025-12-19 02:45:52,261 - EyeRemoteControl - DEBUG - Playback paused or not playing, waiting...
2025-12-19 02:45:52,366 - EyeRemoteControl - DEBUG - Playback paused or not playing, waiting...
2025-12-19 02:45:52,466 - EyeRemoteControl - DEBUG - Playback paused or not playing, waiting...
2025-12-19 02:45:52,573 - EyeRemoteControl - DEBUG - Playback paused or not playing, waiting...
2025-12-19 02:45:52,675 - EyeRemoteControl - DEBUG - Playback paused or not playing, waiting...
2025-12-19 02:45:52,776 - EyeRemoteControl - DEBUG - Playback paused or not playing, waiting...
2025-12-19 02:45:52,877 - EyeRemoteControl - DEBUG - Playback paused or not playing, waiting...
2025-12-19 02:45:52,978 - EyeRemoteControl - DEBUG - Playback paused or not playing, waiting...
2025-12-19 02:45:53,079 - EyeRemoteControl - DEBUG - Playback paused or not playing, waiting...
2025-12-19 02:45:53,180 - EyeRemoteControl - DEBUG - Playback paused or not playing, waiting...
2025-12-19 02:45:53,281 - EyeRemoteControl - DEBUG - Playback paused or not playing, waiting...
2025-12-19 02:45:53,382 - EyeRemoteControl - DEBUG - Playback paused or not playing, waiting...
2025-12-19 02:45:53,482 - EyeRemoteControl - DEBUG - Playback paused or not playing, waiting...
2025-12-19 02:45:53,590 - EyeRemoteControl - DEBUG - Playback paused or not playing, waiting...
2025-12-19 02:45:53,691 - EyeRemoteControl - DEBUG - Playback paused or not playing, waiting...
2025-12-19 02:45:53,791 - EyeRemoteControl - DEBUG - Playback paused or not playing, waiting...
2025-12-19 02:45:53,900 - EyeRemoteControl - DEBUG - Playback paused or not playing, waiting...
2025-12-19 02:45:54,001 - EyeRemoteControl - DEBUG - Playback paused or not playing, waiting...
2025-12-19 02:45:54,114 - EyeRemoteControl - DEBUG - Playback paused or not playing, waiting...
2025-12-19 02:45:54,215 - EyeRemoteControl - DEBUG - Playback paused or not playing, waiting...
2025-12-19 02:45:54,316 - EyeRemoteControl - DEBUG - Playback paused or not playing, waiting...
2025-12-19 02:45:54,361 - EyeRemoteControl - DEBUG - Command detected: play
2025-12-19 02:45:56,567 - EyeRemoteControl - DEBUG - Command detected: pause
2025-12-19 02:45:56,569 - EyeRemoteControl - DEBUG - Pausing playback for video: /home/pi/oceans.mp4
2025-12-19 02:45:56,580 - EyeRemoteControl - DEBUG - Playback paused or not playing, waiting...
2025-12-19 02:45:56,681 - EyeRemoteControl - DEBUG - Playback paused or not playing, waiting...
2025-12-19 02:45:56,783 - EyeRemoteControl - DEBUG - Playback paused or not playing, waiting...
2025-12-19 02:45:56,884 - EyeRemoteControl - DEBUG - Playback paused or not playing, waiting...
2025-12-19 02:45:56,986 - EyeRemoteControl - DEBUG - Playback paused or not playing, waiting...
2025-12-19 02:45:57,087 - EyeRemoteControl - DEBUG - Playback paused or not playing, waiting...
2025-12-19 02:45:57,194 - EyeRemoteControl - DEBUG - Playback paused or not playing, waiting...
2025-12-19 02:45:57,295 - EyeRemoteControl - DEBUG - Playback paused or not playing, waiting...
2025-12-19 02:45:57,396 - EyeRemoteControl - DEBUG - Playback paused or not playing, waiting...
2025-12-19 02:45:57,497 - EyeRemoteControl - DEBUG - Playback paused or not playing, waiting...
2025-12-19 02:45:57,599 - EyeRemoteControl - DEBUG - Playback paused or not playing, waiting...
2025-12-19 02:45:57,702 - EyeRemoteControl - DEBUG - Playback paused or not playing, waiting...
2025-12-19 02:45:57,807 - EyeRemoteControl - DEBUG - Playback paused or not playing, waiting...
2025-12-19 02:45:57,912 - EyeRemoteControl - DEBUG - Playback paused or not playing, waiting...
2025-12-19 02:45:58,013 - EyeRemoteControl - DEBUG - Playback paused or not playing, waiting...
2025-12-19 02:45:58,115 - EyeRemoteControl - DEBUG - Playback paused or not playing, waiting...
2025-12-19 02:45:58,221 - EyeRemoteControl - DEBUG - Playback paused or not playing, waiting...
2025-12-19 02:45:58,323 - EyeRemoteControl - DEBUG - Playback paused or not playing, waiting...
2025-12-19 02:45:58,424 - EyeRemoteControl - DEBUG - Playback paused or not playing, waiting...
2025-12-19 02:45:58,525 - EyeRemoteControl - DEBUG - Playback paused or not playing, waiting...
2025-12-19 02:45:58,626 - EyeRemoteControl - DEBUG - Playback paused or not playing, waiting...
2025-12-19 02:45:58,726 - EyeRemoteControl - DEBUG - Playback paused or not playing, waiting...
2025-12-19 02:45:58,827 - EyeRemoteControl - DEBUG - Playback paused or not playing, waiting...
2025-12-19 02:45:58,927 - EyeRemoteControl - DEBUG - Playback paused or not playing, waiting...
2025-12-19 02:45:58,971 - EyeRemoteControl - DEBUG - Command detected: play
2025-12-19 02:46:02,939 - EyeRemoteControl - DEBUG - Command detected: pause
2025-12-19 02:46:02,944 - EyeRemoteControl - DEBUG - Pausing playback for video: /home/pi/oceans.mp4
2025-12-19 02:46:02,964 - EyeRemoteControl - DEBUG - Playback paused or not playing, waiting...
2025-12-19 02:46:03,067 - EyeRemoteControl - DEBUG - Playback paused or not playing, waiting...
2025-12-19 02:46:03,168 - EyeRemoteControl - DEBUG - Playback paused or not playing, waiting...
2025-12-19 02:46:03,271 - EyeRemoteControl - DEBUG - Playback paused or not playing, waiting...
2025-12-19 02:46:03,377 - EyeRemoteControl - DEBUG - Playback paused or not playing, waiting...
2025-12-19 02:46:03,479 - EyeRemoteControl - DEBUG - Playback paused or not playing, waiting...
2025-12-19 02:46:03,579 - EyeRemoteControl - DEBUG - Playback paused or not playing, waiting...
2025-12-19 02:46:03,683 - EyeRemoteControl - DEBUG - Playback paused or not playing, waiting...
2025-12-19 02:46:03,785 - EyeRemoteControl - DEBUG - Playback paused or not playing, waiting...
2025-12-19 02:46:03,891 - EyeRemoteControl - DEBUG - Playback paused or not playing, waiting...
2025-12-19 02:46:03,992 - EyeRemoteControl - DEBUG - Playback paused or not playing, waiting...
2025-12-19 02:46:04,093 - EyeRemoteControl - DEBUG - Playback paused or not playing, waiting...
2025-12-19 02:46:04,194 - EyeRemoteControl - DEBUG - Playback paused or not playing, waiting...
2025-12-19 02:46:04,295 - EyeRemoteControl - DEBUG - Playback paused or not playing, waiting...
2025-12-19 02:46:04,397 - EyeRemoteControl - DEBUG - Playback paused or not playing, waiting...
2025-12-19 02:46:04,501 - EyeRemoteControl - DEBUG - Playback paused or not playing, waiting...
2025-12-19 02:46:04,602 - EyeRemoteControl - DEBUG - Playback paused or not playing, waiting...
2025-12-19 02:46:04,703 - EyeRemoteControl - DEBUG - Playback paused or not playing, waiting...
2025-12-19 02:46:04,812 - EyeRemoteControl - DEBUG - Playback paused or not playing, waiting...
2025-12-19 02:46:04,913 - EyeRemoteControl - DEBUG - Playback paused or not playing, waiting...
2025-12-19 02:46:05,016 - EyeRemoteControl - DEBUG - Playback paused or not playing, waiting...
2025-12-19 02:46:05,117 - EyeRemoteControl - DEBUG - Playback paused or not playing, waiting...
2025-12-19 02:46:05,219 - EyeRemoteControl - DEBUG - Playback paused or not playing, waiting...
2025-12-19 02:46:05,320 - EyeRemoteControl - DEBUG - Playback paused or not playing, waiting...
2025-12-19 02:46:05,421 - EyeRemoteControl - DEBUG - Playback paused or not playing, waiting...
2025-12-19 02:46:05,522 - EyeRemoteControl - DEBUG - Playback paused or not playing, waiting...
2025-12-19 02:46:05,625 - EyeRemoteControl - DEBUG - Playback paused or not playing, waiting...
2025-12-19 02:46:05,726 - EyeRemoteControl - DEBUG - Playback paused or not playing, waiting...
2025-12-19 02:46:05,827 - EyeRemoteControl - DEBUG - Playback paused or not playing, waiting...
2025-12-19 02:46:05,929 - EyeRemoteControl - DEBUG - Playback paused or not playing, waiting...
2025-12-19 02:46:06,006 - EyeRemoteControl - DEBUG - Command detected: play
2025-12-19 02:46:12,772 - EyeRemoteControl - DEBUG - Command detected: pause
2025-12-19 02:46:12,775 - EyeRemoteControl - DEBUG - Pausing playback for video: /home/pi/oceans.mp4
2025-12-19 02:46:12,783 - EyeRemoteControl - DEBUG - Playback paused or not playing, waiting...
2025-12-19 02:46:12,884 - EyeRemoteControl - DEBUG - Playback paused or not playing, waiting...
2025-12-19 02:46:12,985 - EyeRemoteControl - DEBUG - Playback paused or not playing, waiting...
2025-12-19 02:46:13,094 - EyeRemoteControl - DEBUG - Playback paused or not playing, waiting...
2025-12-19 02:46:13,195 - EyeRemoteControl - DEBUG - Playback paused or not playing, waiting...
2025-12-19 02:46:13,296 - EyeRemoteControl - DEBUG - Playback paused or not playing, waiting...
2025-12-19 02:46:13,405 - EyeRemoteControl - DEBUG - Playback paused or not playing, waiting...
2025-12-19 02:46:13,507 - EyeRemoteControl - DEBUG - Playback paused or not playing, waiting...
2025-12-19 02:46:13,610 - EyeRemoteControl - DEBUG - Playback paused or not playing, waiting...
2025-12-19 02:46:13,719 - EyeRemoteControl - DEBUG - Playback paused or not playing, waiting...
2025-12-19 02:46:13,821 - EyeRemoteControl - DEBUG - Playback paused or not playing, waiting...
2025-12-19 02:46:13,927 - EyeRemoteControl - DEBUG - Playback paused or not playing, waiting...
2025-12-19 02:46:14,029 - EyeRemoteControl - DEBUG - Playback paused or not playing, waiting...
2025-12-19 02:46:14,045 - EyeRemoteControl - DEBUG - Command detected: play
2025-12-19 02:46:21,713 - EyeRemoteControl - DEBUG - Playback finished
2025-12-19 02:46:21,717 - EyeRemoteControl - DEBUG - Stopping playback for video: /home/pi/oceans.mp4
2025-12-19 02:46:21,818 - EyeRemoteControl - DEBUG - Attempting to load video: /home/pi/111.mp4
2025-12-19 02:46:21,818 - EyeRemoteControl - DEBUG - Releasing video capture
2025-12-19 02:46:21,860 - EyeRemoteControl - DEBUG - Successfully loaded video: /home/pi/111.mp4, total frames: 258
2025-12-19 02:46:24,690 - EyeRemoteControl - DEBUG - Command detected: pause
2025-12-19 02:46:24,692 - EyeRemoteControl - DEBUG - Pausing playback for video: /home/pi/111.mp4
2025-12-19 02:46:24,703 - EyeRemoteControl - DEBUG - Playback paused or not playing, waiting...
2025-12-19 02:46:24,804 - EyeRemoteControl - DEBUG - Playback paused or not playing, waiting...
2025-12-19 02:46:24,905 - EyeRemoteControl - DEBUG - Playback paused or not playing, waiting...
2025-12-19 02:46:25,006 - EyeRemoteControl - DEBUG - Playback paused or not playing, waiting...
2025-12-19 02:46:25,107 - EyeRemoteControl - DEBUG - Playback paused or not playing, waiting...
2025-12-19 02:46:25,208 - EyeRemoteControl - DEBUG - Playback paused or not playing, waiting...
2025-12-19 02:46:25,311 - EyeRemoteControl - DEBUG - Playback paused or not playing, waiting...
2025-12-19 02:46:25,412 - EyeRemoteControl - DEBUG - Playback paused or not playing, waiting...
2025-12-19 02:46:25,516 - EyeRemoteControl - DEBUG - Playback paused or not playing, waiting...
2025-12-19 02:46:25,617 - EyeRemoteControl - DEBUG - Playback paused or not playing, waiting...
2025-12-19 02:46:25,720 - EyeRemoteControl - DEBUG - Playback paused or not playing, waiting...
2025-12-19 02:46:25,821 - EyeRemoteControl - DEBUG - Playback paused or not playing, waiting...
2025-12-19 02:46:25,922 - EyeRemoteControl - DEBUG - Playback paused or not playing, waiting...
2025-12-19 02:46:26,023 - EyeRemoteControl - DEBUG - Playback paused or not playing, waiting...
2025-12-19 02:46:26,124 - EyeRemoteControl - DEBUG - Playback paused or not playing, waiting...
2025-12-19 02:46:26,225 - EyeRemoteControl - DEBUG - Playback paused or not playing, waiting...
2025-12-19 02:46:26,327 - EyeRemoteControl - DEBUG - Playback paused or not playing, waiting...
2025-12-19 02:46:26,428 - EyeRemoteControl - DEBUG - Playback paused or not playing, waiting...
2025-12-19 02:46:26,531 - EyeRemoteControl - DEBUG - Playback paused or not playing, waiting...
2025-12-19 02:46:26,632 - EyeRemoteControl - DEBUG - Playback paused or not playing, waiting...
2025-12-19 02:46:26,733 - EyeRemoteControl - DEBUG - Playback paused or not playing, waiting...
2025-12-19 02:46:26,834 - EyeRemoteControl - DEBUG - Playback paused or not playing, waiting...
2025-12-19 02:46:26,935 - EyeRemoteControl - DEBUG - Playback paused or not playing, waiting...
2025-12-19 02:46:27,041 - EyeRemoteControl - DEBUG - Playback paused or not playing, waiting...
2025-12-19 02:46:27,142 - EyeRemoteControl - DEBUG - Playback paused or not playing, waiting...
2025-12-19 02:46:27,243 - EyeRemoteControl - DEBUG - Playback paused or not playing, waiting...
2025-12-19 02:46:27,346 - EyeRemoteControl - DEBUG - Playback paused or not playing, waiting...
2025-12-19 02:46:27,447 - EyeRemoteControl - DEBUG - Playback paused or not playing, waiting...
2025-12-19 02:46:27,548 - EyeRemoteControl - DEBUG - Playback paused or not playing, waiting...
2025-12-19 02:46:27,649 - EyeRemoteControl - DEBUG - Playback paused or not playing, waiting...
2025-12-19 02:46:27,754 - EyeRemoteControl - DEBUG - Playback paused or not playing, waiting...
2025-12-19 02:46:27,861 - EyeRemoteControl - DEBUG - Playback paused or not playing, waiting...
2025-12-19 02:46:27,963 - EyeRemoteControl - DEBUG - Playback paused or not playing, waiting...
2025-12-19 02:46:28,064 - EyeRemoteControl - DEBUG - Playback paused or not playing, waiting...
2025-12-19 02:46:28,165 - EyeRemoteControl - DEBUG - Playback paused or not playing, waiting...
2025-12-19 02:46:28,267 - EyeRemoteControl - DEBUG - Playback paused or not playing, waiting...
2025-12-19 02:46:28,367 - EyeRemoteControl - DEBUG - Playback paused or not playing, waiting...
2025-12-19 02:46:28,470 - EyeRemoteControl - DEBUG - Playback paused or not playing, waiting...
2025-12-19 02:46:28,571 - EyeRemoteControl - DEBUG - Playback paused or not playing, waiting...
2025-12-19 02:46:28,663 - EyeRemoteControl - DEBUG - Command detected: play
2025-12-19 02:46:29,978 - EyeRemoteControl - DEBUG - Command detected: pause
2025-12-19 02:46:29,981 - EyeRemoteControl - DEBUG - Pausing playback for video: /home/pi/111.mp4
2025-12-19 02:46:30,030 - EyeRemoteControl - DEBUG - Playback paused or not playing, waiting...
2025-12-19 02:46:30,136 - EyeRemoteControl - DEBUG - Playback paused or not playing, waiting...
2025-12-19 02:46:30,238 - EyeRemoteControl - DEBUG - Playback paused or not playing, waiting...
2025-12-19 02:46:30,350 - EyeRemoteControl - DEBUG - Playback paused or not playing, waiting...
2025-12-19 02:46:30,455 - EyeRemoteControl - DEBUG - Playback paused or not playing, waiting...
2025-12-19 02:46:30,556 - EyeRemoteControl - DEBUG - Playback paused or not playing, waiting...
2025-12-19 02:46:30,660 - EyeRemoteControl - DEBUG - Playback paused or not playing, waiting...
2025-12-19 02:46:30,763 - EyeRemoteControl - DEBUG - Playback paused or not playing, waiting...
2025-12-19 02:46:30,864 - EyeRemoteControl - DEBUG - Playback paused or not playing, waiting...
2025-12-19 02:46:30,965 - EyeRemoteControl - DEBUG - Playback paused or not playing, waiting...
2025-12-19 02:46:31,072 - EyeRemoteControl - DEBUG - Playback paused or not playing, waiting...
2025-12-19 02:46:31,173 - EyeRemoteControl - DEBUG - Playback paused or not playing, waiting...
2025-12-19 02:46:31,274 - EyeRemoteControl - DEBUG - Playback paused or not playing, waiting...
2025-12-19 02:46:31,375 - EyeRemoteControl - DEBUG - Playback paused or not playing, waiting...
2025-12-19 02:46:31,484 - EyeRemoteControl - DEBUG - Playback paused or not playing, waiting...
2025-12-19 02:46:31,586 - EyeRemoteControl - DEBUG - Playback paused or not playing, waiting...
2025-12-19 02:46:31,688 - EyeRemoteControl - DEBUG - Playback paused or not playing, waiting...
2025-12-19 02:46:31,789 - EyeRemoteControl - DEBUG - Playback paused or not playing, waiting...
2025-12-19 02:46:31,890 - EyeRemoteControl - DEBUG - Playback paused or not playing, waiting...
2025-12-19 02:46:31,991 - EyeRemoteControl - DEBUG - Playback paused or not playing, waiting...
2025-12-19 02:46:32,093 - EyeRemoteControl - DEBUG - Playback paused or not playing, waiting...
2025-12-19 02:46:32,194 - EyeRemoteControl - DEBUG - Playback paused or not playing, waiting...
2025-12-19 02:46:32,298 - EyeRemoteControl - DEBUG - Playback paused or not playing, waiting...
2025-12-19 02:46:32,399 - EyeRemoteControl - DEBUG - Playback paused or not playing, waiting...
2025-12-19 02:46:32,500 - EyeRemoteControl - DEBUG - Playback paused or not playing, waiting...
2025-12-19 02:46:32,601 - EyeRemoteControl - DEBUG - Playback paused or not playing, waiting...
2025-12-19 02:46:32,702 - EyeRemoteControl - DEBUG - Playback paused or not playing, waiting...
2025-12-19 02:46:32,806 - EyeRemoteControl - DEBUG - Playback paused or not playing, waiting...
2025-12-19 02:46:32,907 - EyeRemoteControl - DEBUG - Playback paused or not playing, waiting...
2025-12-19 02:46:33,012 - EyeRemoteControl - DEBUG - Playback paused or not playing, waiting...
2025-12-19 02:46:33,113 - EyeRemoteControl - DEBUG - Playback paused or not playing, waiting...
2025-12-19 02:46:33,222 - EyeRemoteControl - DEBUG - Playback paused or not playing, waiting...
2025-12-19 02:46:33,323 - EyeRemoteControl - DEBUG - Playback paused or not playing, waiting...
2025-12-19 02:46:33,424 - EyeRemoteControl - DEBUG - Playback paused or not playing, waiting...
2025-12-19 02:46:33,526 - EyeRemoteControl - DEBUG - Playback paused or not playing, waiting...
2025-12-19 02:46:33,627 - EyeRemoteControl - DEBUG - Playback paused or not playing, waiting...
2025-12-19 02:46:33,672 - EyeRemoteControl - DEBUG - Command detected: play
2025-12-19 02:46:36,004 - EyeRemoteControl - DEBUG - Command detected: pause
2025-12-19 02:46:36,007 - EyeRemoteControl - DEBUG - Pausing playback for video: /home/pi/111.mp4
2025-12-19 02:46:36,021 - EyeRemoteControl - DEBUG - Playback paused or not playing, waiting...
2025-12-19 02:46:36,122 - EyeRemoteControl - DEBUG - Playback paused or not playing, waiting...
2025-12-19 02:46:36,223 - EyeRemoteControl - DEBUG - Playback paused or not playing, waiting...
2025-12-19 02:46:36,324 - EyeRemoteControl - DEBUG - Playback paused or not playing, waiting...
2025-12-19 02:46:36,424 - EyeRemoteControl - DEBUG - Playback paused or not playing, waiting...
2025-12-19 02:46:36,526 - EyeRemoteControl - DEBUG - Playback paused or not playing, waiting...
2025-12-19 02:46:36,635 - EyeRemoteControl - DEBUG - Playback paused or not playing, waiting...
2025-12-19 02:46:36,735 - EyeRemoteControl - DEBUG - Playback paused or not playing, waiting...
2025-12-19 02:46:36,836 - EyeRemoteControl - DEBUG - Playback paused or not playing, waiting...
2025-12-19 02:46:36,940 - EyeRemoteControl - DEBUG - Playback paused or not playing, waiting...
2025-12-19 02:46:37,041 - EyeRemoteControl - DEBUG - Playback paused or not playing, waiting...
2025-12-19 02:46:37,142 - EyeRemoteControl - DEBUG - Playback paused or not playing, waiting...
2025-12-19 02:46:37,243 - EyeRemoteControl - DEBUG - Playback paused or not playing, waiting...
2025-12-19 02:46:37,345 - EyeRemoteControl - DEBUG - Playback paused or not playing, waiting...
2025-12-19 02:46:37,445 - EyeRemoteControl - DEBUG - Playback paused or not playing, waiting...
2025-12-19 02:46:37,547 - EyeRemoteControl - DEBUG - Playback paused or not playing, waiting...
2025-12-19 02:46:37,647 - EyeRemoteControl - DEBUG - Playback paused or not playing, waiting...
2025-12-19 02:46:37,680 - EyeRemoteControl - DEBUG - Command detected: play
2025-12-19 02:46:40,414 - EyeRemoteControl - DEBUG - Command detected: pause
2025-12-19 02:46:40,415 - EyeRemoteControl - DEBUG - Pausing playback for video: /home/pi/111.mp4
2025-12-19 02:46:40,426 - EyeRemoteControl - DEBUG - Playback paused or not playing, waiting...
2025-12-19 02:46:40,527 - EyeRemoteControl - DEBUG - Playback paused or not playing, waiting...
2025-12-19 02:46:40,627 - EyeRemoteControl - DEBUG - Playback paused or not playing, waiting...
2025-12-19 02:46:40,728 - EyeRemoteControl - DEBUG - Playback paused or not playing, waiting...
2025-12-19 02:46:40,839 - EyeRemoteControl - DEBUG - Playback paused or not playing, waiting...
2025-12-19 02:46:40,940 - EyeRemoteControl - DEBUG - Playback paused or not playing, waiting...
2025-12-19 02:46:41,041 - EyeRemoteControl - DEBUG - Playback paused or not playing, waiting...
2025-12-19 02:46:41,143 - EyeRemoteControl - DEBUG - Playback paused or not playing, waiting...
2025-12-19 02:46:41,244 - EyeRemoteControl - DEBUG - Playback paused or not playing, waiting...
2025-12-19 02:46:41,345 - EyeRemoteControl - DEBUG - Playback paused or not playing, waiting...
2025-12-19 02:46:41,453 - EyeRemoteControl - DEBUG - Playback paused or not playing, waiting...
2025-12-19 02:46:41,554 - EyeRemoteControl - DEBUG - Playback paused or not playing, waiting...
2025-12-19 02:46:41,655 - EyeRemoteControl - DEBUG - Playback paused or not playing, waiting...
2025-12-19 02:46:41,755 - EyeRemoteControl - DEBUG - Playback paused or not playing, waiting...
2025-12-19 02:46:41,860 - EyeRemoteControl - DEBUG - Playback paused or not playing, waiting...
2025-12-19 02:46:41,961 - EyeRemoteControl - DEBUG - Playback paused or not playing, waiting...
2025-12-19 02:46:42,028 - EyeRemoteControl - DEBUG - Command detected: play
2025-12-19 02:46:44,639 - EyeRemoteControl - DEBUG - Command detected: pause
2025-12-19 02:46:44,641 - EyeRemoteControl - DEBUG - Pausing playback for video: /home/pi/111.mp4
2025-12-19 02:46:44,655 - EyeRemoteControl - DEBUG - Playback paused or not playing, waiting...
2025-12-19 02:46:44,756 - EyeRemoteControl - DEBUG - Playback paused or not playing, waiting...
2025-12-19 02:46:44,857 - EyeRemoteControl - DEBUG - Playback paused or not playing, waiting...
2025-12-19 02:46:44,958 - EyeRemoteControl - DEBUG - Playback paused or not playing, waiting...
2025-12-19 02:46:45,059 - EyeRemoteControl - DEBUG - Playback paused or not playing, waiting...
2025-12-19 02:46:45,160 - EyeRemoteControl - DEBUG - Playback paused or not playing, waiting...
2025-12-19 02:46:45,261 - EyeRemoteControl - DEBUG - Playback paused or not playing, waiting...
2025-12-19 02:46:45,363 - EyeRemoteControl - DEBUG - Playback paused or not playing, waiting...
2025-12-19 02:46:45,464 - EyeRemoteControl - DEBUG - Playback paused or not playing, waiting...
2025-12-19 02:46:45,565 - EyeRemoteControl - DEBUG - Playback paused or not playing, waiting...
2025-12-19 02:46:45,666 - EyeRemoteControl - DEBUG - Playback paused or not playing, waiting...
2025-12-19 02:46:45,767 - EyeRemoteControl - DEBUG - Playback paused or not playing, waiting...
2025-12-19 02:46:45,869 - EyeRemoteControl - DEBUG - Playback paused or not playing, waiting...
2025-12-19 02:46:45,972 - EyeRemoteControl - DEBUG - Playback paused or not playing, waiting...
2025-12-19 02:46:46,072 - EyeRemoteControl - DEBUG - Playback paused or not playing, waiting...
2025-12-19 02:46:46,173 - EyeRemoteControl - DEBUG - Playback paused or not playing, waiting...
2025-12-19 02:46:46,276 - EyeRemoteControl - DEBUG - Playback paused or not playing, waiting...
2025-12-19 02:46:46,377 - EyeRemoteControl - DEBUG - Playback paused or not playing, waiting...
2025-12-19 02:46:46,478 - EyeRemoteControl - DEBUG - Playback paused or not playing, waiting...
2025-12-19 02:46:46,581 - EyeRemoteControl - DEBUG - Playback paused or not playing, waiting...
2025-12-19 02:46:46,683 - EyeRemoteControl - DEBUG - Playback paused or not playing, waiting...
2025-12-19 02:46:46,784 - EyeRemoteControl - DEBUG - Playback paused or not playing, waiting...
2025-12-19 02:46:46,885 - EyeRemoteControl - DEBUG - Playback paused or not playing, waiting...
2025-12-19 02:46:46,992 - EyeRemoteControl - DEBUG - Playback paused or not playing, waiting...
2025-12-19 02:46:47,093 - EyeRemoteControl - DEBUG - Playback paused or not playing, waiting...
2025-12-19 02:46:47,194 - EyeRemoteControl - DEBUG - Playback paused or not playing, waiting...
2025-12-19 02:46:47,246 - EyeRemoteControl - DEBUG - Command detected: play
2025-12-19 02:46:48,321 - EyeRemoteControl - DEBUG - Playback finished (no more frames or error)
2025-12-19 02:46:48,324 - EyeRemoteControl - DEBUG - Stopping playback for video: /home/pi/111.mp4
2025-12-19 02:46:48,425 - EyeRemoteControl - DEBUG - Attempting to load video: /home/pi/oceans.mp4
2025-12-19 02:46:48,425 - EyeRemoteControl - DEBUG - Releasing video capture
2025-12-19 02:46:48,433 - EyeRemoteControl - DEBUG - Successfully loaded video: /home/pi/oceans.mp4, total frames: 1116
2025-12-19 02:46:53,286 - EyeRemoteControl - DEBUG - Command detected: pause
2025-12-19 02:46:53,289 - EyeRemoteControl - DEBUG - Pausing playback for video: /home/pi/oceans.mp4
2025-12-19 02:46:53,298 - EyeRemoteControl - DEBUG - Playback paused or not playing, waiting...
2025-12-19 02:46:53,400 - EyeRemoteControl - DEBUG - Playback paused or not playing, waiting...
2025-12-19 02:46:53,501 - EyeRemoteControl - DEBUG - Playback paused or not playing, waiting...
2025-12-19 02:46:53,602 - EyeRemoteControl - DEBUG - Playback paused or not playing, waiting...
2025-12-19 02:46:53,703 - EyeRemoteControl - DEBUG - Playback paused or not playing, waiting...
2025-12-19 02:46:53,804 - EyeRemoteControl - DEBUG - Playback paused or not playing, waiting...
2025-12-19 02:46:53,907 - EyeRemoteControl - DEBUG - Playback paused or not playing, waiting...
2025-12-19 02:46:54,008 - EyeRemoteControl - DEBUG - Playback paused or not playing, waiting...
2025-12-19 02:46:54,109 - EyeRemoteControl - DEBUG - Playback paused or not playing, waiting...
2025-12-19 02:46:54,210 - EyeRemoteControl - DEBUG - Playback paused or not playing, waiting...
2025-12-19 02:46:54,311 - EyeRemoteControl - DEBUG - Playback paused or not playing, waiting...
2025-12-19 02:46:54,368 - EyeRemoteControl - DEBUG - Command detected: play
2025-12-19 02:46:55,437 - EyeRemoteControl - DEBUG - Command detected: pause
2025-12-19 02:46:55,439 - EyeRemoteControl - DEBUG - Pausing playback for video: /home/pi/oceans.mp4
2025-12-19 02:46:55,441 - EyeRemoteControl - DEBUG - Playback paused or not playing, waiting...
2025-12-19 02:46:55,542 - EyeRemoteControl - DEBUG - Playback paused or not playing, waiting...
2025-12-19 02:46:55,643 - EyeRemoteControl - DEBUG - Playback paused or not playing, waiting...
2025-12-19 02:46:55,744 - EyeRemoteControl - DEBUG - Playback paused or not playing, waiting...
2025-12-19 02:46:55,846 - EyeRemoteControl - DEBUG - Playback paused or not playing, waiting...
2025-12-19 02:46:55,947 - EyeRemoteControl - DEBUG - Playback paused or not playing, waiting...
2025-12-19 02:46:56,048 - EyeRemoteControl - DEBUG - Playback paused or not playing, waiting...
2025-12-19 02:46:56,149 - EyeRemoteControl - DEBUG - Playback paused or not playing, waiting...
2025-12-19 02:46:56,252 - EyeRemoteControl - DEBUG - Playback paused or not playing, waiting...
2025-12-19 02:46:56,354 - EyeRemoteControl - DEBUG - Playback paused or not playing, waiting...
2025-12-19 02:46:56,455 - EyeRemoteControl - DEBUG - Playback paused or not playing, waiting...
2025-12-19 02:46:56,556 - EyeRemoteControl - DEBUG - Playback paused or not playing, waiting...
2025-12-19 02:46:56,656 - EyeRemoteControl - DEBUG - Playback paused or not playing, waiting...
2025-12-19 02:46:56,757 - EyeRemoteControl - DEBUG - Playback paused or not playing, waiting...
2025-12-19 02:46:56,857 - EyeRemoteControl - DEBUG - Playback paused or not playing, waiting...
2025-12-19 02:46:56,958 - EyeRemoteControl - DEBUG - Playback paused or not playing, waiting...
2025-12-19 02:46:57,058 - EyeRemoteControl - DEBUG - Playback paused or not playing, waiting...
2025-12-19 02:46:57,160 - EyeRemoteControl - DEBUG - Playback paused or not playing, waiting...
2025-12-19 02:46:57,262 - EyeRemoteControl - DEBUG - Playback paused or not playing, waiting...
2025-12-19 02:46:57,338 - EyeRemoteControl - DEBUG - Stopping camera capture...
2025-12-19 02:46:57,363 - EyeRemoteControl - DEBUG - Playback paused or not playing, waiting...
2025-12-19 02:46:57,397 - EyeRemoteControl - DEBUG - Releasing camera capture
2025-12-19 02:46:57,419 - EyeRemoteControl - DEBUG - Shutting down video player thread
2025-12-19 02:46:57,464 - EyeRemoteControl - DEBUG - Releasing video capture
2025-12-19 02:46:57,469 - EyeRemoteControl - DEBUG - Video player thread exited
